[ 2015-11-29T10:43:15+08:00 ] ::1 /cmf/admin
INFO: [ app_init ] --START--
INFO: Run Behavior\BuildLiteBehavior [ RunTime:0.000116s ]
INFO: [ app_init ] --END-- [ RunTime:0.000987s ]
INFO: [ app_begin ] --START--
INFO: Run Behavior\ReadHtmlCacheBehavior [ RunTime:0.000736s ]
INFO: [ app_begin ] --END-- [ RunTime:0.001353s ]
NOTIC: [8] A session had already been started - ignoring session_start() C:\wamp\www\cmf\Application\Home\Controller\Base.class.php 第 8 行.
NOTIC: [8] Undefined index: db_host C:\wamp\www\cmf\ThinkPHP\Library\Think\Db.class.php 第 66 行.
NOTIC: [8] Undefined index: db_name C:\wamp\www\cmf\ThinkPHP\Library\Think\Db.class.php 第 68 行.
SQL: SHOW COLUMNS FROM `tbl_folder` [ RunTime:0.0076s ]
SQL: SELECT * FROM `tbl_folder` ORDER BY `order` desc  [ RunTime:0.0004s ]
INFO: [ view_parse ] --START--
INFO: [ template_filter ] --START--
INFO: Run Behavior\ContentReplaceBehavior [ RunTime:0.000243s ]
INFO: [ template_filter ] --END-- [ RunTime:0.000801s ]
INFO: Run Behavior\ParseTemplateBehavior [ RunTime:0.026237s ]
INFO: [ view_parse ] --END-- [ RunTime:0.026881s ]
INFO: [ view_filter ] --START--
INFO: Run Behavior\WriteHtmlCacheBehavior [ RunTime:0.000564s ]
INFO: [ view_filter ] --END-- [ RunTime:0.001086s ]
INFO: [ app_end ] --START--
INFO: Run Behavior\ShowPageTraceBehavior [ RunTime:0.000763s ]
INFO: [ app_end ] --END-- [ RunTime:0.001422s ]

[ 2015-11-29T10:43:16+08:00 ] ::1 /cmf/admin/article
INFO: [ app_init ] --START--
INFO: Run Behavior\BuildLiteBehavior [ RunTime:0.000114s ]
INFO: [ app_init ] --END-- [ RunTime:0.000955s ]
INFO: [ app_begin ] --START--
INFO: Run Behavior\ReadHtmlCacheBehavior [ RunTime:0.000673s ]
INFO: [ app_begin ] --END-- [ RunTime:0.001252s ]
NOTIC: [8] A session had already been started - ignoring session_start() C:\wamp\www\cmf\Application\Home\Controller\Base.class.php 第 8 行.
NOTIC: [8] Undefined index: db_host C:\wamp\www\cmf\ThinkPHP\Library\Think\Db.class.php 第 66 行.
NOTIC: [8] Undefined index: db_name C:\wamp\www\cmf\ThinkPHP\Library\Think\Db.class.php 第 68 行.
SQL: SHOW COLUMNS FROM `tbl_article` [ RunTime:0.0076s ]
SQL: SHOW COLUMNS FROM `tbl_article` [ RunTime:0.0034s ]
SQL: SELECT DISTINCT  COUNT(*) AS tp_count FROM tbl_article a JOIN tbl_article_folder f ON f.article=a.id WHERE ( 1 ) ORDER BY a.updatetime desc LIMIT 1   [ RunTime:0.0004s ]
SQL: SHOW COLUMNS FROM `tbl_article` [ RunTime:0.0043s ]
SQL: SELECT DISTINCT  a.* FROM tbl_article a LEFT JOIN tbl_article_folder f on a.id = f.article WHERE ( 1 ) LIMIT 0,30   [ RunTime:0.0006s ]
SQL: SHOW COLUMNS FROM `tbl_article_folder` [ RunTime:0.0054s ]
SQL: SELECT * FROM `tbl_article_folder` WHERE ( article = 34 )  [ RunTime:0.0004s ]
SQL: SHOW COLUMNS FROM `tbl_article_group` [ RunTime:0.0062s ]
SQL: SELECT * FROM `tbl_article_group` WHERE ( article = 34 )  [ RunTime:0.0003s ]
SQL: SHOW COLUMNS FROM `tbl_article_folder` [ RunTime:0.0038s ]
SQL: SELECT * FROM `tbl_article_folder` WHERE ( article = 37 )  [ RunTime:0.0003s ]
SQL: SHOW COLUMNS FROM `tbl_article_group` [ RunTime:0.0030s ]
SQL: SELECT * FROM `tbl_article_group` WHERE ( article = 37 )  [ RunTime:0.0003s ]
SQL: SHOW COLUMNS FROM `tbl_user` [ RunTime:0.0060s ]
SQL: SELECT * FROM `tbl_user`  [ RunTime:0.0003s ]
SQL: SHOW COLUMNS FROM `tbl_folder` [ RunTime:0.0047s ]
SQL: SELECT * FROM `tbl_folder`  [ RunTime:0.0004s ]
SQL: SHOW COLUMNS FROM `tbl_group` [ RunTime:0.0049s ]
SQL: SELECT * FROM `tbl_group`  [ RunTime:0.0003s ]
SQL: SHOW COLUMNS FROM `tbl_user` [ RunTime:0.0045s ]
SQL: SELECT * FROM `tbl_user` WHERE ( type > 1 )  [ RunTime:0.0004s ]
INFO: [ view_parse ] --START--
INFO: [ template_filter ] --START--
INFO: Run Behavior\ContentReplaceBehavior [ RunTime:0.000269s ]
INFO: [ template_filter ] --END-- [ RunTime:0.000861s ]
NOTIC: [8] Undefined index: comments C:\wamp\www\cmf\Application\Runtime\Cache\Home\4053fbe20704e789253330b79676b603.php 第 77 行.
NOTIC: [8] Undefined offset: 0 C:\wamp\www\cmf\Application\Runtime\Cache\Home\4053fbe20704e789253330b79676b603.php 第 60 行.
NOTIC: [8] Undefined index: comments C:\wamp\www\cmf\Application\Runtime\Cache\Home\4053fbe20704e789253330b79676b603.php 第 77 行.
INFO: Run Behavior\ParseTemplateBehavior [ RunTime:0.062665s ]
INFO: [ view_parse ] --END-- [ RunTime:0.063246s ]
INFO: [ view_filter ] --START--
INFO: Run Behavior\WriteHtmlCacheBehavior [ RunTime:0.000577s ]
INFO: [ view_filter ] --END-- [ RunTime:0.001140s ]
INFO: [ app_end ] --START--
INFO: Run Behavior\ShowPageTraceBehavior [ RunTime:0.000715s ]
INFO: [ app_end ] --END-- [ RunTime:0.001274s ]

[ 2015-11-29T10:43:39+08:00 ] ::1 /cmf/admin/articlemodify?id=37
INFO: [ app_init ] --START--
INFO: Run Behavior\BuildLiteBehavior [ RunTime:0.000119s ]
INFO: [ app_init ] --END-- [ RunTime:0.000956s ]
INFO: [ app_begin ] --START--
INFO: Run Behavior\ReadHtmlCacheBehavior [ RunTime:0.000697s ]
INFO: [ app_begin ] --END-- [ RunTime:0.001261s ]
NOTIC: [8] A session had already been started - ignoring session_start() C:\wamp\www\cmf\Application\Home\Controller\Base.class.php 第 8 行.
NOTIC: [8] Undefined index: db_host C:\wamp\www\cmf\ThinkPHP\Library\Think\Db.class.php 第 66 行.
NOTIC: [8] Undefined index: db_name C:\wamp\www\cmf\ThinkPHP\Library\Think\Db.class.php 第 68 行.
SQL: SHOW COLUMNS FROM `tbl_folder` [ RunTime:0.0066s ]
SQL: SHOW COLUMNS FROM `tbl_article_data` [ RunTime:0.0055s ]
SQL: SELECT * FROM `tbl_article_data` WHERE `id` = 37 LIMIT 1   [ RunTime:0.0003s ]
SQL: SHOW COLUMNS FROM `tbl_article` [ RunTime:0.0059s ]
SQL: SELECT * FROM `tbl_article` WHERE `id` = 37 LIMIT 1   [ RunTime:0.0004s ]
SQL: SHOW COLUMNS FROM `tbl_article_folder` [ RunTime:0.0046s ]
SQL: SELECT * FROM `tbl_article_folder` WHERE `article` = '37'  [ RunTime:0.0003s ]
SQL: SHOW COLUMNS FROM `tbl_article_group` [ RunTime:0.0050s ]
SQL: SELECT * FROM `tbl_article_group` WHERE `article` = '37'  [ RunTime:0.0003s ]
SQL: SHOW COLUMNS FROM `tbl_attachment` [ RunTime:0.0048s ]
SQL: SELECT * FROM `tbl_attachment` WHERE `article` = '37'  [ RunTime:0.0006s ]
SQL: SELECT * FROM `tbl_folder` ORDER BY `order` desc  [ RunTime:0.0004s ]
SQL: SHOW COLUMNS FROM `tbl_group` [ RunTime:0.0051s ]
SQL: SELECT * FROM `tbl_group`  [ RunTime:0.0003s ]
INFO: [ view_parse ] --START--
INFO: [ template_filter ] --START--
INFO: Run Behavior\ContentReplaceBehavior [ RunTime:0.000258s ]
INFO: [ template_filter ] --END-- [ RunTime:0.000830s ]
INFO: Run Behavior\ParseTemplateBehavior [ RunTime:0.075538s ]
INFO: [ view_parse ] --END-- [ RunTime:0.076189s ]
INFO: [ view_filter ] --START--
INFO: Run Behavior\WriteHtmlCacheBehavior [ RunTime:0.000564s ]
INFO: [ view_filter ] --END-- [ RunTime:0.001082s ]
INFO: [ app_end ] --START--
INFO: Run Behavior\ShowPageTraceBehavior [ RunTime:0.000691s ]
INFO: [ app_end ] --END-- [ RunTime:0.001266s ]

[ 2015-11-29T10:43:48+08:00 ] ::1 /cmf/include/dialog/select_images.php?CKEditor=content&CKEditorFuncNum=2&langCode=zh-cn
INFO: [ app_init ] --START--
INFO: Run Behavior\BuildLiteBehavior [ RunTime:0.000159s ]
INFO: [ app_init ] --END-- [ RunTime:0.001502s ]
INFO: [ app_begin ] --START--
INFO: Run Behavior\ReadHtmlCacheBehavior [ RunTime:0.000739s ]
INFO: [ app_begin ] --END-- [ RunTime:0.001321s ]
ERR: 无法加载控制器:Include

[ 2015-11-29T10:46:00+08:00 ] ::1 /cmf/include/dialog/select_images.php?CKEditor=content&CKEditorFuncNum=2&langCode=zh-cn
INFO: [ app_init ] --START--
INFO: Run Behavior\BuildLiteBehavior [ RunTime:0.000178s ]
INFO: [ app_init ] --END-- [ RunTime:0.001199s ]
INFO: [ app_begin ] --START--
INFO: Run Behavior\ReadHtmlCacheBehavior [ RunTime:0.001113s ]
INFO: [ app_begin ] --END-- [ RunTime:0.002018s ]
ERR: 无法加载控制器:Include

[ 2015-11-29T10:50:36+08:00 ] ::1 /cmf/admin
INFO: [ app_init ] --START--
INFO: Run Behavior\BuildLiteBehavior [ RunTime:0.000112s ]
INFO: [ app_init ] --END-- [ RunTime:0.000966s ]
INFO: [ app_begin ] --START--
INFO: Run Behavior\ReadHtmlCacheBehavior [ RunTime:0.000694s ]
INFO: [ app_begin ] --END-- [ RunTime:0.001245s ]
NOTIC: [8] A session had already been started - ignoring session_start() C:\wamp\www\cmf\Application\Home\Controller\Base.class.php 第 8 行.
NOTIC: [8] Undefined index: db_host C:\wamp\www\cmf\ThinkPHP\Library\Think\Db.class.php 第 66 行.
NOTIC: [8] Undefined index: db_name C:\wamp\www\cmf\ThinkPHP\Library\Think\Db.class.php 第 68 行.
SQL: SHOW COLUMNS FROM `tbl_folder` [ RunTime:0.0065s ]
SQL: SELECT * FROM `tbl_folder` ORDER BY `order` desc  [ RunTime:0.0004s ]
INFO: [ view_parse ] --START--
INFO: [ template_filter ] --START--
INFO: Run Behavior\ContentReplaceBehavior [ RunTime:0.000253s ]
INFO: [ template_filter ] --END-- [ RunTime:0.000802s ]
INFO: Run Behavior\ParseTemplateBehavior [ RunTime:0.038862s ]
INFO: [ view_parse ] --END-- [ RunTime:0.039559s ]
INFO: [ view_filter ] --START--
INFO: Run Behavior\WriteHtmlCacheBehavior [ RunTime:0.000836s ]
INFO: [ view_filter ] --END-- [ RunTime:0.001631s ]
INFO: [ app_end ] --START--
INFO: Run Behavior\ShowPageTraceBehavior [ RunTime:0.001065s ]
INFO: [ app_end ] --END-- [ RunTime:0.001879s ]

[ 2015-11-29T10:50:37+08:00 ] ::1 /cmf/admin/article
INFO: [ app_init ] --START--
INFO: Run Behavior\BuildLiteBehavior [ RunTime:0.000167s ]
INFO: [ app_init ] --END-- [ RunTime:0.001417s ]
INFO: [ app_begin ] --START--
INFO: Run Behavior\ReadHtmlCacheBehavior [ RunTime:0.001350s ]
INFO: [ app_begin ] --END-- [ RunTime:0.002340s ]
NOTIC: [8] A session had already been started - ignoring session_start() C:\wamp\www\cmf\Application\Home\Controller\Base.class.php 第 8 行.
NOTIC: [8] Undefined index: db_host C:\wamp\www\cmf\ThinkPHP\Library\Think\Db.class.php 第 66 行.
NOTIC: [8] Undefined index: db_name C:\wamp\www\cmf\ThinkPHP\Library\Think\Db.class.php 第 68 行.
SQL: SHOW COLUMNS FROM `tbl_article` [ RunTime:0.0074s ]
SQL: SHOW COLUMNS FROM `tbl_article` [ RunTime:0.0035s ]
SQL: SELECT DISTINCT  COUNT(*) AS tp_count FROM tbl_article a JOIN tbl_article_folder f ON f.article=a.id WHERE ( 1 ) ORDER BY a.updatetime desc LIMIT 1   [ RunTime:0.0005s ]
SQL: SHOW COLUMNS FROM `tbl_article` [ RunTime:0.0045s ]
SQL: SELECT DISTINCT  a.* FROM tbl_article a LEFT JOIN tbl_article_folder f on a.id = f.article WHERE ( 1 ) LIMIT 0,30   [ RunTime:0.0005s ]
SQL: SHOW COLUMNS FROM `tbl_article_folder` [ RunTime:0.0058s ]
SQL: SELECT * FROM `tbl_article_folder` WHERE ( article = 34 )  [ RunTime:0.0003s ]
SQL: SHOW COLUMNS FROM `tbl_article_group` [ RunTime:0.0049s ]
SQL: SELECT * FROM `tbl_article_group` WHERE ( article = 34 )  [ RunTime:0.0003s ]
SQL: SHOW COLUMNS FROM `tbl_article_folder` [ RunTime:0.0036s ]
SQL: SELECT * FROM `tbl_article_folder` WHERE ( article = 37 )  [ RunTime:0.0004s ]
SQL: SHOW COLUMNS FROM `tbl_article_group` [ RunTime:0.0059s ]
SQL: SELECT * FROM `tbl_article_group` WHERE ( article = 37 )  [ RunTime:0.0003s ]
SQL: SHOW COLUMNS FROM `tbl_user` [ RunTime:0.0049s ]
SQL: SELECT * FROM `tbl_user`  [ RunTime:0.0003s ]
SQL: SHOW COLUMNS FROM `tbl_folder` [ RunTime:0.0046s ]
SQL: SELECT * FROM `tbl_folder`  [ RunTime:0.0003s ]
SQL: SHOW COLUMNS FROM `tbl_group` [ RunTime:0.0046s ]
SQL: SELECT * FROM `tbl_group`  [ RunTime:0.0004s ]
SQL: SHOW COLUMNS FROM `tbl_user` [ RunTime:0.0033s ]
SQL: SELECT * FROM `tbl_user` WHERE ( type > 1 )  [ RunTime:0.0003s ]
INFO: [ view_parse ] --START--
INFO: [ template_filter ] --START--
INFO: Run Behavior\ContentReplaceBehavior [ RunTime:0.000288s ]
INFO: [ template_filter ] --END-- [ RunTime:0.000836s ]
NOTIC: [8] Undefined index: comments C:\wamp\www\cmf\Application\Runtime\Cache\Home\4053fbe20704e789253330b79676b603.php 第 77 行.
NOTIC: [8] Undefined offset: 0 C:\wamp\www\cmf\Application\Runtime\Cache\Home\4053fbe20704e789253330b79676b603.php 第 60 行.
NOTIC: [8] Undefined index: comments C:\wamp\www\cmf\Application\Runtime\Cache\Home\4053fbe20704e789253330b79676b603.php 第 77 行.
INFO: Run Behavior\ParseTemplateBehavior [ RunTime:0.043615s ]
INFO: [ view_parse ] --END-- [ RunTime:0.044224s ]
INFO: [ view_filter ] --START--
INFO: Run Behavior\WriteHtmlCacheBehavior [ RunTime:0.000556s ]
INFO: [ view_filter ] --END-- [ RunTime:0.001259s ]
INFO: [ app_end ] --START--
INFO: Run Behavior\ShowPageTraceBehavior [ RunTime:0.001107s ]
INFO: [ app_end ] --END-- [ RunTime:0.002112s ]

[ 2015-11-29T10:50:39+08:00 ] ::1 /cmf/admin/articlemodify?id=37
INFO: [ app_init ] --START--
INFO: Run Behavior\BuildLiteBehavior [ RunTime:0.000163s ]
INFO: [ app_init ] --END-- [ RunTime:0.001357s ]
INFO: [ app_begin ] --START--
INFO: Run Behavior\ReadHtmlCacheBehavior [ RunTime:0.001534s ]
INFO: [ app_begin ] --END-- [ RunTime:0.002501s ]
NOTIC: [8] A session had already been started - ignoring session_start() C:\wamp\www\cmf\Application\Home\Controller\Base.class.php 第 8 行.
NOTIC: [8] Undefined index: db_host C:\wamp\www\cmf\ThinkPHP\Library\Think\Db.class.php 第 66 行.
NOTIC: [8] Undefined index: db_name C:\wamp\www\cmf\ThinkPHP\Library\Think\Db.class.php 第 68 行.
SQL: SHOW COLUMNS FROM `tbl_folder` [ RunTime:0.0083s ]
SQL: SHOW COLUMNS FROM `tbl_article_data` [ RunTime:0.0097s ]
SQL: SELECT * FROM `tbl_article_data` WHERE `id` = 37 LIMIT 1   [ RunTime:0.0005s ]
SQL: SHOW COLUMNS FROM `tbl_article` [ RunTime:0.0129s ]
SQL: SELECT * FROM `tbl_article` WHERE `id` = 37 LIMIT 1   [ RunTime:0.0013s ]
SQL: SHOW COLUMNS FROM `tbl_article_folder` [ RunTime:0.0134s ]
SQL: SELECT * FROM `tbl_article_folder` WHERE `article` = '37'  [ RunTime:0.0009s ]
SQL: SHOW COLUMNS FROM `tbl_article_group` [ RunTime:0.0202s ]
SQL: SELECT * FROM `tbl_article_group` WHERE `article` = '37'  [ RunTime:0.0015s ]
SQL: SHOW COLUMNS FROM `tbl_attachment` [ RunTime:0.0215s ]
SQL: SELECT * FROM `tbl_attachment` WHERE `article` = '37'  [ RunTime:0.0013s ]
SQL: SELECT * FROM `tbl_folder` ORDER BY `order` desc  [ RunTime:0.0011s ]
SQL: SHOW COLUMNS FROM `tbl_group` [ RunTime:0.0147s ]
SQL: SELECT * FROM `tbl_group`  [ RunTime:0.0015s ]
INFO: [ view_parse ] --START--
INFO: [ template_filter ] --START--
INFO: Run Behavior\ContentReplaceBehavior [ RunTime:0.000709s ]
INFO: [ template_filter ] --END-- [ RunTime:0.002203s ]
INFO: Run Behavior\ParseTemplateBehavior [ RunTime:0.164800s ]
INFO: [ view_parse ] --END-- [ RunTime:0.166266s ]
INFO: [ view_filter ] --START--
INFO: Run Behavior\WriteHtmlCacheBehavior [ RunTime:0.000993s ]
INFO: [ view_filter ] --END-- [ RunTime:0.001895s ]
INFO: [ app_end ] --START--
INFO: Run Behavior\ShowPageTraceBehavior [ RunTime:0.001145s ]
INFO: [ app_end ] --END-- [ RunTime:0.002036s ]

[ 2015-11-29T10:51:39+08:00 ] ::1 /cmf/admin
INFO: [ app_init ] --START--
INFO: Run Behavior\BuildLiteBehavior [ RunTime:0.000261s ]
INFO: [ app_init ] --END-- [ RunTime:0.001688s ]
INFO: [ app_begin ] --START--
INFO: Run Behavior\ReadHtmlCacheBehavior [ RunTime:0.000758s ]
INFO: [ app_begin ] --END-- [ RunTime:0.001524s ]
NOTIC: [8] A session had already been started - ignoring session_start() C:\wamp\www\cmf\Application\Home\Controller\Base.class.php 第 8 行.
NOTIC: [8] Undefined index: db_host C:\wamp\www\cmf\ThinkPHP\Library\Think\Db.class.php 第 66 行.
NOTIC: [8] Undefined index: db_name C:\wamp\www\cmf\ThinkPHP\Library\Think\Db.class.php 第 68 行.
SQL: SHOW COLUMNS FROM `tbl_folder` [ RunTime:0.0094s ]
SQL: SELECT * FROM `tbl_folder` ORDER BY `order` desc  [ RunTime:0.0004s ]
INFO: [ view_parse ] --START--
INFO: [ template_filter ] --START--
INFO: Run Behavior\ContentReplaceBehavior [ RunTime:0.000278s ]
INFO: [ template_filter ] --END-- [ RunTime:0.000826s ]
INFO: Run Behavior\ParseTemplateBehavior [ RunTime:0.036404s ]
INFO: [ view_parse ] --END-- [ RunTime:0.036957s ]
INFO: [ view_filter ] --START--
INFO: Run Behavior\WriteHtmlCacheBehavior [ RunTime:0.000878s ]
INFO: [ view_filter ] --END-- [ RunTime:0.001758s ]
INFO: [ app_end ] --START--
INFO: Run Behavior\ShowPageTraceBehavior [ RunTime:0.001083s ]
INFO: [ app_end ] --END-- [ RunTime:0.001859s ]

[ 2015-11-29T10:51:39+08:00 ] ::1 /cmf/admin/article
INFO: [ app_init ] --START--
INFO: Run Behavior\BuildLiteBehavior [ RunTime:0.000113s ]
INFO: [ app_init ] --END-- [ RunTime:0.000931s ]
INFO: [ app_begin ] --START--
INFO: Run Behavior\ReadHtmlCacheBehavior [ RunTime:0.000656s ]
INFO: [ app_begin ] --END-- [ RunTime:0.001271s ]
NOTIC: [8] A session had already been started - ignoring session_start() C:\wamp\www\cmf\Application\Home\Controller\Base.class.php 第 8 行.
NOTIC: [8] Undefined index: db_host C:\wamp\www\cmf\ThinkPHP\Library\Think\Db.class.php 第 66 行.
NOTIC: [8] Undefined index: db_name C:\wamp\www\cmf\ThinkPHP\Library\Think\Db.class.php 第 68 行.
SQL: SHOW COLUMNS FROM `tbl_article` [ RunTime:0.0077s ]
SQL: SHOW COLUMNS FROM `tbl_article` [ RunTime:0.0036s ]
SQL: SELECT DISTINCT  COUNT(*) AS tp_count FROM tbl_article a JOIN tbl_article_folder f ON f.article=a.id WHERE ( 1 ) ORDER BY a.updatetime desc LIMIT 1   [ RunTime:0.0004s ]
SQL: SHOW COLUMNS FROM `tbl_article` [ RunTime:0.0032s ]
SQL: SELECT DISTINCT  a.* FROM tbl_article a LEFT JOIN tbl_article_folder f on a.id = f.article WHERE ( 1 ) LIMIT 0,30   [ RunTime:0.0006s ]
SQL: SHOW COLUMNS FROM `tbl_article_folder` [ RunTime:0.0044s ]
SQL: SELECT * FROM `tbl_article_folder` WHERE ( article = 34 )  [ RunTime:0.0003s ]
SQL: SHOW COLUMNS FROM `tbl_article_group` [ RunTime:0.0041s ]
SQL: SELECT * FROM `tbl_article_group` WHERE ( article = 34 )  [ RunTime:0.0003s ]
SQL: SHOW COLUMNS FROM `tbl_article_folder` [ RunTime:0.0034s ]
SQL: SELECT * FROM `tbl_article_folder` WHERE ( article = 37 )  [ RunTime:0.0003s ]
SQL: SHOW COLUMNS FROM `tbl_article_group` [ RunTime:0.0030s ]
SQL: SELECT * FROM `tbl_article_group` WHERE ( article = 37 )  [ RunTime:0.0003s ]
SQL: SHOW COLUMNS FROM `tbl_user` [ RunTime:0.0072s ]
SQL: SELECT * FROM `tbl_user`  [ RunTime:0.0003s ]
SQL: SHOW COLUMNS FROM `tbl_folder` [ RunTime:0.0031s ]
SQL: SELECT * FROM `tbl_folder`  [ RunTime:0.0003s ]
SQL: SHOW COLUMNS FROM `tbl_group` [ RunTime:0.0052s ]
SQL: SELECT * FROM `tbl_group`  [ RunTime:0.0003s ]
SQL: SHOW COLUMNS FROM `tbl_user` [ RunTime:0.0039s ]
SQL: SELECT * FROM `tbl_user` WHERE ( type > 1 )  [ RunTime:0.0003s ]
INFO: [ view_parse ] --START--
INFO: [ template_filter ] --START--
INFO: Run Behavior\ContentReplaceBehavior [ RunTime:0.000264s ]
INFO: [ template_filter ] --END-- [ RunTime:0.000824s ]
NOTIC: [8] Undefined index: comments C:\wamp\www\cmf\Application\Runtime\Cache\Home\4053fbe20704e789253330b79676b603.php 第 77 行.
NOTIC: [8] Undefined offset: 0 C:\wamp\www\cmf\Application\Runtime\Cache\Home\4053fbe20704e789253330b79676b603.php 第 60 行.
NOTIC: [8] Undefined index: comments C:\wamp\www\cmf\Application\Runtime\Cache\Home\4053fbe20704e789253330b79676b603.php 第 77 行.
INFO: Run Behavior\ParseTemplateBehavior [ RunTime:0.042538s ]
INFO: [ view_parse ] --END-- [ RunTime:0.043130s ]
INFO: [ view_filter ] --START--
INFO: Run Behavior\WriteHtmlCacheBehavior [ RunTime:0.000629s ]
INFO: [ view_filter ] --END-- [ RunTime:0.001200s ]
INFO: [ app_end ] --START--
INFO: Run Behavior\ShowPageTraceBehavior [ RunTime:0.000632s ]
INFO: [ app_end ] --END-- [ RunTime:0.001194s ]

[ 2015-11-29T10:51:41+08:00 ] ::1 /cmf/admin/articlemodify?id=37
INFO: [ app_init ] --START--
INFO: Run Behavior\BuildLiteBehavior [ RunTime:0.000118s ]
INFO: [ app_init ] --END-- [ RunTime:0.001032s ]
INFO: [ app_begin ] --START--
INFO: Run Behavior\ReadHtmlCacheBehavior [ RunTime:0.000699s ]
INFO: [ app_begin ] --END-- [ RunTime:0.001289s ]
NOTIC: [8] A session had already been started - ignoring session_start() C:\wamp\www\cmf\Application\Home\Controller\Base.class.php 第 8 行.
NOTIC: [8] Undefined index: db_host C:\wamp\www\cmf\ThinkPHP\Library\Think\Db.class.php 第 66 行.
NOTIC: [8] Undefined index: db_name C:\wamp\www\cmf\ThinkPHP\Library\Think\Db.class.php 第 68 行.
SQL: SHOW COLUMNS FROM `tbl_folder` [ RunTime:0.0079s ]
SQL: SHOW COLUMNS FROM `tbl_article_data` [ RunTime:0.0073s ]
SQL: SELECT * FROM `tbl_article_data` WHERE `id` = 37 LIMIT 1   [ RunTime:0.0005s ]
SQL: SHOW COLUMNS FROM `tbl_article` [ RunTime:0.0064s ]
SQL: SELECT * FROM `tbl_article` WHERE `id` = 37 LIMIT 1   [ RunTime:0.0005s ]
SQL: SHOW COLUMNS FROM `tbl_article_folder` [ RunTime:0.0121s ]
SQL: SELECT * FROM `tbl_article_folder` WHERE `article` = '37'  [ RunTime:0.0007s ]
SQL: SHOW COLUMNS FROM `tbl_article_group` [ RunTime:0.0114s ]
SQL: SELECT * FROM `tbl_article_group` WHERE `article` = '37'  [ RunTime:0.0007s ]
SQL: SHOW COLUMNS FROM `tbl_attachment` [ RunTime:0.0121s ]
SQL: SELECT * FROM `tbl_attachment` WHERE `article` = '37'  [ RunTime:0.0006s ]
SQL: SELECT * FROM `tbl_folder` ORDER BY `order` desc  [ RunTime:0.0008s ]
SQL: SHOW COLUMNS FROM `tbl_group` [ RunTime:0.0071s ]
SQL: SELECT * FROM `tbl_group`  [ RunTime:0.0004s ]
INFO: [ view_parse ] --START--
INFO: [ template_filter ] --START--
INFO: Run Behavior\ContentReplaceBehavior [ RunTime:0.000361s ]
INFO: [ template_filter ] --END-- [ RunTime:0.001318s ]
INFO: Run Behavior\ParseTemplateBehavior [ RunTime:0.070372s ]
INFO: [ view_parse ] --END-- [ RunTime:0.071175s ]
INFO: [ view_filter ] --START--
INFO: Run Behavior\WriteHtmlCacheBehavior [ RunTime:0.000634s ]
INFO: [ view_filter ] --END-- [ RunTime:0.001194s ]
INFO: [ app_end ] --START--
INFO: Run Behavior\ShowPageTraceBehavior [ RunTime:0.000715s ]
INFO: [ app_end ] --END-- [ RunTime:0.001248s ]

