[ 2015-11-03T09:34:50+08:00 ] 124.207.227.146 /favicon.ico
INFO: [ app_init ] --START--
INFO: Run Behavior\BuildLiteBehavior [ RunTime:0.000022s ]
INFO: [ app_init ] --END-- [ RunTime:0.000342s ]

[ 2015-11-03T09:35:08+08:00 ] 124.207.227.146 /favicon.ico
INFO: [ app_init ] --START--
INFO: Run Behavior\BuildLiteBehavior [ RunTime:0.000019s ]
INFO: [ app_init ] --END-- [ RunTime:0.000375s ]

[ 2015-11-03T15:41:38+08:00 ] 124.207.227.146 /
INFO: [ app_init ] --START--
INFO: Run Behavior\BuildLiteBehavior [ RunTime:0.000012s ]
INFO: [ app_init ] --END-- [ RunTime:0.000266s ]
INFO: [ app_begin ] --START--
INFO: Run Behavior\ReadHtmlCacheBehavior [ RunTime:0.000373s ]
INFO: [ app_begin ] --END-- [ RunTime:0.000414s ]
NOTIC: [8] A session had already been started - ignoring session_start() /home/www/new.dlxu.com/Application/Home/Controller/Base.class.php 第 8 行.

[ 2015-11-03T15:41:38+08:00 ] 124.207.227.146 /User/index.html
INFO: [ app_init ] --START--
INFO: Run Behavior\BuildLiteBehavior [ RunTime:0.000017s ]
INFO: [ app_init ] --END-- [ RunTime:0.000369s ]
INFO: [ app_begin ] --START--
INFO: Run Behavior\ReadHtmlCacheBehavior [ RunTime:0.000347s ]
INFO: [ app_begin ] --END-- [ RunTime:0.000388s ]
INFO: [ view_parse ] --START--
INFO: [ template_filter ] --START--
INFO: Run Behavior\ContentReplaceBehavior [ RunTime:0.000032s ]
INFO: [ template_filter ] --END-- [ RunTime:0.000077s ]
NOTIC: [8] Undefined variable: siteInfo /home/www/new.dlxu.com/Application/Runtime/Cache/Home/6830cbac89ff06451c77cd8769d6d4ca.php 第 5 行.
INFO: Run Behavior\ParseTemplateBehavior [ RunTime:0.006335s ]
INFO: [ view_parse ] --END-- [ RunTime:0.006371s ]
INFO: [ view_filter ] --START--
INFO: Run Behavior\WriteHtmlCacheBehavior [ RunTime:0.000118s ]
INFO: [ view_filter ] --END-- [ RunTime:0.000153s ]
INFO: [ app_end ] --START--
INFO: Run Behavior\ShowPageTraceBehavior [ RunTime:0.000399s ]
INFO: [ app_end ] --END-- [ RunTime:0.000436s ]

[ 2015-11-03T15:41:39+08:00 ] 124.207.227.146 /favicon.ico
INFO: [ app_init ] --START--
INFO: Run Behavior\BuildLiteBehavior [ RunTime:0.000012s ]
INFO: [ app_init ] --END-- [ RunTime:0.000268s ]

[ 2015-11-03T15:41:39+08:00 ] 124.207.227.146 /favicon.ico
INFO: [ app_init ] --START--
INFO: Run Behavior\BuildLiteBehavior [ RunTime:0.000016s ]
INFO: [ app_init ] --END-- [ RunTime:0.000389s ]

[ 2015-11-03T15:41:44+08:00 ] 124.207.227.146 /User/login.html
INFO: [ app_init ] --START--
INFO: Run Behavior\BuildLiteBehavior [ RunTime:0.000020s ]
INFO: [ app_init ] --END-- [ RunTime:0.000407s ]
INFO: [ app_begin ] --START--
INFO: Run Behavior\ReadHtmlCacheBehavior [ RunTime:0.000485s ]
INFO: [ app_begin ] --END-- [ RunTime:0.000541s ]
NOTIC: [8] Undefined index: db_host /home/www/new.dlxu.com/ThinkPHP/Library/Think/Db.class.php 第 66 行.
NOTIC: [8] Undefined index: db_name /home/www/new.dlxu.com/ThinkPHP/Library/Think/Db.class.php 第 68 行.
SQL: SHOW COLUMNS FROM `dede_member` [ RunTime:0.0013s ]
SQL: SHOW COLUMNS FROM `dede_member` [ RunTime:0.0010s ]
SQL: SELECT m.mid,a.usertype,r.type FROM dede_member m JOIN dede_admin a ON m.mid=a.id LEFT JOIN tbl_userright r ON r.mid=m.mid WHERE m.userid = 'admin' AND m.pwd = '21232f297a57a5a743894a0e4a801fc3'  [ RunTime:0.0004s ]
INFO: [ app_end ] --START--
INFO: Run Behavior\ShowPageTraceBehavior [ RunTime:0.000565s ]
INFO: [ app_end ] --END-- [ RunTime:0.000614s ]

[ 2015-11-03T15:41:44+08:00 ] 124.207.227.146 /
INFO: [ app_init ] --START--
INFO: Run Behavior\BuildLiteBehavior [ RunTime:0.000018s ]
INFO: [ app_init ] --END-- [ RunTime:0.000440s ]
INFO: [ app_begin ] --START--
INFO: Run Behavior\ReadHtmlCacheBehavior [ RunTime:0.000571s ]
INFO: [ app_begin ] --END-- [ RunTime:0.000628s ]
NOTIC: [8] A session had already been started - ignoring session_start() /home/www/new.dlxu.com/Application/Home/Controller/Base.class.php 第 8 行.
NOTIC: [8] Undefined index: db_host /home/www/new.dlxu.com/ThinkPHP/Library/Think/Db.class.php 第 66 行.
NOTIC: [8] Undefined index: db_name /home/www/new.dlxu.com/ThinkPHP/Library/Think/Db.class.php 第 68 行.
SQL: SHOW COLUMNS FROM `tbl_audit` [ RunTime:0.0007s ]
SQL: SELECT * FROM `tbl_audit` ORDER BY `type` asc  [ RunTime:0.0002s ]
INFO: [ view_parse ] --START--
INFO: [ template_filter ] --START--
INFO: Run Behavior\ContentReplaceBehavior [ RunTime:0.000039s ]
INFO: [ template_filter ] --END-- [ RunTime:0.000093s ]
INFO: Run Behavior\ParseTemplateBehavior [ RunTime:0.007991s ]
INFO: [ view_parse ] --END-- [ RunTime:0.008038s ]
INFO: [ view_filter ] --START--
INFO: Run Behavior\WriteHtmlCacheBehavior [ RunTime:0.000119s ]
INFO: [ view_filter ] --END-- [ RunTime:0.000154s ]
INFO: [ app_end ] --START--
INFO: Run Behavior\ShowPageTraceBehavior [ RunTime:0.000389s ]
INFO: [ app_end ] --END-- [ RunTime:0.000426s ]

[ 2015-11-03T15:41:47+08:00 ] 124.207.227.146 /audit?aid=3
INFO: [ app_init ] --START--
INFO: Run Behavior\BuildLiteBehavior [ RunTime:0.000013s ]
INFO: [ app_init ] --END-- [ RunTime:0.000278s ]
INFO: [ app_begin ] --START--
INFO: Run Behavior\ReadHtmlCacheBehavior [ RunTime:0.000368s ]
INFO: [ app_begin ] --END-- [ RunTime:0.000411s ]
NOTIC: [8] Undefined index: db_host /home/www/new.dlxu.com/ThinkPHP/Library/Think/Db.class.php 第 66 行.
NOTIC: [8] Undefined index: db_name /home/www/new.dlxu.com/ThinkPHP/Library/Think/Db.class.php 第 68 行.
SQL: SHOW COLUMNS FROM `tbl_options` [ RunTime:0.0007s ]
SQL: SHOW COLUMNS FROM `tbl_project` [ RunTime:0.0005s ]
SQL: SELECT COUNT(*) AS tp_count FROM `tbl_project` LIMIT 1   [ RunTime:0.0001s ]
SQL: SELECT * FROM `tbl_project` ORDER BY `id` desc LIMIT 0,20   [ RunTime:0.0002s ]
INFO: [ view_parse ] --START--
INFO: [ template_filter ] --START--
INFO: Run Behavior\ContentReplaceBehavior [ RunTime:0.000052s ]
INFO: [ template_filter ] --END-- [ RunTime:0.000114s ]
NOTIC: [8] Undefined variable: siteInfo /home/www/new.dlxu.com/Application/Runtime/Cache/Home/b396a6f22a089b7dae6d1c7440e986f7.php 第 5 行.
INFO: Run Behavior\ParseTemplateBehavior [ RunTime:0.007501s ]
INFO: [ view_parse ] --END-- [ RunTime:0.007539s ]
INFO: [ view_filter ] --START--
INFO: Run Behavior\WriteHtmlCacheBehavior [ RunTime:0.000135s ]
INFO: [ view_filter ] --END-- [ RunTime:0.000170s ]
INFO: [ app_end ] --START--
INFO: Run Behavior\ShowPageTraceBehavior [ RunTime:0.000413s ]
INFO: [ app_end ] --END-- [ RunTime:0.000461s ]

[ 2015-11-03T15:41:48+08:00 ] 124.207.227.146 /audit?aid=3
INFO: [ app_init ] --START--
INFO: Run Behavior\BuildLiteBehavior [ RunTime:0.000017s ]
INFO: [ app_init ] --END-- [ RunTime:0.000383s ]
INFO: [ app_begin ] --START--
INFO: Run Behavior\ReadHtmlCacheBehavior [ RunTime:0.000501s ]
INFO: [ app_begin ] --END-- [ RunTime:0.000587s ]
NOTIC: [8] Undefined index: db_host /home/www/new.dlxu.com/ThinkPHP/Library/Think/Db.class.php 第 66 行.
NOTIC: [8] Undefined index: db_name /home/www/new.dlxu.com/ThinkPHP/Library/Think/Db.class.php 第 68 行.
SQL: SHOW COLUMNS FROM `tbl_options` [ RunTime:0.0007s ]
SQL: SHOW COLUMNS FROM `tbl_project` [ RunTime:0.0005s ]
SQL: SELECT COUNT(*) AS tp_count FROM `tbl_project` LIMIT 1   [ RunTime:0.0001s ]
SQL: SELECT * FROM `tbl_project` ORDER BY `id` desc LIMIT 0,20   [ RunTime:0.0002s ]
INFO: [ view_parse ] --START--
INFO: [ template_filter ] --START--
INFO: Run Behavior\ContentReplaceBehavior [ RunTime:0.000062s ]
INFO: [ template_filter ] --END-- [ RunTime:0.000119s ]
NOTIC: [8] Undefined variable: siteInfo /home/www/new.dlxu.com/Application/Runtime/Cache/Home/b396a6f22a089b7dae6d1c7440e986f7.php 第 5 行.
INFO: Run Behavior\ParseTemplateBehavior [ RunTime:0.009679s ]
INFO: [ view_parse ] --END-- [ RunTime:0.009729s ]
INFO: [ view_filter ] --START--
INFO: Run Behavior\WriteHtmlCacheBehavior [ RunTime:0.000137s ]
INFO: [ view_filter ] --END-- [ RunTime:0.000172s ]
INFO: [ app_end ] --START--
INFO: Run Behavior\ShowPageTraceBehavior [ RunTime:0.000390s ]
INFO: [ app_end ] --END-- [ RunTime:0.000432s ]

[ 2015-11-03T15:41:52+08:00 ] 124.207.227.146 /Audit/audit?pid=6&aid=3
INFO: [ app_init ] --START--
INFO: Run Behavior\BuildLiteBehavior [ RunTime:0.000011s ]
INFO: [ app_init ] --END-- [ RunTime:0.000262s ]
INFO: [ app_begin ] --START--
INFO: Run Behavior\ReadHtmlCacheBehavior [ RunTime:0.000371s ]
INFO: [ app_begin ] --END-- [ RunTime:0.000412s ]
NOTIC: [8] Undefined index: db_host /home/www/new.dlxu.com/ThinkPHP/Library/Think/Db.class.php 第 66 行.
NOTIC: [8] Undefined index: db_name /home/www/new.dlxu.com/ThinkPHP/Library/Think/Db.class.php 第 68 行.
SQL: SHOW COLUMNS FROM `tbl_options` [ RunTime:0.0007s ]
SQL: SHOW COLUMNS FROM `tbl_auditoption` [ RunTime:0.0005s ]
SQL: SHOW COLUMNS FROM `tbl_project` [ RunTime:0.0005s ]
SQL: SELECT * FROM `tbl_project` WHERE `id` = 6 LIMIT 1   [ RunTime:0.0002s ]
SQL: SHOW COLUMNS FROM `tbl_auditoption` [ RunTime:0.0004s ]
SQL: SELECT a.*,p.value,p.isAudit,p.isConfirm FROM tbl_auditoption a LEFT JOIN tbl_project_auditoption p ON p.project=6 AND p.auditoption=a.id WHERE a.audit = 3  [ RunTime:0.0002s ]
SQL: SHOW COLUMNS FROM `tbl_project_student` [ RunTime:0.0004s ]
SQL: SELECT s.name,s.id FROM tbl_project_student p JOIN tbl_student s ON p.student = s.id  [ RunTime:0.0002s ]
SQL: SHOW COLUMNS FROM `tbl_student` [ RunTime:0.0004s ]
SQL: SELECT s.* FROM tbl_student s JOIN tbl_project_student p ON s.id=p.student WHERE p.project = 6 ORDER BY `name` asc  [ RunTime:0.0002s ]
INFO: [ view_parse ] --START--
INFO: [ template_filter ] --START--
INFO: Run Behavior\ContentReplaceBehavior [ RunTime:0.000059s ]
INFO: [ template_filter ] --END-- [ RunTime:0.000129s ]
NOTIC: [8] Undefined variable: siteInfo /home/www/new.dlxu.com/Application/Runtime/Cache/Home/c7f87bd2b16270383b79b287ba581034.php 第 5 行.
INFO: Run Behavior\ParseTemplateBehavior [ RunTime:0.012783s ]
INFO: [ view_parse ] --END-- [ RunTime:0.012824s ]
INFO: [ view_filter ] --START--
INFO: Run Behavior\WriteHtmlCacheBehavior [ RunTime:0.000119s ]
INFO: [ view_filter ] --END-- [ RunTime:0.000153s ]
INFO: [ app_end ] --START--
INFO: Run Behavior\ShowPageTraceBehavior [ RunTime:0.000412s ]
INFO: [ app_end ] --END-- [ RunTime:0.000449s ]

[ 2015-11-03T15:41:52+08:00 ] 124.207.227.146 /Audit/audit?pid=6&aid=3
INFO: [ app_init ] --START--
INFO: Run Behavior\BuildLiteBehavior [ RunTime:0.000014s ]
INFO: [ app_init ] --END-- [ RunTime:0.000380s ]
INFO: [ app_begin ] --START--
INFO: Run Behavior\ReadHtmlCacheBehavior [ RunTime:0.000477s ]
INFO: [ app_begin ] --END-- [ RunTime:0.000520s ]
NOTIC: [8] Undefined index: db_host /home/www/new.dlxu.com/ThinkPHP/Library/Think/Db.class.php 第 66 行.
NOTIC: [8] Undefined index: db_name /home/www/new.dlxu.com/ThinkPHP/Library/Think/Db.class.php 第 68 行.
SQL: SHOW COLUMNS FROM `tbl_options` [ RunTime:0.0009s ]
SQL: SHOW COLUMNS FROM `tbl_auditoption` [ RunTime:0.0005s ]
SQL: SHOW COLUMNS FROM `tbl_project` [ RunTime:0.0006s ]
SQL: SELECT * FROM `tbl_project` WHERE `id` = 6 LIMIT 1   [ RunTime:0.0003s ]
SQL: SHOW COLUMNS FROM `tbl_auditoption` [ RunTime:0.0007s ]
SQL: SELECT a.*,p.value,p.isAudit,p.isConfirm FROM tbl_auditoption a LEFT JOIN tbl_project_auditoption p ON p.project=6 AND p.auditoption=a.id WHERE a.audit = 3  [ RunTime:0.0003s ]
SQL: SHOW COLUMNS FROM `tbl_project_student` [ RunTime:0.0004s ]
SQL: SELECT s.name,s.id FROM tbl_project_student p JOIN tbl_student s ON p.student = s.id  [ RunTime:0.0002s ]
SQL: SHOW COLUMNS FROM `tbl_student` [ RunTime:0.0004s ]
SQL: SELECT s.* FROM tbl_student s JOIN tbl_project_student p ON s.id=p.student WHERE p.project = 6 ORDER BY `name` asc  [ RunTime:0.0002s ]
INFO: [ view_parse ] --START--
INFO: [ template_filter ] --START--
INFO: Run Behavior\ContentReplaceBehavior [ RunTime:0.000042s ]
INFO: [ template_filter ] --END-- [ RunTime:0.000087s ]
NOTIC: [8] Undefined variable: siteInfo /home/www/new.dlxu.com/Application/Runtime/Cache/Home/c7f87bd2b16270383b79b287ba581034.php 第 5 行.
INFO: Run Behavior\ParseTemplateBehavior [ RunTime:0.009838s ]
INFO: [ view_parse ] --END-- [ RunTime:0.009878s ]
INFO: [ view_filter ] --START--
INFO: Run Behavior\WriteHtmlCacheBehavior [ RunTime:0.000119s ]
INFO: [ view_filter ] --END-- [ RunTime:0.000176s ]
INFO: [ app_end ] --START--
INFO: Run Behavior\ShowPageTraceBehavior [ RunTime:0.000378s ]
INFO: [ app_end ] --END-- [ RunTime:0.000420s ]

[ 2015-11-03T16:26:54+08:00 ] 124.207.227.146 /Audit/audit?pid=6&aid=3
INFO: [ app_init ] --START--
INFO: Run Behavior\BuildLiteBehavior [ RunTime:0.000012s ]
INFO: [ app_init ] --END-- [ RunTime:0.000268s ]
INFO: [ app_begin ] --START--
INFO: Run Behavior\ReadHtmlCacheBehavior [ RunTime:0.000371s ]
INFO: [ app_begin ] --END-- [ RunTime:0.000412s ]
NOTIC: [8] Undefined index: db_host /home/www/new.dlxu.com/ThinkPHP/Library/Think/Db.class.php 第 66 行.
NOTIC: [8] Undefined index: db_name /home/www/new.dlxu.com/ThinkPHP/Library/Think/Db.class.php 第 68 行.
SQL: SHOW COLUMNS FROM `tbl_options` [ RunTime:0.0007s ]
SQL: SHOW COLUMNS FROM `tbl_auditoption` [ RunTime:0.0005s ]
SQL: SHOW COLUMNS FROM `tbl_project` [ RunTime:0.0005s ]
SQL: SELECT * FROM `tbl_project` WHERE `id` = 6 LIMIT 1   [ RunTime:0.0002s ]
SQL: SHOW COLUMNS FROM `tbl_auditoption` [ RunTime:0.0004s ]
SQL: SELECT a.*,p.value,p.isAudit,p.isConfirm FROM tbl_auditoption a LEFT JOIN tbl_project_auditoption p ON p.project=6 AND p.auditoption=a.id WHERE a.audit = 3  [ RunTime:0.0002s ]
SQL: SHOW COLUMNS FROM `tbl_project_student` [ RunTime:0.0004s ]
SQL: SELECT s.name,s.id FROM tbl_project_student p JOIN tbl_student s ON p.student = s.id  [ RunTime:0.0002s ]
SQL: SHOW COLUMNS FROM `tbl_student` [ RunTime:0.0004s ]
SQL: SELECT s.* FROM tbl_student s JOIN tbl_project_student p ON s.id=p.student WHERE p.project = 6 ORDER BY `name` asc  [ RunTime:0.0002s ]
INFO: [ view_parse ] --START--
INFO: [ template_filter ] --START--
INFO: Run Behavior\ContentReplaceBehavior [ RunTime:0.000043s ]
INFO: [ template_filter ] --END-- [ RunTime:0.000088s ]
NOTIC: [8] Undefined variable: siteInfo /home/www/new.dlxu.com/Application/Runtime/Cache/Home/c7f87bd2b16270383b79b287ba581034.php 第 5 行.
INFO: Run Behavior\ParseTemplateBehavior [ RunTime:0.009723s ]
INFO: [ view_parse ] --END-- [ RunTime:0.009766s ]
INFO: [ view_filter ] --START--
INFO: Run Behavior\WriteHtmlCacheBehavior [ RunTime:0.000112s ]
INFO: [ view_filter ] --END-- [ RunTime:0.000146s ]
INFO: [ app_end ] --START--
INFO: Run Behavior\ShowPageTraceBehavior [ RunTime:0.000409s ]
INFO: [ app_end ] --END-- [ RunTime:0.000447s ]

[ 2015-11-03T16:26:55+08:00 ] 124.207.227.146 /Audit/audit?pid=6&aid=3
INFO: [ app_init ] --START--
INFO: Run Behavior\BuildLiteBehavior [ RunTime:0.000015s ]
INFO: [ app_init ] --END-- [ RunTime:0.000282s ]
INFO: [ app_begin ] --START--
INFO: Run Behavior\ReadHtmlCacheBehavior [ RunTime:0.000382s ]
INFO: [ app_begin ] --END-- [ RunTime:0.000432s ]
NOTIC: [8] Undefined index: db_host /home/www/new.dlxu.com/ThinkPHP/Library/Think/Db.class.php 第 66 行.
NOTIC: [8] Undefined index: db_name /home/www/new.dlxu.com/ThinkPHP/Library/Think/Db.class.php 第 68 行.
SQL: SHOW COLUMNS FROM `tbl_options` [ RunTime:0.0007s ]
SQL: SHOW COLUMNS FROM `tbl_auditoption` [ RunTime:0.0005s ]
SQL: SHOW COLUMNS FROM `tbl_project` [ RunTime:0.0005s ]
SQL: SELECT * FROM `tbl_project` WHERE `id` = 6 LIMIT 1   [ RunTime:0.0002s ]
SQL: SHOW COLUMNS FROM `tbl_auditoption` [ RunTime:0.0005s ]
SQL: SELECT a.*,p.value,p.isAudit,p.isConfirm FROM tbl_auditoption a LEFT JOIN tbl_project_auditoption p ON p.project=6 AND p.auditoption=a.id WHERE a.audit = 3  [ RunTime:0.0003s ]
SQL: SHOW COLUMNS FROM `tbl_project_student` [ RunTime:0.0005s ]
SQL: SELECT s.name,s.id FROM tbl_project_student p JOIN tbl_student s ON p.student = s.id  [ RunTime:0.0002s ]
SQL: SHOW COLUMNS FROM `tbl_student` [ RunTime:0.0004s ]
SQL: SELECT s.* FROM tbl_student s JOIN tbl_project_student p ON s.id=p.student WHERE p.project = 6 ORDER BY `name` asc  [ RunTime:0.0003s ]
INFO: [ view_parse ] --START--
INFO: [ template_filter ] --START--
INFO: Run Behavior\ContentReplaceBehavior [ RunTime:0.000066s ]
INFO: [ template_filter ] --END-- [ RunTime:0.000117s ]
NOTIC: [8] Undefined variable: siteInfo /home/www/new.dlxu.com/Application/Runtime/Cache/Home/c7f87bd2b16270383b79b287ba581034.php 第 5 行.
INFO: Run Behavior\ParseTemplateBehavior [ RunTime:0.010115s ]
INFO: [ view_parse ] --END-- [ RunTime:0.010164s ]
INFO: [ view_filter ] --START--
INFO: Run Behavior\WriteHtmlCacheBehavior [ RunTime:0.000115s ]
INFO: [ view_filter ] --END-- [ RunTime:0.000151s ]
INFO: [ app_end ] --START--
INFO: Run Behavior\ShowPageTraceBehavior [ RunTime:0.000382s ]
INFO: [ app_end ] --END-- [ RunTime:0.000419s ]

[ 2015-11-03T16:26:55+08:00 ] 124.207.227.146 /Audit/audit?pid=6&aid=3
INFO: [ app_init ] --START--
INFO: Run Behavior\BuildLiteBehavior [ RunTime:0.000017s ]
INFO: [ app_init ] --END-- [ RunTime:0.000409s ]
INFO: [ app_begin ] --START--
INFO: Run Behavior\ReadHtmlCacheBehavior [ RunTime:0.000389s ]
INFO: [ app_begin ] --END-- [ RunTime:0.000430s ]
NOTIC: [8] Undefined index: db_host /home/www/new.dlxu.com/ThinkPHP/Library/Think/Db.class.php 第 66 行.
NOTIC: [8] Undefined index: db_name /home/www/new.dlxu.com/ThinkPHP/Library/Think/Db.class.php 第 68 行.
SQL: SHOW COLUMNS FROM `tbl_options` [ RunTime:0.0009s ]
SQL: SHOW COLUMNS FROM `tbl_auditoption` [ RunTime:0.0005s ]
SQL: SHOW COLUMNS FROM `tbl_project` [ RunTime:0.0005s ]
SQL: SELECT * FROM `tbl_project` WHERE `id` = 6 LIMIT 1   [ RunTime:0.0002s ]
SQL: SHOW COLUMNS FROM `tbl_auditoption` [ RunTime:0.0005s ]
SQL: SELECT a.*,p.value,p.isAudit,p.isConfirm FROM tbl_auditoption a LEFT JOIN tbl_project_auditoption p ON p.project=6 AND p.auditoption=a.id WHERE a.audit = 3  [ RunTime:0.0003s ]
SQL: SHOW COLUMNS FROM `tbl_project_student` [ RunTime:0.0004s ]
SQL: SELECT s.name,s.id FROM tbl_project_student p JOIN tbl_student s ON p.student = s.id  [ RunTime:0.0002s ]
SQL: SHOW COLUMNS FROM `tbl_student` [ RunTime:0.0004s ]
SQL: SELECT s.* FROM tbl_student s JOIN tbl_project_student p ON s.id=p.student WHERE p.project = 6 ORDER BY `name` asc  [ RunTime:0.0003s ]
INFO: [ view_parse ] --START--
INFO: [ template_filter ] --START--
INFO: Run Behavior\ContentReplaceBehavior [ RunTime:0.000068s ]
INFO: [ template_filter ] --END-- [ RunTime:0.000114s ]
NOTIC: [8] Undefined variable: siteInfo /home/www/new.dlxu.com/Application/Runtime/Cache/Home/c7f87bd2b16270383b79b287ba581034.php 第 5 行.
INFO: Run Behavior\ParseTemplateBehavior [ RunTime:0.010309s ]
INFO: [ view_parse ] --END-- [ RunTime:0.010348s ]
INFO: [ view_filter ] --START--
INFO: Run Behavior\WriteHtmlCacheBehavior [ RunTime:0.000115s ]
INFO: [ view_filter ] --END-- [ RunTime:0.000150s ]
INFO: [ app_end ] --START--
INFO: Run Behavior\ShowPageTraceBehavior [ RunTime:0.000437s ]
INFO: [ app_end ] --END-- [ RunTime:0.000475s ]

[ 2015-11-03T16:26:55+08:00 ] 124.207.227.146 /Audit/audit?pid=6&aid=3
INFO: [ app_init ] --START--
INFO: Run Behavior\BuildLiteBehavior [ RunTime:0.000046s ]
INFO: [ app_init ] --END-- [ RunTime:0.000349s ]
INFO: [ app_begin ] --START--
INFO: Run Behavior\ReadHtmlCacheBehavior [ RunTime:0.000386s ]
INFO: [ app_begin ] --END-- [ RunTime:0.000427s ]
NOTIC: [8] Undefined index: db_host /home/www/new.dlxu.com/ThinkPHP/Library/Think/Db.class.php 第 66 行.
NOTIC: [8] Undefined index: db_name /home/www/new.dlxu.com/ThinkPHP/Library/Think/Db.class.php 第 68 行.
SQL: SHOW COLUMNS FROM `tbl_options` [ RunTime:0.0009s ]
SQL: SHOW COLUMNS FROM `tbl_auditoption` [ RunTime:0.0005s ]
SQL: SHOW COLUMNS FROM `tbl_project` [ RunTime:0.0006s ]
SQL: SELECT * FROM `tbl_project` WHERE `id` = 6 LIMIT 1   [ RunTime:0.0002s ]
SQL: SHOW COLUMNS FROM `tbl_auditoption` [ RunTime:0.0005s ]
SQL: SELECT a.*,p.value,p.isAudit,p.isConfirm FROM tbl_auditoption a LEFT JOIN tbl_project_auditoption p ON p.project=6 AND p.auditoption=a.id WHERE a.audit = 3  [ RunTime:0.0003s ]
SQL: SHOW COLUMNS FROM `tbl_project_student` [ RunTime:0.0005s ]
SQL: SELECT s.name,s.id FROM tbl_project_student p JOIN tbl_student s ON p.student = s.id  [ RunTime:0.0002s ]
SQL: SHOW COLUMNS FROM `tbl_student` [ RunTime:0.0005s ]
SQL: SELECT s.* FROM tbl_student s JOIN tbl_project_student p ON s.id=p.student WHERE p.project = 6 ORDER BY `name` asc  [ RunTime:0.0002s ]
INFO: [ view_parse ] --START--
INFO: [ template_filter ] --START--
INFO: Run Behavior\ContentReplaceBehavior [ RunTime:0.000077s ]
INFO: [ template_filter ] --END-- [ RunTime:0.000150s ]
NOTIC: [8] Undefined variable: siteInfo /home/www/new.dlxu.com/Application/Runtime/Cache/Home/c7f87bd2b16270383b79b287ba581034.php 第 5 行.
INFO: Run Behavior\ParseTemplateBehavior [ RunTime:0.010591s ]
INFO: [ view_parse ] --END-- [ RunTime:0.010702s ]
INFO: [ view_filter ] --START--
INFO: Run Behavior\WriteHtmlCacheBehavior [ RunTime:0.000215s ]
INFO: [ view_filter ] --END-- [ RunTime:0.000257s ]
INFO: [ app_end ] --START--
INFO: Run Behavior\ShowPageTraceBehavior [ RunTime:0.000458s ]
INFO: [ app_end ] --END-- [ RunTime:0.000498s ]

[ 2015-11-03T16:27:03+08:00 ] 124.207.227.146 /static/js/jquery.min.map
INFO: [ app_init ] --START--
INFO: Run Behavior\BuildLiteBehavior [ RunTime:0.000013s ]
INFO: [ app_init ] --END-- [ RunTime:0.000300s ]
INFO: [ app_begin ] --START--
INFO: Run Behavior\ReadHtmlCacheBehavior [ RunTime:0.000355s ]
INFO: [ app_begin ] --END-- [ RunTime:0.000402s ]
ERR: 无法加载控制器:Static

[ 2015-11-03T16:27:28+08:00 ] 124.207.227.146 /Audit/audit?pid=6&aid=3
INFO: [ app_init ] --START--
INFO: Run Behavior\BuildLiteBehavior [ RunTime:0.000012s ]
INFO: [ app_init ] --END-- [ RunTime:0.000295s ]
INFO: [ app_begin ] --START--
INFO: Run Behavior\ReadHtmlCacheBehavior [ RunTime:0.000346s ]
INFO: [ app_begin ] --END-- [ RunTime:0.000387s ]
NOTIC: [8] Undefined index: db_host /home/www/new.dlxu.com/ThinkPHP/Library/Think/Db.class.php 第 66 行.
NOTIC: [8] Undefined index: db_name /home/www/new.dlxu.com/ThinkPHP/Library/Think/Db.class.php 第 68 行.
SQL: SHOW COLUMNS FROM `tbl_options` [ RunTime:0.0007s ]
SQL: SHOW COLUMNS FROM `tbl_auditoption` [ RunTime:0.0005s ]
SQL: SHOW COLUMNS FROM `tbl_project` [ RunTime:0.0005s ]
SQL: SELECT * FROM `tbl_project` WHERE `id` = 6 LIMIT 1   [ RunTime:0.0002s ]
SQL: SHOW COLUMNS FROM `tbl_auditoption` [ RunTime:0.0004s ]
SQL: SELECT a.*,p.value,p.isAudit,p.isConfirm FROM tbl_auditoption a LEFT JOIN tbl_project_auditoption p ON p.project=6 AND p.auditoption=a.id WHERE a.audit = 3  [ RunTime:0.0002s ]
SQL: SHOW COLUMNS FROM `tbl_project_student` [ RunTime:0.0004s ]
SQL: SELECT s.name,s.id FROM tbl_project_student p JOIN tbl_student s ON p.student = s.id  [ RunTime:0.0002s ]
SQL: SHOW COLUMNS FROM `tbl_student` [ RunTime:0.0004s ]
SQL: SELECT s.* FROM tbl_student s JOIN tbl_project_student p ON s.id=p.student WHERE p.project = 6 ORDER BY `name` asc  [ RunTime:0.0002s ]
INFO: [ view_parse ] --START--
INFO: [ template_filter ] --START--
INFO: Run Behavior\ContentReplaceBehavior [ RunTime:0.000043s ]
INFO: [ template_filter ] --END-- [ RunTime:0.000083s ]
NOTIC: [8] Undefined variable: siteInfo /home/www/new.dlxu.com/Application/Runtime/Cache/Home/c7f87bd2b16270383b79b287ba581034.php 第 5 行.
INFO: Run Behavior\ParseTemplateBehavior [ RunTime:0.010151s ]
INFO: [ view_parse ] --END-- [ RunTime:0.010192s ]
INFO: [ view_filter ] --START--
INFO: Run Behavior\WriteHtmlCacheBehavior [ RunTime:0.000121s ]
INFO: [ view_filter ] --END-- [ RunTime:0.000157s ]
INFO: [ app_end ] --START--
INFO: Run Behavior\ShowPageTraceBehavior [ RunTime:0.000366s ]
INFO: [ app_end ] --END-- [ RunTime:0.000403s ]

[ 2015-11-03T16:27:28+08:00 ] 124.207.227.146 /static/js/jquery.min.map
INFO: [ app_init ] --START--
INFO: Run Behavior\BuildLiteBehavior [ RunTime:0.000014s ]
INFO: [ app_init ] --END-- [ RunTime:0.000274s ]
INFO: [ app_begin ] --START--
INFO: Run Behavior\ReadHtmlCacheBehavior [ RunTime:0.000372s ]
INFO: [ app_begin ] --END-- [ RunTime:0.000413s ]
ERR: 无法加载控制器:Static

[ 2015-11-03T16:27:55+08:00 ] 124.207.227.146 /Audit/audit?pid=6&aid=3
INFO: [ app_init ] --START--
INFO: Run Behavior\BuildLiteBehavior [ RunTime:0.000013s ]
INFO: [ app_init ] --END-- [ RunTime:0.000280s ]
INFO: [ app_begin ] --START--
INFO: Run Behavior\ReadHtmlCacheBehavior [ RunTime:0.000386s ]
INFO: [ app_begin ] --END-- [ RunTime:0.000430s ]
NOTIC: [8] Undefined index: db_host /home/www/new.dlxu.com/ThinkPHP/Library/Think/Db.class.php 第 66 行.
NOTIC: [8] Undefined index: db_name /home/www/new.dlxu.com/ThinkPHP/Library/Think/Db.class.php 第 68 行.
SQL: SHOW COLUMNS FROM `tbl_options` [ RunTime:0.0007s ]
SQL: SHOW COLUMNS FROM `tbl_auditoption` [ RunTime:0.0005s ]
SQL: SHOW COLUMNS FROM `tbl_project` [ RunTime:0.0005s ]
SQL: SELECT * FROM `tbl_project` WHERE `id` = 6 LIMIT 1   [ RunTime:0.0002s ]
SQL: SHOW COLUMNS FROM `tbl_auditoption` [ RunTime:0.0005s ]
SQL: SELECT a.*,p.value,p.isAudit,p.isConfirm FROM tbl_auditoption a LEFT JOIN tbl_project_auditoption p ON p.project=6 AND p.auditoption=a.id WHERE a.audit = 3  [ RunTime:0.0002s ]
SQL: SHOW COLUMNS FROM `tbl_project_student` [ RunTime:0.0004s ]
SQL: SELECT s.name,s.id FROM tbl_project_student p JOIN tbl_student s ON p.student = s.id  [ RunTime:0.0002s ]
SQL: SHOW COLUMNS FROM `tbl_student` [ RunTime:0.0004s ]
SQL: SELECT s.* FROM tbl_student s JOIN tbl_project_student p ON s.id=p.student WHERE p.project = 6 ORDER BY `name` asc  [ RunTime:0.0002s ]
INFO: [ view_parse ] --START--
INFO: [ template_filter ] --START--
INFO: Run Behavior\ContentReplaceBehavior [ RunTime:0.000053s ]
INFO: [ template_filter ] --END-- [ RunTime:0.000110s ]
NOTIC: [8] Undefined variable: siteInfo /home/www/new.dlxu.com/Application/Runtime/Cache/Home/c7f87bd2b16270383b79b287ba581034.php 第 5 行.
INFO: Run Behavior\ParseTemplateBehavior [ RunTime:0.027693s ]
INFO: [ view_parse ] --END-- [ RunTime:0.027742s ]
INFO: [ view_filter ] --START--
INFO: Run Behavior\WriteHtmlCacheBehavior [ RunTime:0.000135s ]
INFO: [ view_filter ] --END-- [ RunTime:0.000172s ]
INFO: [ app_end ] --START--
INFO: Run Behavior\ShowPageTraceBehavior [ RunTime:0.000440s ]
INFO: [ app_end ] --END-- [ RunTime:0.000479s ]

[ 2015-11-03T16:27:56+08:00 ] 124.207.227.146 /static/js/jquery.min.map
INFO: [ app_init ] --START--
INFO: Run Behavior\BuildLiteBehavior [ RunTime:0.000011s ]
INFO: [ app_init ] --END-- [ RunTime:0.000262s ]
INFO: [ app_begin ] --START--
INFO: Run Behavior\ReadHtmlCacheBehavior [ RunTime:0.000367s ]
INFO: [ app_begin ] --END-- [ RunTime:0.000407s ]
ERR: 无法加载控制器:Static

[ 2015-11-03T16:28:26+08:00 ] 124.207.227.146 /Audit/audit?pid=6&aid=3
INFO: [ app_init ] --START--
INFO: Run Behavior\BuildLiteBehavior [ RunTime:0.000016s ]
INFO: [ app_init ] --END-- [ RunTime:0.000385s ]
INFO: [ app_begin ] --START--
INFO: Run Behavior\ReadHtmlCacheBehavior [ RunTime:0.000344s ]
INFO: [ app_begin ] --END-- [ RunTime:0.000386s ]
NOTIC: [8] Undefined index: db_host /home/www/new.dlxu.com/ThinkPHP/Library/Think/Db.class.php 第 66 行.
NOTIC: [8] Undefined index: db_name /home/www/new.dlxu.com/ThinkPHP/Library/Think/Db.class.php 第 68 行.
SQL: SHOW COLUMNS FROM `tbl_options` [ RunTime:0.0007s ]
SQL: SHOW COLUMNS FROM `tbl_auditoption` [ RunTime:0.0004s ]
SQL: SHOW COLUMNS FROM `tbl_project` [ RunTime:0.0005s ]
SQL: SELECT * FROM `tbl_project` WHERE `id` = 6 LIMIT 1   [ RunTime:0.0002s ]
SQL: SHOW COLUMNS FROM `tbl_auditoption` [ RunTime:0.0005s ]
SQL: SELECT a.*,p.value,p.isAudit,p.isConfirm FROM tbl_auditoption a LEFT JOIN tbl_project_auditoption p ON p.project=6 AND p.auditoption=a.id WHERE a.audit = 3  [ RunTime:0.0002s ]
SQL: SHOW COLUMNS FROM `tbl_project_student` [ RunTime:0.0004s ]
SQL: SELECT s.name,s.id FROM tbl_project_student p JOIN tbl_student s ON p.student = s.id  [ RunTime:0.0002s ]
SQL: SHOW COLUMNS FROM `tbl_student` [ RunTime:0.0004s ]
SQL: SELECT s.* FROM tbl_student s JOIN tbl_project_student p ON s.id=p.student WHERE p.project = 6 ORDER BY `name` asc  [ RunTime:0.0002s ]
INFO: [ view_parse ] --START--
INFO: [ template_filter ] --START--
INFO: Run Behavior\ContentReplaceBehavior [ RunTime:0.000041s ]
INFO: [ template_filter ] --END-- [ RunTime:0.000080s ]
NOTIC: [8] Undefined variable: siteInfo /home/www/new.dlxu.com/Application/Runtime/Cache/Home/c7f87bd2b16270383b79b287ba581034.php 第 5 行.
INFO: Run Behavior\ParseTemplateBehavior [ RunTime:0.009109s ]
INFO: [ view_parse ] --END-- [ RunTime:0.009147s ]
INFO: [ view_filter ] --START--
INFO: Run Behavior\WriteHtmlCacheBehavior [ RunTime:0.000108s ]
INFO: [ view_filter ] --END-- [ RunTime:0.000143s ]
INFO: [ app_end ] --START--
INFO: Run Behavior\ShowPageTraceBehavior [ RunTime:0.000379s ]
INFO: [ app_end ] --END-- [ RunTime:0.000416s ]

[ 2015-11-03T16:28:27+08:00 ] 124.207.227.146 /static/js/jquery.min.map
INFO: [ app_init ] --START--
INFO: Run Behavior\BuildLiteBehavior [ RunTime:0.000012s ]
INFO: [ app_init ] --END-- [ RunTime:0.000263s ]
INFO: [ app_begin ] --START--
INFO: Run Behavior\ReadHtmlCacheBehavior [ RunTime:0.000342s ]
INFO: [ app_begin ] --END-- [ RunTime:0.000384s ]
ERR: 无法加载控制器:Static

[ 2015-11-03T16:30:24+08:00 ] 124.207.227.146 /Audit/audit?pid=6&aid=3
INFO: [ app_init ] --START--
INFO: Run Behavior\BuildLiteBehavior [ RunTime:0.000014s ]
INFO: [ app_init ] --END-- [ RunTime:0.000282s ]
INFO: [ app_begin ] --START--
INFO: Run Behavior\ReadHtmlCacheBehavior [ RunTime:0.000359s ]
INFO: [ app_begin ] --END-- [ RunTime:0.000401s ]
NOTIC: [8] Undefined index: db_host /home/www/new.dlxu.com/ThinkPHP/Library/Think/Db.class.php 第 66 行.
NOTIC: [8] Undefined index: db_name /home/www/new.dlxu.com/ThinkPHP/Library/Think/Db.class.php 第 68 行.
SQL: SHOW COLUMNS FROM `tbl_options` [ RunTime:0.0007s ]
SQL: SHOW COLUMNS FROM `tbl_auditoption` [ RunTime:0.0005s ]
SQL: SHOW COLUMNS FROM `tbl_project` [ RunTime:0.0005s ]
SQL: SELECT * FROM `tbl_project` WHERE `id` = 6 LIMIT 1   [ RunTime:0.0002s ]
SQL: SHOW COLUMNS FROM `tbl_auditoption` [ RunTime:0.0004s ]
SQL: SELECT a.*,p.value,p.isAudit,p.isConfirm FROM tbl_auditoption a LEFT JOIN tbl_project_auditoption p ON p.project=6 AND p.auditoption=a.id WHERE a.audit = 3  [ RunTime:0.0002s ]
SQL: SHOW COLUMNS FROM `tbl_project_student` [ RunTime:0.0004s ]
SQL: SELECT s.name,s.id FROM tbl_project_student p JOIN tbl_student s ON p.student = s.id  [ RunTime:0.0002s ]
SQL: SHOW COLUMNS FROM `tbl_student` [ RunTime:0.0004s ]
SQL: SELECT s.* FROM tbl_student s JOIN tbl_project_student p ON s.id=p.student WHERE p.project = 6 ORDER BY `name` asc  [ RunTime:0.0002s ]
INFO: [ view_parse ] --START--
INFO: [ template_filter ] --START--
INFO: Run Behavior\ContentReplaceBehavior [ RunTime:0.000043s ]
INFO: [ template_filter ] --END-- [ RunTime:0.000086s ]
NOTIC: [8] Undefined variable: siteInfo /home/www/new.dlxu.com/Application/Runtime/Cache/Home/c7f87bd2b16270383b79b287ba581034.php 第 5 行.
INFO: Run Behavior\ParseTemplateBehavior [ RunTime:0.009510s ]
INFO: [ view_parse ] --END-- [ RunTime:0.009546s ]
INFO: [ view_filter ] --START--
INFO: Run Behavior\WriteHtmlCacheBehavior [ RunTime:0.000116s ]
INFO: [ view_filter ] --END-- [ RunTime:0.000152s ]
INFO: [ app_end ] --START--
INFO: Run Behavior\ShowPageTraceBehavior [ RunTime:0.000358s ]
INFO: [ app_end ] --END-- [ RunTime:0.000395s ]

[ 2015-11-03T16:30:24+08:00 ] 124.207.227.146 /static/js/jquery.min.map
INFO: [ app_init ] --START--
INFO: Run Behavior\BuildLiteBehavior [ RunTime:0.000011s ]
INFO: [ app_init ] --END-- [ RunTime:0.000268s ]
INFO: [ app_begin ] --START--
INFO: Run Behavior\ReadHtmlCacheBehavior [ RunTime:0.000346s ]
INFO: [ app_begin ] --END-- [ RunTime:0.000387s ]
ERR: 无法加载控制器:Static

[ 2015-11-03T16:30:27+08:00 ] 124.207.227.146 /Audit/20151102/d135a9172fbfaea9Chrysanthemum.jpg
INFO: [ app_init ] --START--
INFO: Run Behavior\BuildLiteBehavior [ RunTime:0.000017s ]
INFO: [ app_init ] --END-- [ RunTime:0.000316s ]

[ 2015-11-03T16:30:37+08:00 ] 124.207.227.146 /static/js/jquery.min.map
INFO: [ app_init ] --START--
INFO: Run Behavior\BuildLiteBehavior [ RunTime:0.000017s ]
INFO: [ app_init ] --END-- [ RunTime:0.000308s ]
INFO: [ app_begin ] --START--
INFO: Run Behavior\ReadHtmlCacheBehavior [ RunTime:0.000418s ]
INFO: [ app_begin ] --END-- [ RunTime:0.000460s ]
ERR: 无法加载控制器:Static

[ 2015-11-03T16:30:59+08:00 ] 124.207.227.146 /Audit/audit?pid=6&aid=3
INFO: [ app_init ] --START--
INFO: Run Behavior\BuildLiteBehavior [ RunTime:0.000013s ]
INFO: [ app_init ] --END-- [ RunTime:0.000308s ]
INFO: [ app_begin ] --START--
INFO: Run Behavior\ReadHtmlCacheBehavior [ RunTime:0.000377s ]
INFO: [ app_begin ] --END-- [ RunTime:0.000418s ]
NOTIC: [8] Undefined index: db_host /home/www/new.dlxu.com/ThinkPHP/Library/Think/Db.class.php 第 66 行.
NOTIC: [8] Undefined index: db_name /home/www/new.dlxu.com/ThinkPHP/Library/Think/Db.class.php 第 68 行.
SQL: SHOW COLUMNS FROM `tbl_options` [ RunTime:0.0009s ]
SQL: SHOW COLUMNS FROM `tbl_auditoption` [ RunTime:0.0005s ]
SQL: SHOW COLUMNS FROM `tbl_project` [ RunTime:0.0005s ]
SQL: SELECT * FROM `tbl_project` WHERE `id` = 6 LIMIT 1   [ RunTime:0.0002s ]
SQL: SHOW COLUMNS FROM `tbl_auditoption` [ RunTime:0.0005s ]
SQL: SELECT a.*,p.value,p.isAudit,p.isConfirm FROM tbl_auditoption a LEFT JOIN tbl_project_auditoption p ON p.project=6 AND p.auditoption=a.id WHERE a.audit = 3  [ RunTime:0.0003s ]
SQL: SHOW COLUMNS FROM `tbl_project_student` [ RunTime:0.0004s ]
SQL: SELECT s.name,s.id FROM tbl_project_student p JOIN tbl_student s ON p.student = s.id  [ RunTime:0.0002s ]
SQL: SHOW COLUMNS FROM `tbl_student` [ RunTime:0.0004s ]
SQL: SELECT s.* FROM tbl_student s JOIN tbl_project_student p ON s.id=p.student WHERE p.project = 6 ORDER BY `name` asc  [ RunTime:0.0002s ]
INFO: [ view_parse ] --START--
INFO: [ template_filter ] --START--
INFO: Run Behavior\ContentReplaceBehavior [ RunTime:0.000052s ]
INFO: [ template_filter ] --END-- [ RunTime:0.000115s ]
NOTIC: [8] Undefined variable: siteInfo /home/www/new.dlxu.com/Application/Runtime/Cache/Home/c7f87bd2b16270383b79b287ba581034.php 第 5 行.
INFO: Run Behavior\ParseTemplateBehavior [ RunTime:0.010527s ]
INFO: [ view_parse ] --END-- [ RunTime:0.010574s ]
INFO: [ view_filter ] --START--
INFO: Run Behavior\WriteHtmlCacheBehavior [ RunTime:0.000125s ]
INFO: [ view_filter ] --END-- [ RunTime:0.000161s ]
INFO: [ app_end ] --START--
INFO: Run Behavior\ShowPageTraceBehavior [ RunTime:0.000493s ]
INFO: [ app_end ] --END-- [ RunTime:0.000535s ]

[ 2015-11-03T16:31:00+08:00 ] 124.207.227.146 /static/js/jquery.min.map
INFO: [ app_init ] --START--
INFO: Run Behavior\BuildLiteBehavior [ RunTime:0.000018s ]
INFO: [ app_init ] --END-- [ RunTime:0.000379s ]
INFO: [ app_begin ] --START--
INFO: Run Behavior\ReadHtmlCacheBehavior [ RunTime:0.000462s ]
INFO: [ app_begin ] --END-- [ RunTime:0.000513s ]
ERR: 无法加载控制器:Static

[ 2015-11-03T16:31:17+08:00 ] 124.207.227.146 /Audit/audit?pid=6&aid=3
INFO: [ app_init ] --START--
INFO: Run Behavior\BuildLiteBehavior [ RunTime:0.000017s ]
INFO: [ app_init ] --END-- [ RunTime:0.000304s ]
INFO: [ app_begin ] --START--
INFO: Run Behavior\ReadHtmlCacheBehavior [ RunTime:0.000371s ]
INFO: [ app_begin ] --END-- [ RunTime:0.000415s ]
NOTIC: [8] Undefined index: db_host /home/www/new.dlxu.com/ThinkPHP/Library/Think/Db.class.php 第 66 行.
NOTIC: [8] Undefined index: db_name /home/www/new.dlxu.com/ThinkPHP/Library/Think/Db.class.php 第 68 行.
SQL: SHOW COLUMNS FROM `tbl_options` [ RunTime:0.0011s ]
SQL: SHOW COLUMNS FROM `tbl_auditoption` [ RunTime:0.0005s ]
SQL: SHOW COLUMNS FROM `tbl_project` [ RunTime:0.0005s ]
SQL: SELECT * FROM `tbl_project` WHERE `id` = 6 LIMIT 1   [ RunTime:0.0002s ]
SQL: SHOW COLUMNS FROM `tbl_auditoption` [ RunTime:0.0004s ]
SQL: SELECT a.*,p.value,p.isAudit,p.isConfirm FROM tbl_auditoption a LEFT JOIN tbl_project_auditoption p ON p.project=6 AND p.auditoption=a.id WHERE a.audit = 3  [ RunTime:0.0002s ]
SQL: SHOW COLUMNS FROM `tbl_project_student` [ RunTime:0.0004s ]
SQL: SELECT s.name,s.id FROM tbl_project_student p JOIN tbl_student s ON p.student = s.id  [ RunTime:0.0002s ]
SQL: SHOW COLUMNS FROM `tbl_student` [ RunTime:0.0004s ]
SQL: SELECT s.* FROM tbl_student s JOIN tbl_project_student p ON s.id=p.student WHERE p.project = 6 ORDER BY `name` asc  [ RunTime:0.0003s ]
INFO: [ view_parse ] --START--
INFO: [ template_filter ] --START--
INFO: Run Behavior\ContentReplaceBehavior [ RunTime:0.000045s ]
INFO: [ template_filter ] --END-- [ RunTime:0.000098s ]
NOTIC: [8] Undefined variable: siteInfo /home/www/new.dlxu.com/Application/Runtime/Cache/Home/c7f87bd2b16270383b79b287ba581034.php 第 5 行.
INFO: Run Behavior\ParseTemplateBehavior [ RunTime:0.010131s ]
INFO: [ view_parse ] --END-- [ RunTime:0.010171s ]
INFO: [ view_filter ] --START--
INFO: Run Behavior\WriteHtmlCacheBehavior [ RunTime:0.000127s ]
INFO: [ view_filter ] --END-- [ RunTime:0.000163s ]
INFO: [ app_end ] --START--
INFO: Run Behavior\ShowPageTraceBehavior [ RunTime:0.000361s ]
INFO: [ app_end ] --END-- [ RunTime:0.000400s ]

[ 2015-11-03T16:31:18+08:00 ] 124.207.227.146 /static/js/jquery.min.map
INFO: [ app_init ] --START--
INFO: Run Behavior\BuildLiteBehavior [ RunTime:0.000012s ]
INFO: [ app_init ] --END-- [ RunTime:0.000266s ]
INFO: [ app_begin ] --START--
INFO: Run Behavior\ReadHtmlCacheBehavior [ RunTime:0.000377s ]
INFO: [ app_begin ] --END-- [ RunTime:0.000418s ]
ERR: 无法加载控制器:Static

[ 2015-11-03T16:31:27+08:00 ] 124.207.227.146 /Audit/audit?pid=6&aid=3
INFO: [ app_init ] --START--
INFO: Run Behavior\BuildLiteBehavior [ RunTime:0.000012s ]
INFO: [ app_init ] --END-- [ RunTime:0.000286s ]
INFO: [ app_begin ] --START--
INFO: Run Behavior\ReadHtmlCacheBehavior [ RunTime:0.000359s ]
INFO: [ app_begin ] --END-- [ RunTime:0.000400s ]
NOTIC: [8] Undefined index: db_host /home/www/new.dlxu.com/ThinkPHP/Library/Think/Db.class.php 第 66 行.
NOTIC: [8] Undefined index: db_name /home/www/new.dlxu.com/ThinkPHP/Library/Think/Db.class.php 第 68 行.
SQL: SHOW COLUMNS FROM `tbl_options` [ RunTime:0.0007s ]
SQL: SHOW COLUMNS FROM `tbl_auditoption` [ RunTime:0.0005s ]
SQL: SHOW COLUMNS FROM `tbl_project` [ RunTime:0.0005s ]
SQL: SELECT * FROM `tbl_project` WHERE `id` = 6 LIMIT 1   [ RunTime:0.0002s ]
SQL: SHOW COLUMNS FROM `tbl_auditoption` [ RunTime:0.0005s ]
SQL: SELECT a.*,p.value,p.isAudit,p.isConfirm FROM tbl_auditoption a LEFT JOIN tbl_project_auditoption p ON p.project=6 AND p.auditoption=a.id WHERE a.audit = 3  [ RunTime:0.0003s ]
SQL: SHOW COLUMNS FROM `tbl_project_student` [ RunTime:0.0004s ]
SQL: SELECT s.name,s.id FROM tbl_project_student p JOIN tbl_student s ON p.student = s.id  [ RunTime:0.0002s ]
SQL: SHOW COLUMNS FROM `tbl_student` [ RunTime:0.0004s ]
SQL: SELECT s.* FROM tbl_student s JOIN tbl_project_student p ON s.id=p.student WHERE p.project = 6 ORDER BY `name` asc  [ RunTime:0.0002s ]
INFO: [ view_parse ] --START--
INFO: [ template_filter ] --START--
INFO: Run Behavior\ContentReplaceBehavior [ RunTime:0.000042s ]
INFO: [ template_filter ] --END-- [ RunTime:0.000082s ]
NOTIC: [8] Undefined variable: siteInfo /home/www/new.dlxu.com/Application/Runtime/Cache/Home/c7f87bd2b16270383b79b287ba581034.php 第 5 行.
INFO: Run Behavior\ParseTemplateBehavior [ RunTime:0.010323s ]
INFO: [ view_parse ] --END-- [ RunTime:0.010361s ]
INFO: [ view_filter ] --START--
INFO: Run Behavior\WriteHtmlCacheBehavior [ RunTime:0.000112s ]
INFO: [ view_filter ] --END-- [ RunTime:0.000147s ]
INFO: [ app_end ] --START--
INFO: Run Behavior\ShowPageTraceBehavior [ RunTime:0.000375s ]
INFO: [ app_end ] --END-- [ RunTime:0.000416s ]

[ 2015-11-03T16:31:29+08:00 ] 124.207.227.146 /static/js/jquery.min.map
INFO: [ app_init ] --START--
INFO: Run Behavior\BuildLiteBehavior [ RunTime:0.000014s ]
INFO: [ app_init ] --END-- [ RunTime:0.000284s ]
INFO: [ app_begin ] --START--
INFO: Run Behavior\ReadHtmlCacheBehavior [ RunTime:0.000393s ]
INFO: [ app_begin ] --END-- [ RunTime:0.000433s ]
ERR: 无法加载控制器:Static

[ 2015-11-03T16:38:05+08:00 ] 124.207.227.146 /Audit/audit?pid=6&aid=3
INFO: [ app_init ] --START--
INFO: Run Behavior\BuildLiteBehavior [ RunTime:0.000012s ]
INFO: [ app_init ] --END-- [ RunTime:0.000269s ]
INFO: [ app_begin ] --START--
INFO: Run Behavior\ReadHtmlCacheBehavior [ RunTime:0.000348s ]
INFO: [ app_begin ] --END-- [ RunTime:0.000390s ]
NOTIC: [8] Undefined index: db_host /home/www/new.dlxu.com/ThinkPHP/Library/Think/Db.class.php 第 66 行.
NOTIC: [8] Undefined index: db_name /home/www/new.dlxu.com/ThinkPHP/Library/Think/Db.class.php 第 68 行.
SQL: SHOW COLUMNS FROM `tbl_options` [ RunTime:0.0007s ]
SQL: SHOW COLUMNS FROM `tbl_auditoption` [ RunTime:0.0004s ]
SQL: SHOW COLUMNS FROM `tbl_project` [ RunTime:0.0005s ]
SQL: SELECT * FROM `tbl_project` WHERE `id` = 6 LIMIT 1   [ RunTime:0.0002s ]
SQL: SHOW COLUMNS FROM `tbl_auditoption` [ RunTime:0.0005s ]
SQL: SELECT a.*,p.value,p.isAudit,p.isConfirm FROM tbl_auditoption a LEFT JOIN tbl_project_auditoption p ON p.project=6 AND p.auditoption=a.id WHERE a.audit = 3  [ RunTime:0.0002s ]
SQL: SHOW COLUMNS FROM `tbl_project_student` [ RunTime:0.0004s ]
SQL: SELECT s.name,s.id FROM tbl_project_student p JOIN tbl_student s ON p.student = s.id  [ RunTime:0.0004s ]
SQL: SHOW COLUMNS FROM `tbl_student` [ RunTime:0.0006s ]
SQL: SELECT s.* FROM tbl_student s JOIN tbl_project_student p ON s.id=p.student WHERE p.project = 6 ORDER BY `name` asc  [ RunTime:0.0002s ]
INFO: [ view_parse ] --START--
INFO: [ template_filter ] --START--
INFO: Run Behavior\ContentReplaceBehavior [ RunTime:0.000047s ]
INFO: [ template_filter ] --END-- [ RunTime:0.000104s ]
NOTIC: [8] Undefined variable: siteInfo /home/www/new.dlxu.com/Application/Runtime/Cache/Home/c7f87bd2b16270383b79b287ba581034.php 第 5 行.
INFO: Run Behavior\ParseTemplateBehavior [ RunTime:0.009795s ]
INFO: [ view_parse ] --END-- [ RunTime:0.009835s ]
INFO: [ view_filter ] --START--
INFO: Run Behavior\WriteHtmlCacheBehavior [ RunTime:0.000136s ]
INFO: [ view_filter ] --END-- [ RunTime:0.000171s ]
INFO: [ app_end ] --START--
INFO: Run Behavior\ShowPageTraceBehavior [ RunTime:0.000453s ]
INFO: [ app_end ] --END-- [ RunTime:0.000493s ]

[ 2015-11-03T16:38:05+08:00 ] 124.207.227.146 /static/js/jquery.min.map
INFO: [ app_init ] --START--
INFO: Run Behavior\BuildLiteBehavior [ RunTime:0.000013s ]
INFO: [ app_init ] --END-- [ RunTime:0.000289s ]
INFO: [ app_begin ] --START--
INFO: Run Behavior\ReadHtmlCacheBehavior [ RunTime:0.000376s ]
INFO: [ app_begin ] --END-- [ RunTime:0.000421s ]
ERR: 无法加载控制器:Static

[ 2015-11-03T17:24:10+08:00 ] 124.207.227.146 /table/student
INFO: [ app_init ] --START--
INFO: Run Behavior\BuildLiteBehavior [ RunTime:0.000012s ]
INFO: [ app_init ] --END-- [ RunTime:0.000263s ]
INFO: [ app_begin ] --START--
INFO: Run Behavior\ReadHtmlCacheBehavior [ RunTime:0.000342s ]
INFO: [ app_begin ] --END-- [ RunTime:0.000383s ]
NOTIC: [8] Undefined index: db_host /home/www/new.dlxu.com/ThinkPHP/Library/Think/Db.class.php 第 66 行.
NOTIC: [8] Undefined index: db_name /home/www/new.dlxu.com/ThinkPHP/Library/Think/Db.class.php 第 68 行.
SQL: SHOW COLUMNS FROM `tbl_options` [ RunTime:0.0007s ]
SQL: SELECT * FROM `tbl_options` WHERE `status` = 1  [ RunTime:0.0002s ]
SQL: SHOW COLUMNS FROM `tbl_field` [ RunTime:0.0005s ]
SQL: SELECT * FROM `tbl_field` WHERE `table` = 'tbl_student'  [ RunTime:0.0002s ]
SQL: SHOW COLUMNS FROM `tbl_student` [ RunTime:0.0004s ]
SQL: SELECT COUNT(*) AS tp_count FROM `tbl_student` LIMIT 1   [ RunTime:0.0001s ]
SQL: SHOW COLUMNS FROM `tbl_student` [ RunTime:0.0004s ]
SQL: SELECT `id`,`name` FROM `tbl_student` ORDER BY `timecreated` desc LIMIT 0,20   [ RunTime:0.0002s ]
SQL: SHOW COLUMNS FROM `tbl_options` [ RunTime:0.0004s ]
SQL: SELECT * FROM `tbl_options` WHERE `status` = 1  [ RunTime:0.0001s ]
INFO: [ view_parse ] --START--
INFO: [ template_filter ] --START--
INFO: Run Behavior\ContentReplaceBehavior [ RunTime:0.000075s ]
INFO: [ template_filter ] --END-- [ RunTime:0.000129s ]
NOTIC: [8] Undefined variable: siteInfo /home/www/new.dlxu.com/Application/Runtime/Cache/Home/418b7244feaff7d151b676c2f7bb7277.php 第 5 行.
NOTIC: [8] Undefined variable: search /home/www/new.dlxu.com/Application/Runtime/Cache/Home/418b7244feaff7d151b676c2f7bb7277.php 第 20 行.
INFO: Run Behavior\ParseTemplateBehavior [ RunTime:0.013370s ]
INFO: [ view_parse ] --END-- [ RunTime:0.013413s ]
INFO: [ view_filter ] --START--
INFO: Run Behavior\WriteHtmlCacheBehavior [ RunTime:0.000127s ]
INFO: [ view_filter ] --END-- [ RunTime:0.000163s ]
INFO: [ app_end ] --START--
INFO: Run Behavior\ShowPageTraceBehavior [ RunTime:0.000406s ]
INFO: [ app_end ] --END-- [ RunTime:0.000446s ]

[ 2015-11-03T17:24:14+08:00 ] 124.207.227.146 /table/exportuser?ids=4%2C3%2C2%2C1
INFO: [ app_init ] --START--
INFO: Run Behavior\BuildLiteBehavior [ RunTime:0.000013s ]
INFO: [ app_init ] --END-- [ RunTime:0.000271s ]
INFO: [ app_begin ] --START--
INFO: Run Behavior\ReadHtmlCacheBehavior [ RunTime:0.000368s ]
INFO: [ app_begin ] --END-- [ RunTime:0.000409s ]
NOTIC: [8] Undefined index: db_host /home/www/new.dlxu.com/ThinkPHP/Library/Think/Db.class.php 第 66 行.
NOTIC: [8] Undefined index: db_name /home/www/new.dlxu.com/ThinkPHP/Library/Think/Db.class.php 第 68 行.
SQL: SHOW COLUMNS FROM `tbl_options` [ RunTime:0.0008s ]
SQL: SELECT * FROM `tbl_options` WHERE `status` = 1  [ RunTime:0.0002s ]
NOTIC: [8] Undefined variable: fieldDao /home/www/new.dlxu.com/Application/Home/Controller/TableController.class.php 第 252 行.

[ 2015-11-03T17:48:02+08:00 ] 124.207.227.146 /table/exportuser?ids=4%2C3%2C2%2C1
INFO: [ app_init ] --START--
INFO: Run Behavior\BuildLiteBehavior [ RunTime:0.000012s ]
INFO: [ app_init ] --END-- [ RunTime:0.000291s ]
INFO: [ app_begin ] --START--
INFO: Run Behavior\ReadHtmlCacheBehavior [ RunTime:0.000343s ]
INFO: [ app_begin ] --END-- [ RunTime:0.000385s ]
NOTIC: [8] Undefined index: db_host /home/www/new.dlxu.com/ThinkPHP/Library/Think/Db.class.php 第 66 行.
NOTIC: [8] Undefined index: db_name /home/www/new.dlxu.com/ThinkPHP/Library/Think/Db.class.php 第 68 行.
SQL: SHOW COLUMNS FROM `tbl_options` [ RunTime:0.0007s ]
SQL: SELECT * FROM `tbl_options` WHERE `status` = 1  [ RunTime:0.0002s ]
ERR: 无法加载数据库驱动: Think\Db\Driver\

[ 2015-11-03T17:48:28+08:00 ] 124.207.227.146 /table/exportuser?ids=4%2C3%2C2%2C1
INFO: [ app_init ] --START--
INFO: Run Behavior\BuildLiteBehavior [ RunTime:0.000013s ]
INFO: [ app_init ] --END-- [ RunTime:0.000298s ]
INFO: [ app_begin ] --START--
INFO: Run Behavior\ReadHtmlCacheBehavior [ RunTime:0.000361s ]
INFO: [ app_begin ] --END-- [ RunTime:0.000403s ]
NOTIC: [8] Undefined index: db_host /home/www/new.dlxu.com/ThinkPHP/Library/Think/Db.class.php 第 66 行.
NOTIC: [8] Undefined index: db_name /home/www/new.dlxu.com/ThinkPHP/Library/Think/Db.class.php 第 68 行.
SQL: SHOW COLUMNS FROM `tbl_options` [ RunTime:0.0044s ]
SQL: SELECT * FROM `tbl_options` WHERE `status` = 1  [ RunTime:0.0002s ]
SQL: SHOW COLUMNS FROM `tbl_field` [ RunTime:0.0006s ]
SQL: SELECT * FROM `tbl_field` WHERE `table` = 'tbl_student'  [ RunTime:0.0002s ]
INFO: [ app_end ] --START--
INFO: Run Behavior\ShowPageTraceBehavior [ RunTime:0.000447s ]
INFO: [ app_end ] --END-- [ RunTime:0.000488s ]

[ 2015-11-03T17:48:56+08:00 ] 124.207.227.146 /table/exportuser?ids=4%2C3%2C2%2C1
INFO: [ app_init ] --START--
INFO: Run Behavior\BuildLiteBehavior [ RunTime:0.000011s ]
INFO: [ app_init ] --END-- [ RunTime:0.000266s ]
INFO: [ app_begin ] --START--
INFO: Run Behavior\ReadHtmlCacheBehavior [ RunTime:0.000344s ]
INFO: [ app_begin ] --END-- [ RunTime:0.000385s ]
NOTIC: [8] Undefined index: db_host /home/www/new.dlxu.com/ThinkPHP/Library/Think/Db.class.php 第 66 行.
NOTIC: [8] Undefined index: db_name /home/www/new.dlxu.com/ThinkPHP/Library/Think/Db.class.php 第 68 行.
SQL: SHOW COLUMNS FROM `tbl_options` [ RunTime:0.0008s ]
SQL: SELECT * FROM `tbl_options` WHERE `status` = 1  [ RunTime:0.0002s ]
SQL: SHOW COLUMNS FROM `tbl_field` [ RunTime:0.0006s ]
SQL: SELECT * FROM `tbl_field` WHERE `table` = 'tbl_student'  [ RunTime:0.0002s ]
INFO: [ app_end ] --START--
INFO: Run Behavior\ShowPageTraceBehavior [ RunTime:0.000410s ]
INFO: [ app_end ] --END-- [ RunTime:0.000452s ]

[ 2015-11-03T17:50:15+08:00 ] 124.207.227.146 /table/exportuser?ids=4%2C3%2C2%2C1
INFO: [ app_init ] --START--
INFO: Run Behavior\BuildLiteBehavior [ RunTime:0.000012s ]
INFO: [ app_init ] --END-- [ RunTime:0.000259s ]
INFO: [ app_begin ] --START--
INFO: Run Behavior\ReadHtmlCacheBehavior [ RunTime:0.000340s ]
INFO: [ app_begin ] --END-- [ RunTime:0.000380s ]
NOTIC: [8] Undefined index: db_host /home/www/new.dlxu.com/ThinkPHP/Library/Think/Db.class.php 第 66 行.
NOTIC: [8] Undefined index: db_name /home/www/new.dlxu.com/ThinkPHP/Library/Think/Db.class.php 第 68 行.
SQL: SHOW COLUMNS FROM `tbl_options` [ RunTime:0.0007s ]
SQL: SELECT * FROM `tbl_options` WHERE `status` = 1  [ RunTime:0.0002s ]
SQL: SHOW COLUMNS FROM `tbl_field` [ RunTime:0.0006s ]
SQL: SELECT * FROM `tbl_field` WHERE `table` = 'tbl_student'  [ RunTime:0.0002s ]
INFO: [ app_end ] --START--
INFO: Run Behavior\ShowPageTraceBehavior [ RunTime:0.000389s ]
INFO: [ app_end ] --END-- [ RunTime:0.000428s ]

[ 2015-11-03T17:52:27+08:00 ] 124.207.227.146 /table/exportuser?ids=4%2C3%2C2%2C1
INFO: [ app_init ] --START--
INFO: Run Behavior\BuildLiteBehavior [ RunTime:0.000011s ]
INFO: [ app_init ] --END-- [ RunTime:0.000263s ]
INFO: [ app_begin ] --START--
INFO: Run Behavior\ReadHtmlCacheBehavior [ RunTime:0.000373s ]
INFO: [ app_begin ] --END-- [ RunTime:0.000415s ]
NOTIC: [8] Undefined index: db_host /home/www/new.dlxu.com/ThinkPHP/Library/Think/Db.class.php 第 66 行.
NOTIC: [8] Undefined index: db_name /home/www/new.dlxu.com/ThinkPHP/Library/Think/Db.class.php 第 68 行.
SQL: SHOW COLUMNS FROM `tbl_options` [ RunTime:0.0007s ]
SQL: SELECT * FROM `tbl_options` WHERE `status` = 1  [ RunTime:0.0002s ]
SQL: SHOW COLUMNS FROM `tbl_field` [ RunTime:0.0006s ]
SQL: SELECT * FROM `tbl_field` WHERE `table` = 'tbl_student'  [ RunTime:0.0002s ]
ERR: 1064:You have an error in your SQL syntax; check the manual that corresponds to your MySQL server version for the right syntax to use near ') )' at line 1
 [ SQL语句 ] : SELECT * FROM `tbl_field` WHERE ( id IN () ) 
ERR: 1064:You have an error in your SQL syntax; check the manual that corresponds to your MySQL server version for the right syntax to use near ') )' at line 1
 [ SQL语句 ] : SELECT * FROM `tbl_field` WHERE ( id IN () ) 

[ 2015-11-03T17:53:17+08:00 ] 124.207.227.146 /table/exportuser?ids=4%2C3%2C2%2C1
INFO: [ app_init ] --START--
INFO: Run Behavior\BuildLiteBehavior [ RunTime:0.000012s ]
INFO: [ app_init ] --END-- [ RunTime:0.000296s ]
INFO: [ app_begin ] --START--
INFO: Run Behavior\ReadHtmlCacheBehavior [ RunTime:0.000349s ]
INFO: [ app_begin ] --END-- [ RunTime:0.000393s ]
NOTIC: [8] Undefined index: db_host /home/www/new.dlxu.com/ThinkPHP/Library/Think/Db.class.php 第 66 行.
NOTIC: [8] Undefined index: db_name /home/www/new.dlxu.com/ThinkPHP/Library/Think/Db.class.php 第 68 行.
SQL: SHOW COLUMNS FROM `tbl_options` [ RunTime:0.0007s ]
SQL: SELECT * FROM `tbl_options` WHERE `status` = 1  [ RunTime:0.0002s ]
SQL: SHOW COLUMNS FROM `tbl_field` [ RunTime:0.0006s ]
SQL: SELECT * FROM `tbl_field` WHERE `table` = 'tbl_student'  [ RunTime:0.0002s ]
SQL: SELECT * FROM `tbl_field` WHERE ( id IN (4,3,2,1) )  [ RunTime:0.0002s ]
INFO: [ app_end ] --START--
INFO: Run Behavior\ShowPageTraceBehavior [ RunTime:0.000730s ]
INFO: [ app_end ] --END-- [ RunTime:0.000808s ]

[ 2015-11-03T17:53:47+08:00 ] 124.207.227.146 /table/exportuser?ids=4%2C3%2C2%2C1
INFO: [ app_init ] --START--
INFO: Run Behavior\BuildLiteBehavior [ RunTime:0.000012s ]
INFO: [ app_init ] --END-- [ RunTime:0.000267s ]
INFO: [ app_begin ] --START--
INFO: Run Behavior\ReadHtmlCacheBehavior [ RunTime:0.000364s ]
INFO: [ app_begin ] --END-- [ RunTime:0.000406s ]
NOTIC: [8] Undefined index: db_host /home/www/new.dlxu.com/ThinkPHP/Library/Think/Db.class.php 第 66 行.
NOTIC: [8] Undefined index: db_name /home/www/new.dlxu.com/ThinkPHP/Library/Think/Db.class.php 第 68 行.
SQL: SHOW COLUMNS FROM `tbl_options` [ RunTime:0.0007s ]
SQL: SELECT * FROM `tbl_options` WHERE `status` = 1  [ RunTime:0.0002s ]
SQL: SHOW COLUMNS FROM `tbl_field` [ RunTime:0.0005s ]
SQL: SELECT * FROM `tbl_field` WHERE `table` = 'tbl_student'  [ RunTime:0.0002s ]
SQL: SHOW COLUMNS FROM `tbl_student` [ RunTime:0.0004s ]
SQL: SELECT * FROM `tbl_student` WHERE ( id IN (4,3,2,1) )  [ RunTime:0.0002s ]
INFO: [ app_end ] --START--
INFO: Run Behavior\ShowPageTraceBehavior [ RunTime:0.000369s ]
INFO: [ app_end ] --END-- [ RunTime:0.000412s ]

[ 2015-11-03T17:54:22+08:00 ] 124.207.227.146 /table/exportuser?ids=4%2C3%2C2%2C1
INFO: [ app_init ] --START--
INFO: Run Behavior\BuildLiteBehavior [ RunTime:0.000015s ]
INFO: [ app_init ] --END-- [ RunTime:0.000283s ]
INFO: [ app_begin ] --START--
INFO: Run Behavior\ReadHtmlCacheBehavior [ RunTime:0.000375s ]
INFO: [ app_begin ] --END-- [ RunTime:0.000415s ]
NOTIC: [8] Undefined index: db_host /home/www/new.dlxu.com/ThinkPHP/Library/Think/Db.class.php 第 66 行.
NOTIC: [8] Undefined index: db_name /home/www/new.dlxu.com/ThinkPHP/Library/Think/Db.class.php 第 68 行.
SQL: SHOW COLUMNS FROM `tbl_options` [ RunTime:0.0007s ]
SQL: SELECT * FROM `tbl_options` WHERE `status` = 1  [ RunTime:0.0002s ]
SQL: SHOW COLUMNS FROM `tbl_field` [ RunTime:0.0006s ]
SQL: SELECT * FROM `tbl_field` WHERE `table` = 'tbl_student'  [ RunTime:0.0002s ]
SQL: SHOW COLUMNS FROM `tbl_student` [ RunTime:0.0004s ]
SQL: SELECT `name` FROM `tbl_student` WHERE ( id IN (4,3,2,1) )  [ RunTime:0.0001s ]
INFO: [ app_end ] --START--
INFO: Run Behavior\ShowPageTraceBehavior [ RunTime:0.000427s ]
INFO: [ app_end ] --END-- [ RunTime:0.000478s ]

[ 2015-11-03T17:59:33+08:00 ] 124.207.227.146 /table/exportuser?ids=4%2C3%2C2%2C1
INFO: [ app_init ] --START--
INFO: Run Behavior\BuildLiteBehavior [ RunTime:0.000018s ]
INFO: [ app_init ] --END-- [ RunTime:0.000414s ]
INFO: [ app_begin ] --START--
INFO: Run Behavior\ReadHtmlCacheBehavior [ RunTime:0.000548s ]
INFO: [ app_begin ] --END-- [ RunTime:0.000604s ]
NOTIC: [8] Undefined index: db_host /home/www/new.dlxu.com/ThinkPHP/Library/Think/Db.class.php 第 66 行.
NOTIC: [8] Undefined index: db_name /home/www/new.dlxu.com/ThinkPHP/Library/Think/Db.class.php 第 68 行.
SQL: SHOW COLUMNS FROM `tbl_options` [ RunTime:0.0007s ]
SQL: SELECT * FROM `tbl_options` WHERE `status` = 1  [ RunTime:0.0002s ]
SQL: SHOW COLUMNS FROM `tbl_field` [ RunTime:0.0006s ]
SQL: SELECT * FROM `tbl_field` WHERE `table` = 'tbl_student'  [ RunTime:0.0002s ]
SQL: SHOW COLUMNS FROM `tbl_student` [ RunTime:0.0004s ]
SQL: SELECT `name` FROM `tbl_student` WHERE ( id IN (4,3,2,1) )  [ RunTime:0.0002s ]

[ 2015-11-03T18:00:34+08:00 ] 124.207.227.146 /table/exportuser?ids=4%2C3%2C2%2C1
INFO: [ app_init ] --START--
INFO: Run Behavior\BuildLiteBehavior [ RunTime:0.000011s ]
INFO: [ app_init ] --END-- [ RunTime:0.000263s ]
INFO: [ app_begin ] --START--
INFO: Run Behavior\ReadHtmlCacheBehavior [ RunTime:0.000369s ]
INFO: [ app_begin ] --END-- [ RunTime:0.000418s ]
NOTIC: [8] Undefined index: db_host /home/www/new.dlxu.com/ThinkPHP/Library/Think/Db.class.php 第 66 行.
NOTIC: [8] Undefined index: db_name /home/www/new.dlxu.com/ThinkPHP/Library/Think/Db.class.php 第 68 行.
SQL: SHOW COLUMNS FROM `tbl_options` [ RunTime:0.0006s ]
SQL: SELECT * FROM `tbl_options` WHERE `status` = 1  [ RunTime:0.0002s ]
SQL: SHOW COLUMNS FROM `tbl_field` [ RunTime:0.0006s ]
SQL: SELECT * FROM `tbl_field` WHERE `table` = 'tbl_student'  [ RunTime:0.0002s ]
SQL: SHOW COLUMNS FROM `tbl_student` [ RunTime:0.0004s ]
SQL: SELECT `name` FROM `tbl_student` WHERE ( id IN (4,3,2,1) )  [ RunTime:0.0001s ]

[ 2015-11-03T18:18:14+08:00 ] 124.207.227.146 /sys/fields
INFO: [ app_init ] --START--
INFO: Run Behavior\BuildLiteBehavior [ RunTime:0.000016s ]
INFO: [ app_init ] --END-- [ RunTime:0.000298s ]
INFO: [ app_begin ] --START--
INFO: Run Behavior\ReadHtmlCacheBehavior [ RunTime:0.000366s ]
INFO: [ app_begin ] --END-- [ RunTime:0.000408s ]
NOTIC: [8] A session had already been started - ignoring session_start() /home/www/new.dlxu.com/Application/Home/Controller/Base.class.php 第 8 行.
NOTIC: [8] Undefined index: db_host /home/www/new.dlxu.com/ThinkPHP/Library/Think/Db.class.php 第 66 行.
NOTIC: [8] Undefined index: db_name /home/www/new.dlxu.com/ThinkPHP/Library/Think/Db.class.php 第 68 行.
SQL: SHOW COLUMNS FROM `tbl_field` [ RunTime:0.0010s ]
SQL: SHOW COLUMNS FROM `tbl_field` [ RunTime:0.0006s ]
SQL: SELECT f.*,t.name as typename FROM tbl_field f left join tbl_types t ON t.id=f.value WHERE f.table = 'tbl_project' ORDER BY f.order asc  [ RunTime:0.0003s ]
SQL: SHOW COLUMNS FROM `tbl_types` [ RunTime:0.0005s ]
SQL: SELECT * FROM `tbl_types`  [ RunTime:0.0001s ]
SQL: SHOW COLUMNS FROM `tbl_types` [ RunTime:0.0004s ]
SQL: SELECT * FROM `tbl_types`  [ RunTime:0.0001s ]
INFO: [ view_parse ] --START--
INFO: [ template_filter ] --START--
INFO: Run Behavior\ContentReplaceBehavior [ RunTime:0.000049s ]
INFO: [ template_filter ] --END-- [ RunTime:0.000103s ]
INFO: Run Behavior\ParseTemplateBehavior [ RunTime:0.011504s ]
INFO: [ view_parse ] --END-- [ RunTime:0.011572s ]
INFO: [ view_filter ] --START--
INFO: Run Behavior\WriteHtmlCacheBehavior [ RunTime:0.000113s ]
INFO: [ view_filter ] --END-- [ RunTime:0.000147s ]
INFO: [ app_end ] --START--
INFO: Run Behavior\ShowPageTraceBehavior [ RunTime:0.000384s ]
INFO: [ app_end ] --END-- [ RunTime:0.000421s ]

[ 2015-11-03T18:18:16+08:00 ] 124.207.227.146 /sys/fields?table=tbl_student
INFO: [ app_init ] --START--
INFO: Run Behavior\BuildLiteBehavior [ RunTime:0.000011s ]
INFO: [ app_init ] --END-- [ RunTime:0.000262s ]
INFO: [ app_begin ] --START--
INFO: Run Behavior\ReadHtmlCacheBehavior [ RunTime:0.000375s ]
INFO: [ app_begin ] --END-- [ RunTime:0.000415s ]
NOTIC: [8] A session had already been started - ignoring session_start() /home/www/new.dlxu.com/Application/Home/Controller/Base.class.php 第 8 行.

[ 2015-11-03T18:18:16+08:00 ] 124.207.227.146 /sys/fields?table=tbl_student
INFO: [ app_init ] --START--
INFO: Run Behavior\BuildLiteBehavior [ RunTime:0.000012s ]
INFO: [ app_init ] --END-- [ RunTime:0.000264s ]
INFO: [ app_begin ] --START--
INFO: Run Behavior\ReadHtmlCacheBehavior [ RunTime:0.000364s ]
INFO: [ app_begin ] --END-- [ RunTime:0.000405s ]
NOTIC: [8] A session had already been started - ignoring session_start() /home/www/new.dlxu.com/Application/Home/Controller/Base.class.php 第 8 行.
NOTIC: [8] Undefined index: db_host /home/www/new.dlxu.com/ThinkPHP/Library/Think/Db.class.php 第 66 行.
NOTIC: [8] Undefined index: db_name /home/www/new.dlxu.com/ThinkPHP/Library/Think/Db.class.php 第 68 行.
SQL: SHOW COLUMNS FROM `tbl_field` [ RunTime:0.0007s ]
SQL: SHOW COLUMNS FROM `tbl_field` [ RunTime:0.0005s ]
SQL: SELECT f.*,t.name as typename FROM tbl_field f left join tbl_types t ON t.id=f.value WHERE f.table = 'tbl_student' ORDER BY f.order asc  [ RunTime:0.0002s ]
SQL: SHOW COLUMNS FROM `tbl_types` [ RunTime:0.0004s ]
SQL: SELECT * FROM `tbl_types`  [ RunTime:0.0001s ]
SQL: SHOW COLUMNS FROM `tbl_types` [ RunTime:0.0004s ]
SQL: SELECT * FROM `tbl_types`  [ RunTime:0.0001s ]
INFO: [ view_parse ] --START--
INFO: [ template_filter ] --START--
INFO: Run Behavior\ContentReplaceBehavior [ RunTime:0.000051s ]
INFO: [ template_filter ] --END-- [ RunTime:0.000094s ]
INFO: Run Behavior\ParseTemplateBehavior [ RunTime:0.011661s ]
INFO: [ view_parse ] --END-- [ RunTime:0.011709s ]
INFO: [ view_filter ] --START--
INFO: Run Behavior\WriteHtmlCacheBehavior [ RunTime:0.000117s ]
INFO: [ view_filter ] --END-- [ RunTime:0.000153s ]
INFO: [ app_end ] --START--
INFO: Run Behavior\ShowPageTraceBehavior [ RunTime:0.000373s ]
INFO: [ app_end ] --END-- [ RunTime:0.000411s ]

[ 2015-11-03T18:18:32+08:00 ] 124.207.227.146 /Sys/fieldsAdd
INFO: [ app_init ] --START--
INFO: Run Behavior\BuildLiteBehavior [ RunTime:0.000014s ]
INFO: [ app_init ] --END-- [ RunTime:0.000286s ]
INFO: [ app_begin ] --START--
INFO: Run Behavior\ReadHtmlCacheBehavior [ RunTime:0.000381s ]
INFO: [ app_begin ] --END-- [ RunTime:0.000421s ]
NOTIC: [8] A session had already been started - ignoring session_start() /home/www/new.dlxu.com/Application/Home/Controller/Base.class.php 第 8 行.
NOTIC: [8] Undefined index: db_host /home/www/new.dlxu.com/ThinkPHP/Library/Think/Db.class.php 第 66 行.
NOTIC: [8] Undefined index: db_name /home/www/new.dlxu.com/ThinkPHP/Library/Think/Db.class.php 第 68 行.
SQL: SHOW COLUMNS FROM `tbl_field` [ RunTime:0.0007s ]
SQL: SELECT MAX(id) AS tp_max FROM `tbl_field` LIMIT 1   [ RunTime:0.0001s ]
SQL: INSERT INTO `tbl_field` (`name`,`type`,`display`,`search`,`inlist`,`value`,`table`,`id`) VALUES ('手机号','1','2','1','1','20','tbl_student','3') [ RunTime:0.0002s ]
SQL: alter table tbl_student add f_3 varchar(60) not null default '' [ RunTime:0.1769s ]
ERR: :
 [ SQL语句 ] : alter table tbl_student add f_3 varchar(60) not null default ''
ERR: :
 [ SQL语句 ] : alter table tbl_student add f_3 varchar(60) not null default ''

[ 2015-11-03T18:18:34+08:00 ] 124.207.227.146 /sys/fields?table=tbl_student
INFO: [ app_init ] --START--
INFO: Run Behavior\BuildLiteBehavior [ RunTime:0.000015s ]
INFO: [ app_init ] --END-- [ RunTime:0.000288s ]
INFO: [ app_begin ] --START--
INFO: Run Behavior\ReadHtmlCacheBehavior [ RunTime:0.000384s ]
INFO: [ app_begin ] --END-- [ RunTime:0.000426s ]
NOTIC: [8] A session had already been started - ignoring session_start() /home/www/new.dlxu.com/Application/Home/Controller/Base.class.php 第 8 行.
NOTIC: [8] Undefined index: db_host /home/www/new.dlxu.com/ThinkPHP/Library/Think/Db.class.php 第 66 行.
NOTIC: [8] Undefined index: db_name /home/www/new.dlxu.com/ThinkPHP/Library/Think/Db.class.php 第 68 行.
SQL: SHOW COLUMNS FROM `tbl_field` [ RunTime:0.0008s ]
SQL: SHOW COLUMNS FROM `tbl_field` [ RunTime:0.0005s ]
SQL: SELECT f.*,t.name as typename FROM tbl_field f left join tbl_types t ON t.id=f.value WHERE f.table = 'tbl_student' ORDER BY f.order asc  [ RunTime:0.0003s ]
SQL: SHOW COLUMNS FROM `tbl_types` [ RunTime:0.0005s ]
SQL: SELECT * FROM `tbl_types`  [ RunTime:0.0001s ]
SQL: SHOW COLUMNS FROM `tbl_types` [ RunTime:0.0004s ]
SQL: SELECT * FROM `tbl_types`  [ RunTime:0.0001s ]
INFO: [ view_parse ] --START--
INFO: [ template_filter ] --START--
INFO: Run Behavior\ContentReplaceBehavior [ RunTime:0.000066s ]
INFO: [ template_filter ] --END-- [ RunTime:0.000137s ]
INFO: Run Behavior\ParseTemplateBehavior [ RunTime:0.011843s ]
INFO: [ view_parse ] --END-- [ RunTime:0.011889s ]
INFO: [ view_filter ] --START--
INFO: Run Behavior\WriteHtmlCacheBehavior [ RunTime:0.000142s ]
INFO: [ view_filter ] --END-- [ RunTime:0.000178s ]
INFO: [ app_end ] --START--
INFO: Run Behavior\ShowPageTraceBehavior [ RunTime:0.000405s ]
INFO: [ app_end ] --END-- [ RunTime:0.000445s ]

[ 2015-11-03T19:16:04+08:00 ] 121.42.0.30 /
INFO: [ app_init ] --START--
INFO: Run Behavior\BuildLiteBehavior [ RunTime:0.000012s ]
INFO: [ app_init ] --END-- [ RunTime:0.000262s ]
INFO: [ app_begin ] --START--
INFO: Run Behavior\ReadHtmlCacheBehavior [ RunTime:0.000340s ]
INFO: [ app_begin ] --END-- [ RunTime:0.000381s ]
NOTIC: [8] A session had already been started - ignoring session_start() /home/www/new.dlxu.com/Application/Home/Controller/Base.class.php 第 8 行.

[ 2015-11-03T23:24:41+08:00 ] 1.15.177.2 /
INFO: [ app_init ] --START--
INFO: Run Behavior\BuildLiteBehavior [ RunTime:0.000012s ]
INFO: [ app_init ] --END-- [ RunTime:0.000264s ]
INFO: [ app_begin ] --START--
INFO: Run Behavior\ReadHtmlCacheBehavior [ RunTime:0.000369s ]
INFO: [ app_begin ] --END-- [ RunTime:0.000409s ]
NOTIC: [8] A session had already been started - ignoring session_start() /home/www/new.dlxu.com/Application/Home/Controller/Base.class.php 第 8 行.

[ 2015-11-03T23:24:42+08:00 ] 1.15.177.2 /User/index.html
INFO: [ app_init ] --START--
INFO: Run Behavior\BuildLiteBehavior [ RunTime:0.000017s ]
INFO: [ app_init ] --END-- [ RunTime:0.000427s ]
INFO: [ app_begin ] --START--
INFO: Run Behavior\ReadHtmlCacheBehavior [ RunTime:0.000516s ]
INFO: [ app_begin ] --END-- [ RunTime:0.000573s ]
INFO: [ view_parse ] --START--
INFO: [ template_filter ] --START--
INFO: Run Behavior\ContentReplaceBehavior [ RunTime:0.000044s ]
INFO: [ template_filter ] --END-- [ RunTime:0.000100s ]
NOTIC: [8] Undefined variable: siteInfo /home/www/new.dlxu.com/Application/Runtime/Cache/Home/6830cbac89ff06451c77cd8769d6d4ca.php 第 5 行.
INFO: Run Behavior\ParseTemplateBehavior [ RunTime:0.007672s ]
INFO: [ view_parse ] --END-- [ RunTime:0.007710s ]
INFO: [ view_filter ] --START--
INFO: Run Behavior\WriteHtmlCacheBehavior [ RunTime:0.000153s ]
INFO: [ view_filter ] --END-- [ RunTime:0.000200s ]
INFO: [ app_end ] --START--
INFO: Run Behavior\ShowPageTraceBehavior [ RunTime:0.000512s ]
INFO: [ app_end ] --END-- [ RunTime:0.000554s ]

[ 2015-11-03T23:25:06+08:00 ] 1.15.177.2 /favicon.ico
INFO: [ app_init ] --START--
INFO: Run Behavior\BuildLiteBehavior [ RunTime:0.000012s ]
INFO: [ app_init ] --END-- [ RunTime:0.000313s ]

[ 2015-11-03T23:25:06+08:00 ] 1.15.177.2 /favicon.ico
INFO: [ app_init ] --START--
INFO: Run Behavior\BuildLiteBehavior [ RunTime:0.000012s ]
INFO: [ app_init ] --END-- [ RunTime:0.000298s ]

[ 2015-11-03T23:28:07+08:00 ] 1.15.177.2 /User/login.html
INFO: [ app_init ] --START--
INFO: Run Behavior\BuildLiteBehavior [ RunTime:0.000011s ]
INFO: [ app_init ] --END-- [ RunTime:0.000286s ]
INFO: [ app_begin ] --START--
INFO: Run Behavior\ReadHtmlCacheBehavior [ RunTime:0.000336s ]
INFO: [ app_begin ] --END-- [ RunTime:0.000375s ]
NOTIC: [8] Undefined index: db_host /home/www/new.dlxu.com/ThinkPHP/Library/Think/Db.class.php 第 66 行.
NOTIC: [8] Undefined index: db_name /home/www/new.dlxu.com/ThinkPHP/Library/Think/Db.class.php 第 68 行.
SQL: SHOW COLUMNS FROM `dede_member` [ RunTime:0.0013s ]
SQL: SHOW COLUMNS FROM `dede_member` [ RunTime:0.0008s ]
SQL: SELECT m.mid,a.usertype,r.type FROM dede_member m JOIN dede_admin a ON m.mid=a.id LEFT JOIN tbl_userright r ON r.mid=m.mid WHERE m.userid = 'admin' AND m.pwd = '21232f297a57a5a743894a0e4a801fc3'  [ RunTime:0.0003s ]
INFO: [ app_end ] --START--
INFO: Run Behavior\ShowPageTraceBehavior [ RunTime:0.000507s ]
INFO: [ app_end ] --END-- [ RunTime:0.000553s ]

[ 2015-11-03T23:28:08+08:00 ] 1.15.177.2 /
INFO: [ app_init ] --START--
INFO: Run Behavior\BuildLiteBehavior [ RunTime:0.000013s ]
INFO: [ app_init ] --END-- [ RunTime:0.000307s ]
INFO: [ app_begin ] --START--
INFO: Run Behavior\ReadHtmlCacheBehavior [ RunTime:0.000410s ]
INFO: [ app_begin ] --END-- [ RunTime:0.000451s ]
NOTIC: [8] A session had already been started - ignoring session_start() /home/www/new.dlxu.com/Application/Home/Controller/Base.class.php 第 8 行.
NOTIC: [8] Undefined index: db_host /home/www/new.dlxu.com/ThinkPHP/Library/Think/Db.class.php 第 66 行.
NOTIC: [8] Undefined index: db_name /home/www/new.dlxu.com/ThinkPHP/Library/Think/Db.class.php 第 68 行.
SQL: SHOW COLUMNS FROM `tbl_audit` [ RunTime:0.0007s ]
SQL: SELECT * FROM `tbl_audit` ORDER BY `type` asc  [ RunTime:0.0002s ]
INFO: [ view_parse ] --START--
INFO: [ template_filter ] --START--
INFO: Run Behavior\ContentReplaceBehavior [ RunTime:0.000040s ]
INFO: [ template_filter ] --END-- [ RunTime:0.000084s ]
INFO: Run Behavior\ParseTemplateBehavior [ RunTime:0.007716s ]
INFO: [ view_parse ] --END-- [ RunTime:0.007766s ]
INFO: [ view_filter ] --START--
INFO: Run Behavior\WriteHtmlCacheBehavior [ RunTime:0.000114s ]
INFO: [ view_filter ] --END-- [ RunTime:0.000147s ]
INFO: [ app_end ] --START--
INFO: Run Behavior\ShowPageTraceBehavior [ RunTime:0.000389s ]
INFO: [ app_end ] --END-- [ RunTime:0.000426s ]

[ 2015-11-03T23:30:49+08:00 ] 1.15.176.116 /
INFO: [ app_init ] --START--
INFO: Run Behavior\BuildLiteBehavior [ RunTime:0.000012s ]
INFO: [ app_init ] --END-- [ RunTime:0.000269s ]
INFO: [ app_begin ] --START--
INFO: Run Behavior\ReadHtmlCacheBehavior [ RunTime:0.000369s ]
INFO: [ app_begin ] --END-- [ RunTime:0.000412s ]
NOTIC: [8] A session had already been started - ignoring session_start() /home/www/new.dlxu.com/Application/Home/Controller/Base.class.php 第 8 行.
NOTIC: [8] Undefined index: db_host /home/www/new.dlxu.com/ThinkPHP/Library/Think/Db.class.php 第 66 行.
NOTIC: [8] Undefined index: db_name /home/www/new.dlxu.com/ThinkPHP/Library/Think/Db.class.php 第 68 行.
SQL: SHOW COLUMNS FROM `tbl_audit` [ RunTime:0.0007s ]
SQL: SELECT * FROM `tbl_audit` ORDER BY `type` asc  [ RunTime:0.0002s ]
INFO: [ view_parse ] --START--
INFO: [ template_filter ] --START--
INFO: Run Behavior\ContentReplaceBehavior [ RunTime:0.000038s ]
INFO: [ template_filter ] --END-- [ RunTime:0.000082s ]
INFO: Run Behavior\ParseTemplateBehavior [ RunTime:0.007701s ]
INFO: [ view_parse ] --END-- [ RunTime:0.007744s ]
INFO: [ view_filter ] --START--
INFO: Run Behavior\WriteHtmlCacheBehavior [ RunTime:0.000113s ]
INFO: [ view_filter ] --END-- [ RunTime:0.000148s ]
INFO: [ app_end ] --START--
INFO: Run Behavior\ShowPageTraceBehavior [ RunTime:0.000364s ]
INFO: [ app_end ] --END-- [ RunTime:0.000402s ]

[ 2015-11-03T23:31:02+08:00 ] 1.15.176.116 /table/student
INFO: [ app_init ] --START--
INFO: Run Behavior\BuildLiteBehavior [ RunTime:0.000013s ]
INFO: [ app_init ] --END-- [ RunTime:0.000278s ]
INFO: [ app_begin ] --START--
INFO: Run Behavior\ReadHtmlCacheBehavior [ RunTime:0.000406s ]
INFO: [ app_begin ] --END-- [ RunTime:0.000448s ]
NOTIC: [8] Undefined index: db_host /home/www/new.dlxu.com/ThinkPHP/Library/Think/Db.class.php 第 66 行.
NOTIC: [8] Undefined index: db_name /home/www/new.dlxu.com/ThinkPHP/Library/Think/Db.class.php 第 68 行.
SQL: SHOW COLUMNS FROM `tbl_options` [ RunTime:0.0007s ]
SQL: SELECT * FROM `tbl_options` WHERE `status` = 1  [ RunTime:0.0002s ]
SQL: SHOW COLUMNS FROM `tbl_field` [ RunTime:0.0006s ]
SQL: SELECT * FROM `tbl_field` WHERE `table` = 'tbl_student'  [ RunTime:0.0002s ]
SQL: SHOW COLUMNS FROM `tbl_student` [ RunTime:0.0005s ]
SQL: SELECT COUNT(*) AS tp_count FROM `tbl_student` LIMIT 1   [ RunTime:0.0001s ]
SQL: SHOW COLUMNS FROM `tbl_student` [ RunTime:0.0005s ]
SQL: SELECT `id`,`name`,`f_3` FROM `tbl_student` ORDER BY `timecreated` desc LIMIT 0,20   [ RunTime:0.0002s ]
SQL: SHOW COLUMNS FROM `tbl_options` [ RunTime:0.0005s ]
SQL: SELECT * FROM `tbl_options` WHERE `status` = 1  [ RunTime:0.0001s ]
INFO: [ view_parse ] --START--
INFO: [ template_filter ] --START--
INFO: Run Behavior\ContentReplaceBehavior [ RunTime:0.000055s ]
INFO: [ template_filter ] --END-- [ RunTime:0.000106s ]
NOTIC: [8] Undefined variable: siteInfo /home/www/new.dlxu.com/Application/Runtime/Cache/Home/418b7244feaff7d151b676c2f7bb7277.php 第 5 行.
INFO: Run Behavior\ParseTemplateBehavior [ RunTime:0.012855s ]
INFO: [ view_parse ] --END-- [ RunTime:0.012894s ]
INFO: [ view_filter ] --START--
INFO: Run Behavior\WriteHtmlCacheBehavior [ RunTime:0.000123s ]
INFO: [ view_filter ] --END-- [ RunTime:0.000164s ]
INFO: [ app_end ] --START--
INFO: Run Behavior\ShowPageTraceBehavior [ RunTime:0.000421s ]
INFO: [ app_end ] --END-- [ RunTime:0.000460s ]

[ 2015-11-03T23:31:22+08:00 ] 1.15.176.116 /table/sms?ids=4%2C2
INFO: [ app_init ] --START--
INFO: Run Behavior\BuildLiteBehavior [ RunTime:0.000014s ]
INFO: [ app_init ] --END-- [ RunTime:0.000269s ]
INFO: [ app_begin ] --START--
INFO: Run Behavior\ReadHtmlCacheBehavior [ RunTime:0.000358s ]
INFO: [ app_begin ] --END-- [ RunTime:0.000399s ]
NOTIC: [8] Undefined index: db_host /home/www/new.dlxu.com/ThinkPHP/Library/Think/Db.class.php 第 66 行.
NOTIC: [8] Undefined index: db_name /home/www/new.dlxu.com/ThinkPHP/Library/Think/Db.class.php 第 68 行.
SQL: SHOW COLUMNS FROM `tbl_options` [ RunTime:0.0007s ]
SQL: SELECT * FROM `tbl_options` WHERE `status` = 1  [ RunTime:0.0002s ]
SQL: SHOW COLUMNS FROM `tbl_field` [ RunTime:0.0005s ]
SQL: SHOW COLUMNS FROM `tbl_student` [ RunTime:0.0004s ]
SQL: SELECT `name`,`f_3` FROM `tbl_student` WHERE ( id IN (4,2) )  [ RunTime:0.0002s ]
SQL: SHOW COLUMNS FROM `tbl_student` [ RunTime:0.0004s ]
SQL: SELECT `name`,`f_3` FROM `tbl_student` WHERE ( id NOT IN (4,2) )  [ RunTime:0.0001s ]
INFO: [ view_parse ] --START--
INFO: [ template_filter ] --START--
INFO: Run Behavior\ContentReplaceBehavior [ RunTime:0.000042s ]
INFO: [ template_filter ] --END-- [ RunTime:0.000097s ]
NOTIC: [8] Undefined variable: siteInfo /home/www/new.dlxu.com/Application/Runtime/Cache/Home/7e53e1fc0fbce9ca2c5725b5e2b181f4.php 第 5 行.
INFO: Run Behavior\ParseTemplateBehavior [ RunTime:0.008078s ]
INFO: [ view_parse ] --END-- [ RunTime:0.008119s ]
INFO: [ view_filter ] --START--
INFO: Run Behavior\WriteHtmlCacheBehavior [ RunTime:0.000121s ]
INFO: [ view_filter ] --END-- [ RunTime:0.000155s ]
INFO: [ app_end ] --START--
INFO: Run Behavior\ShowPageTraceBehavior [ RunTime:0.000398s ]
INFO: [ app_end ] --END-- [ RunTime:0.000436s ]

[ 2015-11-03T23:37:42+08:00 ] 1.15.176.116 /table/sms?ids=4%2C2
INFO: [ app_init ] --START--
INFO: Run Behavior\BuildLiteBehavior [ RunTime:0.000012s ]
INFO: [ app_init ] --END-- [ RunTime:0.000287s ]
INFO: [ app_begin ] --START--
INFO: Run Behavior\ReadHtmlCacheBehavior [ RunTime:0.000341s ]
INFO: [ app_begin ] --END-- [ RunTime:0.000382s ]
NOTIC: [8] Undefined index: db_host /home/www/new.dlxu.com/ThinkPHP/Library/Think/Db.class.php 第 66 行.
NOTIC: [8] Undefined index: db_name /home/www/new.dlxu.com/ThinkPHP/Library/Think/Db.class.php 第 68 行.
SQL: SHOW COLUMNS FROM `tbl_options` [ RunTime:0.0006s ]
SQL: SELECT * FROM `tbl_options` WHERE `status` = 1  [ RunTime:0.0002s ]
SQL: SHOW COLUMNS FROM `tbl_field` [ RunTime:0.0005s ]
SQL: SHOW COLUMNS FROM `tbl_student` [ RunTime:0.0004s ]
SQL: SELECT `name`,`f_3` FROM `tbl_student` WHERE ( id IN (4,2) )  [ RunTime:0.0002s ]
SQL: SHOW COLUMNS FROM `tbl_student` [ RunTime:0.0004s ]
SQL: SELECT `name`,`f_3` FROM `tbl_student` WHERE ( id NOT IN (4,2) )  [ RunTime:0.0001s ]
INFO: [ view_parse ] --START--
INFO: [ template_filter ] --START--
INFO: Run Behavior\ContentReplaceBehavior [ RunTime:0.000038s ]
INFO: [ template_filter ] --END-- [ RunTime:0.000079s ]
NOTIC: [8] Undefined variable: siteInfo /home/www/new.dlxu.com/Application/Runtime/Cache/Home/7e53e1fc0fbce9ca2c5725b5e2b181f4.php 第 5 行.
INFO: Run Behavior\ParseTemplateBehavior [ RunTime:0.007585s ]
INFO: [ view_parse ] --END-- [ RunTime:0.007622s ]
INFO: [ view_filter ] --START--
INFO: Run Behavior\WriteHtmlCacheBehavior [ RunTime:0.000110s ]
INFO: [ view_filter ] --END-- [ RunTime:0.000144s ]
INFO: [ app_end ] --START--
INFO: Run Behavior\ShowPageTraceBehavior [ RunTime:0.000356s ]
INFO: [ app_end ] --END-- [ RunTime:0.000393s ]

[ 2015-11-03T23:38:26+08:00 ] 1.15.176.116 /static/js/jquery.min.map
INFO: [ app_init ] --START--
INFO: Run Behavior\BuildLiteBehavior [ RunTime:0.000011s ]
INFO: [ app_init ] --END-- [ RunTime:0.000261s ]
INFO: [ app_begin ] --START--
INFO: Run Behavior\ReadHtmlCacheBehavior [ RunTime:0.000339s ]
INFO: [ app_begin ] --END-- [ RunTime:0.000379s ]
ERR: 无法加载控制器:Static

[ 2015-11-03T23:39:24+08:00 ] 1.15.176.116 /table/sms?ids=4%2C2
INFO: [ app_init ] --START--
INFO: Run Behavior\BuildLiteBehavior [ RunTime:0.000012s ]
INFO: [ app_init ] --END-- [ RunTime:0.000263s ]
INFO: [ app_begin ] --START--
INFO: Run Behavior\ReadHtmlCacheBehavior [ RunTime:0.000366s ]
INFO: [ app_begin ] --END-- [ RunTime:0.000406s ]
NOTIC: [8] Undefined index: db_host /home/www/new.dlxu.com/ThinkPHP/Library/Think/Db.class.php 第 66 行.
NOTIC: [8] Undefined index: db_name /home/www/new.dlxu.com/ThinkPHP/Library/Think/Db.class.php 第 68 行.
SQL: SHOW COLUMNS FROM `tbl_options` [ RunTime:0.0006s ]
SQL: SELECT * FROM `tbl_options` WHERE `status` = 1  [ RunTime:0.0002s ]
SQL: SHOW COLUMNS FROM `tbl_field` [ RunTime:0.0005s ]
SQL: SHOW COLUMNS FROM `tbl_student` [ RunTime:0.0004s ]
SQL: SELECT `name`,`f_3` FROM `tbl_student` WHERE ( id IN (4,2) )  [ RunTime:0.0002s ]
SQL: SHOW COLUMNS FROM `tbl_student` [ RunTime:0.0004s ]
SQL: SELECT `name`,`f_3` FROM `tbl_student` WHERE ( id NOT IN (4,2) )  [ RunTime:0.0001s ]
INFO: [ view_parse ] --START--
INFO: [ template_filter ] --START--
INFO: Run Behavior\ContentReplaceBehavior [ RunTime:0.000037s ]
INFO: [ template_filter ] --END-- [ RunTime:0.000087s ]
NOTIC: [8] Undefined variable: siteInfo /home/www/new.dlxu.com/Application/Runtime/Cache/Home/7e53e1fc0fbce9ca2c5725b5e2b181f4.php 第 5 行.
INFO: Run Behavior\ParseTemplateBehavior [ RunTime:0.007758s ]
INFO: [ view_parse ] --END-- [ RunTime:0.007798s ]
INFO: [ view_filter ] --START--
INFO: Run Behavior\WriteHtmlCacheBehavior [ RunTime:0.000143s ]
INFO: [ view_filter ] --END-- [ RunTime:0.000178s ]
INFO: [ app_end ] --START--
INFO: Run Behavior\ShowPageTraceBehavior [ RunTime:0.000358s ]
INFO: [ app_end ] --END-- [ RunTime:0.000399s ]

[ 2015-11-03T23:39:29+08:00 ] 1.15.176.116 /static/js/jquery.min.map
INFO: [ app_init ] --START--
INFO: Run Behavior\BuildLiteBehavior [ RunTime:0.000024s ]
INFO: [ app_init ] --END-- [ RunTime:0.000392s ]
INFO: [ app_begin ] --START--
INFO: Run Behavior\ReadHtmlCacheBehavior [ RunTime:0.000380s ]
INFO: [ app_begin ] --END-- [ RunTime:0.000421s ]
ERR: 无法加载控制器:Static

[ 2015-11-03T23:40:52+08:00 ] 1.15.176.116 /table/sms?ids=4%2C2
INFO: [ app_init ] --START--
INFO: Run Behavior\BuildLiteBehavior [ RunTime:0.000013s ]
INFO: [ app_init ] --END-- [ RunTime:0.000275s ]
INFO: [ app_begin ] --START--
INFO: Run Behavior\ReadHtmlCacheBehavior [ RunTime:0.000372s ]
INFO: [ app_begin ] --END-- [ RunTime:0.000413s ]
NOTIC: [8] Undefined index: db_host /home/www/new.dlxu.com/ThinkPHP/Library/Think/Db.class.php 第 66 行.
NOTIC: [8] Undefined index: db_name /home/www/new.dlxu.com/ThinkPHP/Library/Think/Db.class.php 第 68 行.
SQL: SHOW COLUMNS FROM `tbl_options` [ RunTime:0.0007s ]
SQL: SELECT * FROM `tbl_options` WHERE `status` = 1  [ RunTime:0.0002s ]
SQL: SHOW COLUMNS FROM `tbl_field` [ RunTime:0.0005s ]
SQL: SHOW COLUMNS FROM `tbl_student` [ RunTime:0.0004s ]
SQL: SELECT `name`,`f_3` FROM `tbl_student` WHERE ( id IN (4,2) )  [ RunTime:0.0002s ]
SQL: SHOW COLUMNS FROM `tbl_student` [ RunTime:0.0004s ]
SQL: SELECT `name`,`f_3` FROM `tbl_student` WHERE ( id NOT IN (4,2) )  [ RunTime:0.0002s ]
INFO: [ view_parse ] --START--
INFO: [ template_filter ] --START--
INFO: Run Behavior\ContentReplaceBehavior [ RunTime:0.000038s ]
INFO: [ template_filter ] --END-- [ RunTime:0.000082s ]
NOTIC: [8] Undefined variable: siteInfo /home/www/new.dlxu.com/Application/Runtime/Cache/Home/7e53e1fc0fbce9ca2c5725b5e2b181f4.php 第 5 行.
INFO: Run Behavior\ParseTemplateBehavior [ RunTime:0.007478s ]
INFO: [ view_parse ] --END-- [ RunTime:0.007516s ]
INFO: [ view_filter ] --START--
INFO: Run Behavior\WriteHtmlCacheBehavior [ RunTime:0.000112s ]
INFO: [ view_filter ] --END-- [ RunTime:0.000147s ]
INFO: [ app_end ] --START--
INFO: Run Behavior\ShowPageTraceBehavior [ RunTime:0.000390s ]
INFO: [ app_end ] --END-- [ RunTime:0.000428s ]

[ 2015-11-03T23:41:15+08:00 ] 1.15.176.116 /static/js/jquery.min.map
INFO: [ app_init ] --START--
INFO: Run Behavior\BuildLiteBehavior [ RunTime:0.000014s ]
INFO: [ app_init ] --END-- [ RunTime:0.000274s ]
INFO: [ app_begin ] --START--
INFO: Run Behavior\ReadHtmlCacheBehavior [ RunTime:0.000380s ]
INFO: [ app_begin ] --END-- [ RunTime:0.000421s ]
ERR: 无法加载控制器:Static

[ 2015-11-03T23:46:45+08:00 ] 1.15.176.116 /static/js/jquery.min.map
INFO: [ app_init ] --START--
INFO: Run Behavior\BuildLiteBehavior [ RunTime:0.000017s ]
INFO: [ app_init ] --END-- [ RunTime:0.000379s ]
INFO: [ app_begin ] --START--
INFO: Run Behavior\ReadHtmlCacheBehavior [ RunTime:0.000530s ]
INFO: [ app_begin ] --END-- [ RunTime:0.000607s ]
ERR: 无法加载控制器:Static

[ 2015-11-03T23:46:49+08:00 ] 1.15.176.116 /
INFO: [ app_init ] --START--
INFO: Run Behavior\BuildLiteBehavior [ RunTime:0.000012s ]
INFO: [ app_init ] --END-- [ RunTime:0.000267s ]
INFO: [ app_begin ] --START--
INFO: Run Behavior\ReadHtmlCacheBehavior [ RunTime:0.000343s ]
INFO: [ app_begin ] --END-- [ RunTime:0.000384s ]
NOTIC: [8] A session had already been started - ignoring session_start() /home/www/new.dlxu.com/Application/Home/Controller/Base.class.php 第 8 行.
NOTIC: [8] Undefined index: db_host /home/www/new.dlxu.com/ThinkPHP/Library/Think/Db.class.php 第 66 行.
NOTIC: [8] Undefined index: db_name /home/www/new.dlxu.com/ThinkPHP/Library/Think/Db.class.php 第 68 行.
SQL: SHOW COLUMNS FROM `tbl_audit` [ RunTime:0.0006s ]
SQL: SELECT * FROM `tbl_audit` ORDER BY `type` asc  [ RunTime:0.0002s ]
INFO: [ view_parse ] --START--
INFO: [ template_filter ] --START--
INFO: Run Behavior\ContentReplaceBehavior [ RunTime:0.000039s ]
INFO: [ template_filter ] --END-- [ RunTime:0.000088s ]
INFO: Run Behavior\ParseTemplateBehavior [ RunTime:0.008497s ]
INFO: [ view_parse ] --END-- [ RunTime:0.008542s ]
INFO: [ view_filter ] --START--
INFO: Run Behavior\WriteHtmlCacheBehavior [ RunTime:0.000117s ]
INFO: [ view_filter ] --END-- [ RunTime:0.000152s ]
INFO: [ app_end ] --START--
INFO: Run Behavior\ShowPageTraceBehavior [ RunTime:0.000365s ]
INFO: [ app_end ] --END-- [ RunTime:0.000404s ]

