[ 2015-11-09T10:32:24+08:00 ] 124.207.227.146 /tour/
INFO: [ app_init ] --START--
INFO: Run Behavior\BuildLiteBehavior [ RunTime:0.000055s ]
INFO: [ app_init ] --END-- [ RunTime:0.003170s ]
INFO: [ app_begin ] --START--
INFO: Run Behavior\ReadHtmlCacheBehavior [ RunTime:0.006045s ]
INFO: [ app_begin ] --END-- [ RunTime:0.006251s ]
NOTIC: [8] A session had already been started - ignoring session_start() C:\wamp\www\tour\Application\Home\Controller\Base.class.php 第 8 行.

[ 2015-11-09T10:32:24+08:00 ] 124.207.227.146 /tour/User/index.html
INFO: [ app_init ] --START--
INFO: Run Behavior\BuildLiteBehavior [ RunTime:0.000052s ]
INFO: [ app_init ] --END-- [ RunTime:0.000639s ]
INFO: [ app_begin ] --START--
INFO: Run Behavior\ReadHtmlCacheBehavior [ RunTime:0.000752s ]
INFO: [ app_begin ] --END-- [ RunTime:0.000960s ]
INFO: [ view_parse ] --START--
INFO: [ template_filter ] --START--
INFO: Run Behavior\ContentReplaceBehavior [ RunTime:0.005718s ]
INFO: [ template_filter ] --END-- [ RunTime:0.005975s ]
NOTIC: [8] Undefined variable: siteInfo C:\wamp\www\tour\Application\Runtime\Cache\Home\6830cbac89ff06451c77cd8769d6d4ca.php 第 5 行.
INFO: Run Behavior\ParseTemplateBehavior [ RunTime:0.084042s ]
INFO: [ view_parse ] --END-- [ RunTime:0.084262s ]
INFO: [ view_filter ] --START--
INFO: Run Behavior\WriteHtmlCacheBehavior [ RunTime:0.014310s ]
INFO: [ view_filter ] --END-- [ RunTime:0.014527s ]
INFO: [ app_end ] --START--
INFO: Run Behavior\ShowPageTraceBehavior [ RunTime:0.002581s ]
INFO: [ app_end ] --END-- [ RunTime:0.002789s ]

[ 2015-11-09T10:32:31+08:00 ] 124.207.227.146 /tour/User/login.html
INFO: [ app_init ] --START--
INFO: Run Behavior\BuildLiteBehavior [ RunTime:0.000045s ]
INFO: [ app_init ] --END-- [ RunTime:0.002031s ]
INFO: [ app_begin ] --START--
INFO: Run Behavior\ReadHtmlCacheBehavior [ RunTime:0.000847s ]
INFO: [ app_begin ] --END-- [ RunTime:0.001059s ]
NOTIC: [8] Undefined index: db_host C:\wamp\www\tour\ThinkPHP\Library\Think\Db.class.php 第 66 行.
NOTIC: [8] Undefined index: db_name C:\wamp\www\tour\ThinkPHP\Library\Think\Db.class.php 第 68 行.
SQL: SHOW COLUMNS FROM `dede_member` [ RunTime:0.0021s ]
SQL: SHOW COLUMNS FROM `dede_member` [ RunTime:0.0017s ]
SQL: SELECT m.mid,a.usertype,r.type FROM dede_member m JOIN dede_admin a ON m.mid=a.id LEFT JOIN tbl_userright r ON r.mid=m.mid WHERE m.userid = 'admin' AND m.pwd = '21232f297a57a5a743894a0e4a801fc3'  [ RunTime:0.0103s ]
INFO: [ app_end ] --START--
INFO: Run Behavior\ShowPageTraceBehavior [ RunTime:0.001711s ]
INFO: [ app_end ] --END-- [ RunTime:0.001897s ]

[ 2015-11-09T10:32:32+08:00 ] 124.207.227.146 /tour/tour
INFO: [ app_init ] --START--
INFO: Run Behavior\BuildLiteBehavior [ RunTime:0.000044s ]
INFO: [ app_init ] --END-- [ RunTime:0.001826s ]
INFO: [ app_begin ] --START--
INFO: Run Behavior\ReadHtmlCacheBehavior [ RunTime:0.002719s ]
INFO: [ app_begin ] --END-- [ RunTime:0.002928s ]
ERR: 无法加载控制器:Tour

[ 2015-11-09T10:32:38+08:00 ] 124.207.227.146 /tour/
INFO: [ app_init ] --START--
INFO: Run Behavior\BuildLiteBehavior [ RunTime:0.000051s ]
INFO: [ app_init ] --END-- [ RunTime:0.000660s ]
INFO: [ app_begin ] --START--
INFO: Run Behavior\ReadHtmlCacheBehavior [ RunTime:0.000801s ]
INFO: [ app_begin ] --END-- [ RunTime:0.001015s ]
NOTIC: [8] A session had already been started - ignoring session_start() C:\wamp\www\tour\Application\Home\Controller\Base.class.php 第 8 行.
NOTIC: [8] Undefined index: db_host C:\wamp\www\tour\ThinkPHP\Library\Think\Db.class.php 第 66 行.
NOTIC: [8] Undefined index: db_name C:\wamp\www\tour\ThinkPHP\Library\Think\Db.class.php 第 68 行.
SQL: SHOW COLUMNS FROM `tbl_audit` [ RunTime:0.0196s ]
SQL: SELECT * FROM `tbl_audit` ORDER BY `type` asc  [ RunTime:0.0003s ]
INFO: [ view_parse ] --START--
INFO: [ template_filter ] --START--
INFO: Run Behavior\ContentReplaceBehavior [ RunTime:0.000121s ]
INFO: [ template_filter ] --END-- [ RunTime:0.000344s ]
INFO: Run Behavior\ParseTemplateBehavior [ RunTime:0.034448s ]
INFO: [ view_parse ] --END-- [ RunTime:0.034659s ]
INFO: [ view_filter ] --START--
INFO: Run Behavior\WriteHtmlCacheBehavior [ RunTime:0.002309s ]
INFO: [ view_filter ] --END-- [ RunTime:0.002503s ]
INFO: [ app_end ] --START--
INFO: Run Behavior\ShowPageTraceBehavior [ RunTime:0.001739s ]
INFO: [ app_end ] --END-- [ RunTime:0.001940s ]

[ 2015-11-09T10:34:37+08:00 ] 202.112.4.126 /tour/
INFO: [ app_init ] --START--
INFO: Run Behavior\BuildLiteBehavior [ RunTime:0.000049s ]
INFO: [ app_init ] --END-- [ RunTime:0.006095s ]
INFO: [ app_begin ] --START--
INFO: Run Behavior\ReadHtmlCacheBehavior [ RunTime:0.001591s ]
INFO: [ app_begin ] --END-- [ RunTime:0.001837s ]
NOTIC: [8] A session had already been started - ignoring session_start() C:\wamp\www\tour\Application\Home\Controller\Base.class.php 第 8 行.

[ 2015-11-09T10:34:37+08:00 ] 202.112.4.126 /tour/User/index.html
INFO: [ app_init ] --START--
INFO: Run Behavior\BuildLiteBehavior [ RunTime:0.000057s ]
INFO: [ app_init ] --END-- [ RunTime:0.000890s ]
INFO: [ app_begin ] --START--
INFO: Run Behavior\ReadHtmlCacheBehavior [ RunTime:0.000854s ]
INFO: [ app_begin ] --END-- [ RunTime:0.001056s ]
INFO: [ view_parse ] --START--
INFO: [ template_filter ] --START--
INFO: Run Behavior\ContentReplaceBehavior [ RunTime:0.000116s ]
INFO: [ template_filter ] --END-- [ RunTime:0.000336s ]
NOTIC: [8] Undefined variable: siteInfo C:\wamp\www\tour\Application\Runtime\Cache\Home\6830cbac89ff06451c77cd8769d6d4ca.php 第 5 行.
INFO: Run Behavior\ParseTemplateBehavior [ RunTime:0.023739s ]
INFO: [ view_parse ] --END-- [ RunTime:0.023986s ]
INFO: [ view_filter ] --START--
INFO: Run Behavior\WriteHtmlCacheBehavior [ RunTime:0.002270s ]
INFO: [ view_filter ] --END-- [ RunTime:0.002459s ]
INFO: [ app_end ] --START--
INFO: Run Behavior\ShowPageTraceBehavior [ RunTime:0.002521s ]
INFO: [ app_end ] --END-- [ RunTime:0.002717s ]

[ 2015-11-09T10:34:38+08:00 ] 202.112.4.126 /tour/
INFO: [ app_init ] --START--
INFO: Run Behavior\BuildLiteBehavior [ RunTime:0.000045s ]
INFO: [ app_init ] --END-- [ RunTime:0.002847s ]
INFO: [ app_begin ] --START--
INFO: Run Behavior\ReadHtmlCacheBehavior [ RunTime:0.004781s ]
INFO: [ app_begin ] --END-- [ RunTime:0.005009s ]
NOTIC: [8] A session had already been started - ignoring session_start() C:\wamp\www\tour\Application\Home\Controller\Base.class.php 第 8 行.

[ 2015-11-09T10:34:38+08:00 ] 202.112.4.126 /tour/User/index.html
INFO: [ app_init ] --START--
INFO: Run Behavior\BuildLiteBehavior [ RunTime:0.000045s ]
INFO: [ app_init ] --END-- [ RunTime:0.000612s ]
INFO: [ app_begin ] --START--
INFO: Run Behavior\ReadHtmlCacheBehavior [ RunTime:0.001257s ]
INFO: [ app_begin ] --END-- [ RunTime:0.001647s ]
INFO: [ view_parse ] --START--
INFO: [ template_filter ] --START--
INFO: Run Behavior\ContentReplaceBehavior [ RunTime:0.000116s ]
INFO: [ template_filter ] --END-- [ RunTime:0.000347s ]
NOTIC: [8] Undefined variable: siteInfo C:\wamp\www\tour\Application\Runtime\Cache\Home\6830cbac89ff06451c77cd8769d6d4ca.php 第 5 行.
INFO: Run Behavior\ParseTemplateBehavior [ RunTime:0.020510s ]
INFO: [ view_parse ] --END-- [ RunTime:0.020712s ]
INFO: [ view_filter ] --START--
INFO: Run Behavior\WriteHtmlCacheBehavior [ RunTime:0.001357s ]
INFO: [ view_filter ] --END-- [ RunTime:0.001550s ]
INFO: [ app_end ] --START--
INFO: Run Behavior\ShowPageTraceBehavior [ RunTime:0.002308s ]
INFO: [ app_end ] --END-- [ RunTime:0.002523s ]

[ 2015-11-09T10:34:41+08:00 ] 202.112.4.126 /tour/User/login.html
INFO: [ app_init ] --START--
INFO: Run Behavior\BuildLiteBehavior [ RunTime:0.000050s ]
INFO: [ app_init ] --END-- [ RunTime:0.001433s ]
INFO: [ app_begin ] --START--
INFO: Run Behavior\ReadHtmlCacheBehavior [ RunTime:0.001689s ]
INFO: [ app_begin ] --END-- [ RunTime:0.001918s ]
NOTIC: [8] Undefined index: db_host C:\wamp\www\tour\ThinkPHP\Library\Think\Db.class.php 第 66 行.
NOTIC: [8] Undefined index: db_name C:\wamp\www\tour\ThinkPHP\Library\Think\Db.class.php 第 68 行.
SQL: SHOW COLUMNS FROM `dede_member` [ RunTime:0.0020s ]
SQL: SHOW COLUMNS FROM `dede_member` [ RunTime:0.0017s ]
SQL: SELECT m.mid,a.usertype,r.type FROM dede_member m JOIN dede_admin a ON m.mid=a.id LEFT JOIN tbl_userright r ON r.mid=m.mid WHERE m.userid = 'admin' AND m.pwd = '21232f297a57a5a743894a0e4a801fc3'  [ RunTime:0.0005s ]
INFO: [ app_end ] --START--
INFO: Run Behavior\ShowPageTraceBehavior [ RunTime:0.002413s ]
INFO: [ app_end ] --END-- [ RunTime:0.002597s ]

[ 2015-11-09T10:34:41+08:00 ] 202.112.4.126 /tour/tour
INFO: [ app_init ] --START--
INFO: Run Behavior\BuildLiteBehavior [ RunTime:0.000043s ]
INFO: [ app_init ] --END-- [ RunTime:0.001496s ]
INFO: [ app_begin ] --START--
INFO: Run Behavior\ReadHtmlCacheBehavior [ RunTime:0.001531s ]
INFO: [ app_begin ] --END-- [ RunTime:0.001751s ]
ERR: 无法加载控制器:Tour

