[ 2015-11-04T14:56:51+08:00 ] 124.207.227.146 /tour/
INFO: [ app_init ] --START--
INFO: Run Behavior\BuildLiteBehavior [ RunTime:0.000046s ]
INFO: [ app_init ] --END-- [ RunTime:0.000688s ]
INFO: [ app_begin ] --START--
INFO: Run Behavior\ReadHtmlCacheBehavior [ RunTime:0.000833s ]
INFO: [ app_begin ] --END-- [ RunTime:0.001050s ]
NOTIC: [8] A session had already been started - ignoring session_start() C:\wamp\www\tour\Application\Home\Controller\Base.class.php 第 8 行.

[ 2015-11-04T15:03:46+08:00 ] 124.207.227.146 /tour/index.php
INFO: [ app_init ] --START--
INFO: Run Behavior\BuildLiteBehavior [ RunTime:0.000048s ]
INFO: [ app_init ] --END-- [ RunTime:0.000645s ]
INFO: [ app_begin ] --START--
INFO: Run Behavior\ReadHtmlCacheBehavior [ RunTime:0.000824s ]
INFO: [ app_begin ] --END-- [ RunTime:0.001049s ]
NOTIC: [8] A session had already been started - ignoring session_start() C:\wamp\www\tour\Application\Home\Controller\Base.class.php 第 8 行.

[ 2015-11-04T15:09:54+08:00 ] 124.207.227.146 /tour/
INFO: [ app_init ] --START--
INFO: Run Behavior\BuildLiteBehavior [ RunTime:0.000048s ]
INFO: [ app_init ] --END-- [ RunTime:0.000692s ]
INFO: [ app_begin ] --START--
INFO: Run Behavior\ReadHtmlCacheBehavior [ RunTime:0.000742s ]
INFO: [ app_begin ] --END-- [ RunTime:0.000951s ]
NOTIC: [8] A session had already been started - ignoring session_start() C:\wamp\www\tour\Application\Home\Controller\Base.class.php 第 8 行.

[ 2015-11-04T15:09:54+08:00 ] 124.207.227.146 /tour/User/index.html
INFO: [ app_init ] --START--
INFO: Run Behavior\BuildLiteBehavior [ RunTime:0.000042s ]
INFO: [ app_init ] --END-- [ RunTime:0.000569s ]
INFO: [ app_begin ] --START--
INFO: Run Behavior\ReadHtmlCacheBehavior [ RunTime:0.000685s ]
INFO: [ app_begin ] --END-- [ RunTime:0.000885s ]
INFO: [ view_parse ] --START--
INFO: [ template_filter ] --START--
INFO: Run Behavior\ContentReplaceBehavior [ RunTime:0.005912s ]
INFO: [ template_filter ] --END-- [ RunTime:0.006124s ]
NOTIC: [8] Undefined variable: siteInfo C:\wamp\www\tour\Application\Runtime\Cache\Home\6830cbac89ff06451c77cd8769d6d4ca.php 第 5 行.
INFO: Run Behavior\ParseTemplateBehavior [ RunTime:0.053494s ]
INFO: [ view_parse ] --END-- [ RunTime:0.053695s ]
INFO: [ view_filter ] --START--
INFO: Run Behavior\WriteHtmlCacheBehavior [ RunTime:0.000414s ]
INFO: [ view_filter ] --END-- [ RunTime:0.000599s ]
INFO: [ app_end ] --START--
INFO: Run Behavior\ShowPageTraceBehavior [ RunTime:0.000707s ]
INFO: [ app_end ] --END-- [ RunTime:0.000899s ]

[ 2015-11-04T15:11:14+08:00 ] 124.207.227.146 /tour/User/index.html
INFO: [ app_init ] --START--
INFO: Run Behavior\BuildLiteBehavior [ RunTime:0.000046s ]
INFO: [ app_init ] --END-- [ RunTime:0.000648s ]
INFO: [ app_begin ] --START--
INFO: Run Behavior\ReadHtmlCacheBehavior [ RunTime:0.000694s ]
INFO: [ app_begin ] --END-- [ RunTime:0.000900s ]
INFO: [ view_parse ] --START--
INFO: [ template_filter ] --START--
INFO: Run Behavior\ContentReplaceBehavior [ RunTime:0.000109s ]
INFO: [ template_filter ] --END-- [ RunTime:0.000329s ]
NOTIC: [8] Undefined variable: siteInfo C:\wamp\www\tour\Application\Runtime\Cache\Home\6830cbac89ff06451c77cd8769d6d4ca.php 第 5 行.
INFO: Run Behavior\ParseTemplateBehavior [ RunTime:0.014185s ]
INFO: [ view_parse ] --END-- [ RunTime:0.014448s ]
INFO: [ view_filter ] --START--
INFO: Run Behavior\WriteHtmlCacheBehavior [ RunTime:0.000353s ]
INFO: [ view_filter ] --END-- [ RunTime:0.000540s ]
INFO: [ app_end ] --START--
INFO: Run Behavior\ShowPageTraceBehavior [ RunTime:0.000640s ]
INFO: [ app_end ] --END-- [ RunTime:0.000837s ]

[ 2015-11-04T15:13:34+08:00 ] 124.207.227.146 /tour/User/index.html
INFO: [ app_init ] --START--
INFO: Run Behavior\BuildLiteBehavior [ RunTime:0.000048s ]
INFO: [ app_init ] --END-- [ RunTime:0.000662s ]
INFO: [ app_begin ] --START--
INFO: Run Behavior\ReadHtmlCacheBehavior [ RunTime:0.000756s ]
INFO: [ app_begin ] --END-- [ RunTime:0.000959s ]
INFO: [ view_parse ] --START--
INFO: [ template_filter ] --START--
INFO: Run Behavior\ContentReplaceBehavior [ RunTime:0.000107s ]
INFO: [ template_filter ] --END-- [ RunTime:0.000312s ]
NOTIC: [8] Undefined variable: siteInfo C:\wamp\www\tour\Application\Runtime\Cache\Home\6830cbac89ff06451c77cd8769d6d4ca.php 第 5 行.
INFO: Run Behavior\ParseTemplateBehavior [ RunTime:0.014623s ]
INFO: [ view_parse ] --END-- [ RunTime:0.014838s ]
INFO: [ view_filter ] --START--
INFO: Run Behavior\WriteHtmlCacheBehavior [ RunTime:0.000389s ]
INFO: [ view_filter ] --END-- [ RunTime:0.000573s ]
INFO: [ app_end ] --START--
INFO: Run Behavior\ShowPageTraceBehavior [ RunTime:0.000689s ]
INFO: [ app_end ] --END-- [ RunTime:0.000909s ]

[ 2015-11-04T15:13:42+08:00 ] 124.207.227.146 /tour/static/js/jquery.min.map
INFO: [ app_init ] --START--
INFO: Run Behavior\BuildLiteBehavior [ RunTime:0.000044s ]
INFO: [ app_init ] --END-- [ RunTime:0.000596s ]
INFO: [ app_begin ] --START--
INFO: Run Behavior\ReadHtmlCacheBehavior [ RunTime:0.000696s ]
INFO: [ app_begin ] --END-- [ RunTime:0.000915s ]
ERR: 无法加载控制器:Static

[ 2015-11-04T15:13:47+08:00 ] 124.207.227.146 /tour/User/login.html
INFO: [ app_init ] --START--
INFO: Run Behavior\BuildLiteBehavior [ RunTime:0.000045s ]
INFO: [ app_init ] --END-- [ RunTime:0.000567s ]
INFO: [ app_begin ] --START--
INFO: Run Behavior\ReadHtmlCacheBehavior [ RunTime:0.000595s ]
INFO: [ app_begin ] --END-- [ RunTime:0.000776s ]
NOTIC: [8] Undefined index: db_host C:\wamp\www\tour\ThinkPHP\Library\Think\Db.class.php 第 66 行.
NOTIC: [8] Undefined index: db_name C:\wamp\www\tour\ThinkPHP\Library\Think\Db.class.php 第 68 行.
SQL: SHOW COLUMNS FROM `dede_member` [ RunTime:0.0186s ]
SQL: SHOW COLUMNS FROM `dede_member` [ RunTime:0.0018s ]
SQL: SELECT m.mid,a.usertype,r.type FROM dede_member m JOIN dede_admin a ON m.mid=a.id LEFT JOIN tbl_userright r ON r.mid=m.mid WHERE m.userid = 'admin' AND m.pwd = '21232f297a57a5a743894a0e4a801fc3'  [ RunTime:0.0374s ]
INFO: [ app_end ] --START--
INFO: Run Behavior\ShowPageTraceBehavior [ RunTime:0.000748s ]
INFO: [ app_end ] --END-- [ RunTime:0.001022s ]

[ 2015-11-04T15:19:46+08:00 ] 124.207.227.146 /tour/User/index.html
INFO: [ app_init ] --START--
INFO: Run Behavior\BuildLiteBehavior [ RunTime:0.000045s ]
INFO: [ app_init ] --END-- [ RunTime:0.000650s ]
INFO: [ app_begin ] --START--
INFO: Run Behavior\ReadHtmlCacheBehavior [ RunTime:0.000757s ]
INFO: [ app_begin ] --END-- [ RunTime:0.000966s ]

[ 2015-11-04T15:19:46+08:00 ] 124.207.227.146 /tour/Index/index.html
INFO: [ app_init ] --START--
INFO: Run Behavior\BuildLiteBehavior [ RunTime:0.000051s ]
INFO: [ app_init ] --END-- [ RunTime:0.000649s ]
INFO: [ app_begin ] --START--
INFO: Run Behavior\ReadHtmlCacheBehavior [ RunTime:0.000728s ]
INFO: [ app_begin ] --END-- [ RunTime:0.000932s ]
NOTIC: [8] A session had already been started - ignoring session_start() C:\wamp\www\tour\Application\Home\Controller\Base.class.php 第 8 行.
NOTIC: [8] Undefined index: db_host C:\wamp\www\tour\ThinkPHP\Library\Think\Db.class.php 第 66 行.
NOTIC: [8] Undefined index: db_name C:\wamp\www\tour\ThinkPHP\Library\Think\Db.class.php 第 68 行.
SQL: SHOW COLUMNS FROM `tbl_audit` [ RunTime:0.0023s ]
SQL: SELECT * FROM `tbl_audit` ORDER BY `type` asc  [ RunTime:0.0003s ]
INFO: [ view_parse ] --START--
INFO: [ template_filter ] --START--
INFO: Run Behavior\ContentReplaceBehavior [ RunTime:0.000132s ]
INFO: [ template_filter ] --END-- [ RunTime:0.000376s ]
INFO: Run Behavior\ParseTemplateBehavior [ RunTime:0.020325s ]
INFO: [ view_parse ] --END-- [ RunTime:0.020550s ]
INFO: [ view_filter ] --START--
INFO: Run Behavior\WriteHtmlCacheBehavior [ RunTime:0.000380s ]
INFO: [ view_filter ] --END-- [ RunTime:0.000601s ]
INFO: [ app_end ] --START--
INFO: Run Behavior\ShowPageTraceBehavior [ RunTime:0.000694s ]
INFO: [ app_end ] --END-- [ RunTime:0.000889s ]

[ 2015-11-04T15:23:50+08:00 ] 124.207.227.146 /tour/Index/index.html
INFO: [ app_init ] --START--
INFO: Run Behavior\BuildLiteBehavior [ RunTime:0.000044s ]
INFO: [ app_init ] --END-- [ RunTime:0.000652s ]
INFO: [ app_begin ] --START--
INFO: Run Behavior\ReadHtmlCacheBehavior [ RunTime:0.000737s ]
INFO: [ app_begin ] --END-- [ RunTime:0.000945s ]
NOTIC: [8] A session had already been started - ignoring session_start() C:\wamp\www\tour\Application\Home\Controller\Base.class.php 第 8 行.
NOTIC: [8] Undefined index: db_host C:\wamp\www\tour\ThinkPHP\Library\Think\Db.class.php 第 66 行.
NOTIC: [8] Undefined index: db_name C:\wamp\www\tour\ThinkPHP\Library\Think\Db.class.php 第 68 行.
SQL: SHOW COLUMNS FROM `tbl_audit` [ RunTime:0.0018s ]
SQL: SELECT * FROM `tbl_audit` ORDER BY `type` asc  [ RunTime:0.0003s ]
INFO: [ view_parse ] --START--
INFO: [ template_filter ] --START--
INFO: Run Behavior\ContentReplaceBehavior [ RunTime:0.000160s ]
INFO: [ template_filter ] --END-- [ RunTime:0.000379s ]
INFO: Run Behavior\ParseTemplateBehavior [ RunTime:0.019761s ]
INFO: [ view_parse ] --END-- [ RunTime:0.020077s ]
INFO: [ view_filter ] --START--
INFO: Run Behavior\WriteHtmlCacheBehavior [ RunTime:0.000721s ]
INFO: [ view_filter ] --END-- [ RunTime:0.000920s ]
INFO: [ app_end ] --START--
INFO: Run Behavior\ShowPageTraceBehavior [ RunTime:0.000991s ]
INFO: [ app_end ] --END-- [ RunTime:0.001291s ]

[ 2015-11-04T15:23:53+08:00 ] 124.207.227.146 /tour/table/project
INFO: [ app_init ] --START--
INFO: Run Behavior\BuildLiteBehavior [ RunTime:0.000046s ]
INFO: [ app_init ] --END-- [ RunTime:0.000591s ]
INFO: [ app_begin ] --START--
INFO: Run Behavior\ReadHtmlCacheBehavior [ RunTime:0.000712s ]
INFO: [ app_begin ] --END-- [ RunTime:0.000922s ]
NOTIC: [8] Undefined index: db_host C:\wamp\www\tour\ThinkPHP\Library\Think\Db.class.php 第 66 行.
NOTIC: [8] Undefined index: db_name C:\wamp\www\tour\ThinkPHP\Library\Think\Db.class.php 第 68 行.
SQL: SHOW COLUMNS FROM `tbl_options` [ RunTime:0.0023s ]
SQL: SELECT * FROM `tbl_options` WHERE `status` = 1  [ RunTime:0.0005s ]
SQL: SHOW COLUMNS FROM `tbl_field` [ RunTime:0.0021s ]
SQL: SELECT * FROM `tbl_field` WHERE `table` = 'tbl_project'  [ RunTime:0.0004s ]
SQL: SHOW COLUMNS FROM `tbl_project` [ RunTime:0.0020s ]
SQL: SELECT COUNT(*) AS tp_count FROM `tbl_project` LIMIT 1   [ RunTime:0.0002s ]
SQL: SHOW COLUMNS FROM `tbl_project` [ RunTime:0.0015s ]
SQL: SELECT `id`,`name`,`f_2` FROM `tbl_project` ORDER BY `timecreated` desc LIMIT 0,20   [ RunTime:0.0003s ]
SQL: SHOW COLUMNS FROM `tbl_options` [ RunTime:0.0015s ]
SQL: SELECT * FROM `tbl_options` WHERE `status` = 1  [ RunTime:0.0003s ]
INFO: [ view_parse ] --START--
INFO: [ template_filter ] --START--
INFO: Run Behavior\ContentReplaceBehavior [ RunTime:0.000146s ]
INFO: [ template_filter ] --END-- [ RunTime:0.000361s ]
NOTIC: [8] Undefined variable: siteInfo C:\wamp\www\tour\Application\Runtime\Cache\Home\418b7244feaff7d151b676c2f7bb7277.php 第 5 行.
INFO: Run Behavior\ParseTemplateBehavior [ RunTime:0.035652s ]
INFO: [ view_parse ] --END-- [ RunTime:0.035872s ]
INFO: [ view_filter ] --START--
INFO: Run Behavior\WriteHtmlCacheBehavior [ RunTime:0.000363s ]
INFO: [ view_filter ] --END-- [ RunTime:0.000554s ]
INFO: [ app_end ] --START--
INFO: Run Behavior\ShowPageTraceBehavior [ RunTime:0.000578s ]
INFO: [ app_end ] --END-- [ RunTime:0.000795s ]

[ 2015-11-04T15:24:05+08:00 ] 124.207.227.146 /tour/table/student
INFO: [ app_init ] --START--
INFO: Run Behavior\BuildLiteBehavior [ RunTime:0.000044s ]
INFO: [ app_init ] --END-- [ RunTime:0.000644s ]
INFO: [ app_begin ] --START--
INFO: Run Behavior\ReadHtmlCacheBehavior [ RunTime:0.000678s ]
INFO: [ app_begin ] --END-- [ RunTime:0.000888s ]
NOTIC: [8] Undefined index: db_host C:\wamp\www\tour\ThinkPHP\Library\Think\Db.class.php 第 66 行.
NOTIC: [8] Undefined index: db_name C:\wamp\www\tour\ThinkPHP\Library\Think\Db.class.php 第 68 行.
SQL: SHOW COLUMNS FROM `tbl_options` [ RunTime:0.0019s ]
SQL: SELECT * FROM `tbl_options` WHERE `status` = 1  [ RunTime:0.0003s ]
SQL: SHOW COLUMNS FROM `tbl_field` [ RunTime:0.0015s ]
SQL: SELECT * FROM `tbl_field` WHERE `table` = 'tbl_student'  [ RunTime:0.0003s ]
SQL: SHOW COLUMNS FROM `tbl_student` [ RunTime:0.0018s ]
SQL: SELECT COUNT(*) AS tp_count FROM `tbl_student` LIMIT 1   [ RunTime:0.0002s ]
SQL: SHOW COLUMNS FROM `tbl_student` [ RunTime:0.0015s ]
SQL: SELECT `id`,`name`,`f_3` FROM `tbl_student` ORDER BY `timecreated` desc LIMIT 0,20   [ RunTime:0.0003s ]
SQL: SHOW COLUMNS FROM `tbl_options` [ RunTime:0.0014s ]
SQL: SELECT * FROM `tbl_options` WHERE `status` = 1  [ RunTime:0.0002s ]
INFO: [ view_parse ] --START--
INFO: [ template_filter ] --START--
INFO: Run Behavior\ContentReplaceBehavior [ RunTime:0.000166s ]
INFO: [ template_filter ] --END-- [ RunTime:0.000382s ]
NOTIC: [8] Undefined variable: siteInfo C:\wamp\www\tour\Application\Runtime\Cache\Home\418b7244feaff7d151b676c2f7bb7277.php 第 5 行.
INFO: Run Behavior\ParseTemplateBehavior [ RunTime:0.034693s ]
INFO: [ view_parse ] --END-- [ RunTime:0.034898s ]
INFO: [ view_filter ] --START--
INFO: Run Behavior\WriteHtmlCacheBehavior [ RunTime:0.000362s ]
INFO: [ view_filter ] --END-- [ RunTime:0.000553s ]
INFO: [ app_end ] --START--
INFO: Run Behavior\ShowPageTraceBehavior [ RunTime:0.000585s ]
INFO: [ app_end ] --END-- [ RunTime:0.000806s ]

[ 2015-11-04T15:24:12+08:00 ] 124.207.227.146 /tour/audit?aid=4
INFO: [ app_init ] --START--
INFO: Run Behavior\BuildLiteBehavior [ RunTime:0.000045s ]
INFO: [ app_init ] --END-- [ RunTime:0.000609s ]
INFO: [ app_begin ] --START--
INFO: Run Behavior\ReadHtmlCacheBehavior [ RunTime:0.000634s ]
INFO: [ app_begin ] --END-- [ RunTime:0.000859s ]
NOTIC: [8] Undefined index: db_host C:\wamp\www\tour\ThinkPHP\Library\Think\Db.class.php 第 66 行.
NOTIC: [8] Undefined index: db_name C:\wamp\www\tour\ThinkPHP\Library\Think\Db.class.php 第 68 行.
SQL: SHOW COLUMNS FROM `tbl_options` [ RunTime:0.0021s ]
SQL: SHOW COLUMNS FROM `tbl_project` [ RunTime:0.0019s ]
SQL: SELECT COUNT(*) AS tp_count FROM `tbl_project` LIMIT 1   [ RunTime:0.0003s ]
SQL: SELECT * FROM `tbl_project` ORDER BY `id` desc LIMIT 0,20   [ RunTime:0.0003s ]
INFO: [ view_parse ] --START--
INFO: [ template_filter ] --START--
INFO: Run Behavior\ContentReplaceBehavior [ RunTime:0.000121s ]
INFO: [ template_filter ] --END-- [ RunTime:0.000358s ]
NOTIC: [8] Undefined variable: siteInfo C:\wamp\www\tour\Application\Runtime\Cache\Home\b396a6f22a089b7dae6d1c7440e986f7.php 第 5 行.
INFO: Run Behavior\ParseTemplateBehavior [ RunTime:0.016341s ]
INFO: [ view_parse ] --END-- [ RunTime:0.016548s ]
INFO: [ view_filter ] --START--
INFO: Run Behavior\WriteHtmlCacheBehavior [ RunTime:0.000364s ]
INFO: [ view_filter ] --END-- [ RunTime:0.000551s ]
INFO: [ app_end ] --START--
INFO: Run Behavior\ShowPageTraceBehavior [ RunTime:0.000610s ]
INFO: [ app_end ] --END-- [ RunTime:0.000830s ]

[ 2015-11-04T15:24:12+08:00 ] 124.207.227.146 /tour/audit?aid=4
INFO: [ app_init ] --START--
INFO: Run Behavior\BuildLiteBehavior [ RunTime:0.000044s ]
INFO: [ app_init ] --END-- [ RunTime:0.000613s ]
INFO: [ app_begin ] --START--
INFO: Run Behavior\ReadHtmlCacheBehavior [ RunTime:0.000699s ]
INFO: [ app_begin ] --END-- [ RunTime:0.000981s ]
NOTIC: [8] Undefined index: db_host C:\wamp\www\tour\ThinkPHP\Library\Think\Db.class.php 第 66 行.
NOTIC: [8] Undefined index: db_name C:\wamp\www\tour\ThinkPHP\Library\Think\Db.class.php 第 68 行.
SQL: SHOW COLUMNS FROM `tbl_options` [ RunTime:0.0018s ]
SQL: SHOW COLUMNS FROM `tbl_project` [ RunTime:0.0015s ]
SQL: SELECT COUNT(*) AS tp_count FROM `tbl_project` LIMIT 1   [ RunTime:0.0002s ]
SQL: SELECT * FROM `tbl_project` ORDER BY `id` desc LIMIT 0,20   [ RunTime:0.0004s ]
INFO: [ view_parse ] --START--
INFO: [ template_filter ] --START--
INFO: Run Behavior\ContentReplaceBehavior [ RunTime:0.000116s ]
INFO: [ template_filter ] --END-- [ RunTime:0.000354s ]
NOTIC: [8] Undefined variable: siteInfo C:\wamp\www\tour\Application\Runtime\Cache\Home\b396a6f22a089b7dae6d1c7440e986f7.php 第 5 行.
INFO: Run Behavior\ParseTemplateBehavior [ RunTime:0.016641s ]
INFO: [ view_parse ] --END-- [ RunTime:0.016850s ]
INFO: [ view_filter ] --START--
INFO: Run Behavior\WriteHtmlCacheBehavior [ RunTime:0.000393s ]
INFO: [ view_filter ] --END-- [ RunTime:0.000584s ]
INFO: [ app_end ] --START--
INFO: Run Behavior\ShowPageTraceBehavior [ RunTime:0.000651s ]
INFO: [ app_end ] --END-- [ RunTime:0.000850s ]

[ 2015-11-04T15:24:12+08:00 ] 124.207.227.146 /tour/audit?aid=4
INFO: [ app_init ] --START--
INFO: Run Behavior\BuildLiteBehavior [ RunTime:0.000048s ]
INFO: [ app_init ] --END-- [ RunTime:0.000581s ]
INFO: [ app_begin ] --START--
INFO: Run Behavior\ReadHtmlCacheBehavior [ RunTime:0.000648s ]
INFO: [ app_begin ] --END-- [ RunTime:0.000850s ]
NOTIC: [8] Undefined index: db_host C:\wamp\www\tour\ThinkPHP\Library\Think\Db.class.php 第 66 行.
NOTIC: [8] Undefined index: db_name C:\wamp\www\tour\ThinkPHP\Library\Think\Db.class.php 第 68 行.
SQL: SHOW COLUMNS FROM `tbl_options` [ RunTime:0.0018s ]
SQL: SHOW COLUMNS FROM `tbl_project` [ RunTime:0.0017s ]
SQL: SELECT COUNT(*) AS tp_count FROM `tbl_project` LIMIT 1   [ RunTime:0.0002s ]
SQL: SELECT * FROM `tbl_project` ORDER BY `id` desc LIMIT 0,20   [ RunTime:0.0004s ]
INFO: [ view_parse ] --START--
INFO: [ template_filter ] --START--
INFO: Run Behavior\ContentReplaceBehavior [ RunTime:0.000111s ]
INFO: [ template_filter ] --END-- [ RunTime:0.000317s ]
NOTIC: [8] Undefined variable: siteInfo C:\wamp\www\tour\Application\Runtime\Cache\Home\b396a6f22a089b7dae6d1c7440e986f7.php 第 5 行.
INFO: Run Behavior\ParseTemplateBehavior [ RunTime:0.016015s ]
INFO: [ view_parse ] --END-- [ RunTime:0.016220s ]
INFO: [ view_filter ] --START--
INFO: Run Behavior\WriteHtmlCacheBehavior [ RunTime:0.000360s ]
INFO: [ view_filter ] --END-- [ RunTime:0.000569s ]
INFO: [ app_end ] --START--
INFO: Run Behavior\ShowPageTraceBehavior [ RunTime:0.000606s ]
INFO: [ app_end ] --END-- [ RunTime:0.000805s ]

[ 2015-11-04T15:24:18+08:00 ] 124.207.227.146 /tour/audit?aid=3
INFO: [ app_init ] --START--
INFO: Run Behavior\BuildLiteBehavior [ RunTime:0.000047s ]
INFO: [ app_init ] --END-- [ RunTime:0.000594s ]
INFO: [ app_begin ] --START--
INFO: Run Behavior\ReadHtmlCacheBehavior [ RunTime:0.000743s ]
INFO: [ app_begin ] --END-- [ RunTime:0.000945s ]
NOTIC: [8] Undefined index: db_host C:\wamp\www\tour\ThinkPHP\Library\Think\Db.class.php 第 66 行.
NOTIC: [8] Undefined index: db_name C:\wamp\www\tour\ThinkPHP\Library\Think\Db.class.php 第 68 行.
SQL: SHOW COLUMNS FROM `tbl_options` [ RunTime:0.0018s ]
SQL: SHOW COLUMNS FROM `tbl_project` [ RunTime:0.0014s ]
SQL: SELECT COUNT(*) AS tp_count FROM `tbl_project` LIMIT 1   [ RunTime:0.0002s ]
SQL: SELECT * FROM `tbl_project` ORDER BY `id` desc LIMIT 0,20   [ RunTime:0.0004s ]
INFO: [ view_parse ] --START--
INFO: [ template_filter ] --START--
INFO: Run Behavior\ContentReplaceBehavior [ RunTime:0.000128s ]
INFO: [ template_filter ] --END-- [ RunTime:0.000377s ]
NOTIC: [8] Undefined variable: siteInfo C:\wamp\www\tour\Application\Runtime\Cache\Home\b396a6f22a089b7dae6d1c7440e986f7.php 第 5 行.
INFO: Run Behavior\ParseTemplateBehavior [ RunTime:0.017417s ]
INFO: [ view_parse ] --END-- [ RunTime:0.017651s ]
INFO: [ view_filter ] --START--
INFO: Run Behavior\WriteHtmlCacheBehavior [ RunTime:0.000453s ]
INFO: [ view_filter ] --END-- [ RunTime:0.000672s ]
INFO: [ app_end ] --START--
INFO: Run Behavior\ShowPageTraceBehavior [ RunTime:0.000708s ]
INFO: [ app_end ] --END-- [ RunTime:0.000911s ]

[ 2015-11-04T15:24:19+08:00 ] 124.207.227.146 /tour/audit?aid=3
INFO: [ app_init ] --START--
INFO: Run Behavior\BuildLiteBehavior [ RunTime:0.000045s ]
INFO: [ app_init ] --END-- [ RunTime:0.000588s ]
INFO: [ app_begin ] --START--
INFO: Run Behavior\ReadHtmlCacheBehavior [ RunTime:0.000649s ]
INFO: [ app_begin ] --END-- [ RunTime:0.000852s ]
NOTIC: [8] Undefined index: db_host C:\wamp\www\tour\ThinkPHP\Library\Think\Db.class.php 第 66 行.
NOTIC: [8] Undefined index: db_name C:\wamp\www\tour\ThinkPHP\Library\Think\Db.class.php 第 68 行.
SQL: SHOW COLUMNS FROM `tbl_options` [ RunTime:0.0018s ]
SQL: SHOW COLUMNS FROM `tbl_project` [ RunTime:0.0015s ]
SQL: SELECT COUNT(*) AS tp_count FROM `tbl_project` LIMIT 1   [ RunTime:0.0002s ]
SQL: SELECT * FROM `tbl_project` ORDER BY `id` desc LIMIT 0,20   [ RunTime:0.0005s ]
INFO: [ view_parse ] --START--
INFO: [ template_filter ] --START--
INFO: Run Behavior\ContentReplaceBehavior [ RunTime:0.000123s ]
INFO: [ template_filter ] --END-- [ RunTime:0.000335s ]
NOTIC: [8] Undefined variable: siteInfo C:\wamp\www\tour\Application\Runtime\Cache\Home\b396a6f22a089b7dae6d1c7440e986f7.php 第 5 行.
INFO: Run Behavior\ParseTemplateBehavior [ RunTime:0.016445s ]
INFO: [ view_parse ] --END-- [ RunTime:0.016653s ]
INFO: [ view_filter ] --START--
INFO: Run Behavior\WriteHtmlCacheBehavior [ RunTime:0.000440s ]
INFO: [ view_filter ] --END-- [ RunTime:0.000630s ]
INFO: [ app_end ] --START--
INFO: Run Behavior\ShowPageTraceBehavior [ RunTime:0.000723s ]
INFO: [ app_end ] --END-- [ RunTime:0.000922s ]

[ 2015-11-04T15:24:19+08:00 ] 124.207.227.146 /tour/audit?aid=3
INFO: [ app_init ] --START--
INFO: Run Behavior\BuildLiteBehavior [ RunTime:0.000045s ]
INFO: [ app_init ] --END-- [ RunTime:0.000573s ]
INFO: [ app_begin ] --START--
INFO: Run Behavior\ReadHtmlCacheBehavior [ RunTime:0.000656s ]
INFO: [ app_begin ] --END-- [ RunTime:0.000860s ]
NOTIC: [8] Undefined index: db_host C:\wamp\www\tour\ThinkPHP\Library\Think\Db.class.php 第 66 行.
NOTIC: [8] Undefined index: db_name C:\wamp\www\tour\ThinkPHP\Library\Think\Db.class.php 第 68 行.
SQL: SHOW COLUMNS FROM `tbl_options` [ RunTime:0.0018s ]
SQL: SHOW COLUMNS FROM `tbl_project` [ RunTime:0.0016s ]
SQL: SELECT COUNT(*) AS tp_count FROM `tbl_project` LIMIT 1   [ RunTime:0.0002s ]
SQL: SELECT * FROM `tbl_project` ORDER BY `id` desc LIMIT 0,20   [ RunTime:0.0003s ]
INFO: [ view_parse ] --START--
INFO: [ template_filter ] --START--
INFO: Run Behavior\ContentReplaceBehavior [ RunTime:0.000115s ]
INFO: [ template_filter ] --END-- [ RunTime:0.000343s ]
NOTIC: [8] Undefined variable: siteInfo C:\wamp\www\tour\Application\Runtime\Cache\Home\b396a6f22a089b7dae6d1c7440e986f7.php 第 5 行.
INFO: Run Behavior\ParseTemplateBehavior [ RunTime:0.016101s ]
INFO: [ view_parse ] --END-- [ RunTime:0.016303s ]
INFO: [ view_filter ] --START--
INFO: Run Behavior\WriteHtmlCacheBehavior [ RunTime:0.000356s ]
INFO: [ view_filter ] --END-- [ RunTime:0.000540s ]
INFO: [ app_end ] --START--
INFO: Run Behavior\ShowPageTraceBehavior [ RunTime:0.000597s ]
INFO: [ app_end ] --END-- [ RunTime:0.000792s ]

[ 2015-11-04T15:29:11+08:00 ] 124.207.227.146 /tour/Index/index.html
INFO: [ app_init ] --START--
INFO: Run Behavior\BuildLiteBehavior [ RunTime:0.000044s ]
INFO: [ app_init ] --END-- [ RunTime:0.000610s ]
INFO: [ app_begin ] --START--
INFO: Run Behavior\ReadHtmlCacheBehavior [ RunTime:0.000750s ]
INFO: [ app_begin ] --END-- [ RunTime:0.000959s ]
NOTIC: [8] A session had already been started - ignoring session_start() C:\wamp\www\tour\Application\Home\Controller\Base.class.php 第 8 行.
NOTIC: [8] Undefined index: db_host C:\wamp\www\tour\ThinkPHP\Library\Think\Db.class.php 第 66 行.
NOTIC: [8] Undefined index: db_name C:\wamp\www\tour\ThinkPHP\Library\Think\Db.class.php 第 68 行.
SQL: SHOW COLUMNS FROM `tbl_audit` [ RunTime:0.0018s ]
SQL: SELECT * FROM `tbl_audit` ORDER BY `type` asc  [ RunTime:0.0003s ]
INFO: [ view_parse ] --START--
INFO: [ template_filter ] --START--
INFO: Run Behavior\ContentReplaceBehavior [ RunTime:0.000137s ]
INFO: [ template_filter ] --END-- [ RunTime:0.000362s ]
INFO: Run Behavior\ParseTemplateBehavior [ RunTime:0.019455s ]
INFO: [ view_parse ] --END-- [ RunTime:0.019666s ]
INFO: [ view_filter ] --START--
INFO: Run Behavior\WriteHtmlCacheBehavior [ RunTime:0.000428s ]
INFO: [ view_filter ] --END-- [ RunTime:0.000621s ]
INFO: [ app_end ] --START--
INFO: Run Behavior\ShowPageTraceBehavior [ RunTime:0.000728s ]
INFO: [ app_end ] --END-- [ RunTime:0.000951s ]

[ 2015-11-04T15:29:13+08:00 ] 124.207.227.146 /tour/table/project
INFO: [ app_init ] --START--
INFO: Run Behavior\BuildLiteBehavior [ RunTime:0.000063s ]
INFO: [ app_init ] --END-- [ RunTime:0.000609s ]
INFO: [ app_begin ] --START--
INFO: Run Behavior\ReadHtmlCacheBehavior [ RunTime:0.000649s ]
INFO: [ app_begin ] --END-- [ RunTime:0.000910s ]
NOTIC: [8] Undefined index: db_host C:\wamp\www\tour\ThinkPHP\Library\Think\Db.class.php 第 66 行.
NOTIC: [8] Undefined index: db_name C:\wamp\www\tour\ThinkPHP\Library\Think\Db.class.php 第 68 行.
SQL: SHOW COLUMNS FROM `tbl_options` [ RunTime:0.0019s ]
SQL: SELECT * FROM `tbl_options` WHERE `status` = 1  [ RunTime:0.0003s ]
SQL: SHOW COLUMNS FROM `tbl_field` [ RunTime:0.0016s ]
SQL: SELECT * FROM `tbl_field` WHERE `table` = 'tbl_project'  [ RunTime:0.0004s ]
SQL: SHOW COLUMNS FROM `tbl_project` [ RunTime:0.0016s ]
SQL: SELECT COUNT(*) AS tp_count FROM `tbl_project` LIMIT 1   [ RunTime:0.0002s ]
SQL: SHOW COLUMNS FROM `tbl_project` [ RunTime:0.0016s ]
SQL: SELECT `id`,`name`,`f_2` FROM `tbl_project` ORDER BY `timecreated` desc LIMIT 0,20   [ RunTime:0.0003s ]
SQL: SHOW COLUMNS FROM `tbl_options` [ RunTime:0.0015s ]
SQL: SELECT * FROM `tbl_options` WHERE `status` = 1  [ RunTime:0.0003s ]
INFO: [ view_parse ] --START--
INFO: [ template_filter ] --START--
INFO: Run Behavior\ContentReplaceBehavior [ RunTime:0.000164s ]
INFO: [ template_filter ] --END-- [ RunTime:0.000370s ]
NOTIC: [8] Undefined variable: siteInfo C:\wamp\www\tour\Application\Runtime\Cache\Home\418b7244feaff7d151b676c2f7bb7277.php 第 5 行.
INFO: Run Behavior\ParseTemplateBehavior [ RunTime:0.034731s ]
INFO: [ view_parse ] --END-- [ RunTime:0.034963s ]
INFO: [ view_filter ] --START--
INFO: Run Behavior\WriteHtmlCacheBehavior [ RunTime:0.000443s ]
INFO: [ view_filter ] --END-- [ RunTime:0.000674s ]
INFO: [ app_end ] --START--
INFO: Run Behavior\ShowPageTraceBehavior [ RunTime:0.000754s ]
INFO: [ app_end ] --END-- [ RunTime:0.000959s ]

[ 2015-11-04T15:29:16+08:00 ] 124.207.227.146 /tour/table/addproject
INFO: [ app_init ] --START--
INFO: Run Behavior\BuildLiteBehavior [ RunTime:0.000044s ]
INFO: [ app_init ] --END-- [ RunTime:0.000582s ]
INFO: [ app_begin ] --START--
INFO: Run Behavior\ReadHtmlCacheBehavior [ RunTime:0.000658s ]
INFO: [ app_begin ] --END-- [ RunTime:0.000921s ]
NOTIC: [8] Undefined index: db_host C:\wamp\www\tour\ThinkPHP\Library\Think\Db.class.php 第 66 行.
NOTIC: [8] Undefined index: db_name C:\wamp\www\tour\ThinkPHP\Library\Think\Db.class.php 第 68 行.
SQL: SHOW COLUMNS FROM `tbl_options` [ RunTime:0.0018s ]
SQL: SELECT * FROM `tbl_options` WHERE `status` = 1  [ RunTime:0.0003s ]
SQL: SHOW COLUMNS FROM `tbl_field` [ RunTime:0.0017s ]
SQL: SELECT * FROM `tbl_field` WHERE `table` = 'tbl_project' ORDER BY `order` asc  [ RunTime:0.0004s ]
SQL: SHOW COLUMNS FROM `tbl_options` [ RunTime:0.0015s ]
SQL: SELECT * FROM `tbl_options` WHERE `status` = 1  [ RunTime:0.0003s ]
SQL: SELECT m.mid, m.userid, r.type FROM dede_member m JOIN tbl_userright r ON m.mid=r.mid [ RunTime:0.0003s ]
SQL: SHOW COLUMNS FROM `tbl_student` [ RunTime:0.0015s ]
SQL: SELECT * FROM `tbl_student` ORDER BY `name` asc  [ RunTime:0.0003s ]
INFO: [ view_parse ] --START--
INFO: [ template_filter ] --START--
INFO: Run Behavior\ContentReplaceBehavior [ RunTime:0.000159s ]
INFO: [ template_filter ] --END-- [ RunTime:0.000370s ]
NOTIC: [8] Undefined variable: siteInfo C:\wamp\www\tour\Application\Runtime\Cache\Home\1b761f6ee5e67073aa8106fde9fc13b8.php 第 5 行.
NOTIC: [8] Undefined variable: id C:\wamp\www\tour\Application\Runtime\Cache\Home\1b761f6ee5e67073aa8106fde9fc13b8.php 第 65 行.
NOTIC: [8] Undefined variable: oldData C:\wamp\www\tour\Application\Runtime\Cache\Home\1b761f6ee5e67073aa8106fde9fc13b8.php 第 67 行.
NOTIC: [8] Undefined variable: puids C:\wamp\www\tour\Application\Runtime\Cache\Home\1b761f6ee5e67073aa8106fde9fc13b8.php 第 70 行.
INFO: Run Behavior\ParseTemplateBehavior [ RunTime:0.040331s ]
INFO: [ view_parse ] --END-- [ RunTime:0.040558s ]
INFO: [ view_filter ] --START--
INFO: Run Behavior\WriteHtmlCacheBehavior [ RunTime:0.000431s ]
INFO: [ view_filter ] --END-- [ RunTime:0.000643s ]
INFO: [ app_end ] --START--
INFO: Run Behavior\ShowPageTraceBehavior [ RunTime:0.000708s ]
INFO: [ app_end ] --END-- [ RunTime:0.000926s ]

[ 2015-11-04T15:29:33+08:00 ] 124.207.227.146 /tour/table/doadd
INFO: [ app_init ] --START--
INFO: Run Behavior\BuildLiteBehavior [ RunTime:0.000043s ]
INFO: [ app_init ] --END-- [ RunTime:0.000607s ]
INFO: [ app_begin ] --START--
INFO: Run Behavior\ReadHtmlCacheBehavior [ RunTime:0.000638s ]
INFO: [ app_begin ] --END-- [ RunTime:0.000876s ]
NOTIC: [8] Undefined index: db_host C:\wamp\www\tour\ThinkPHP\Library\Think\Db.class.php 第 66 行.
NOTIC: [8] Undefined index: db_name C:\wamp\www\tour\ThinkPHP\Library\Think\Db.class.php 第 68 行.
SQL: SHOW COLUMNS FROM `tbl_options` [ RunTime:0.0019s ]
SQL: SELECT * FROM `tbl_options` WHERE `status` = 1  [ RunTime:0.0003s ]
NOTIC: [8] Undefined index: puids C:\wamp\www\tour\Application\Home\Controller\TableController.class.php 第 134 行.
SQL: SHOW COLUMNS FROM `tbl_field` [ RunTime:0.0015s ]
SQL: SELECT * FROM `tbl_field` WHERE `table` = 'tbl_project' ORDER BY `order` asc  [ RunTime:0.0004s ]
SQL: SHOW COLUMNS FROM `tbl_project` [ RunTime:0.0015s ]
SQL: INSERT INTO `tbl_project` (`name`,`f_2`,`f_1`,`adder`,`auditer`,`confirmer`,`timecreated`) VALUES ('项目D','3','200','1','3','3','2015-11-04 15:29:33') [ RunTime:0.0058s ]
SQL: SELECT * FROM `tbl_project` ORDER BY `id` desc LIMIT 1   [ RunTime:0.0003s ]
NOTIC: [2] Invalid argument supplied for foreach() C:\wamp\www\tour\Application\Home\Controller\TableController.class.php 第 155 行.
INFO: [ app_end ] --START--
INFO: Run Behavior\ShowPageTraceBehavior [ RunTime:0.000841s ]
INFO: [ app_end ] --END-- [ RunTime:0.001047s ]

[ 2015-11-04T15:29:36+08:00 ] 124.207.227.146 /tour/table/project
INFO: [ app_init ] --START--
INFO: Run Behavior\BuildLiteBehavior [ RunTime:0.000043s ]
INFO: [ app_init ] --END-- [ RunTime:0.000576s ]
INFO: [ app_begin ] --START--
INFO: Run Behavior\ReadHtmlCacheBehavior [ RunTime:0.000661s ]
INFO: [ app_begin ] --END-- [ RunTime:0.000866s ]
NOTIC: [8] Undefined index: db_host C:\wamp\www\tour\ThinkPHP\Library\Think\Db.class.php 第 66 行.
NOTIC: [8] Undefined index: db_name C:\wamp\www\tour\ThinkPHP\Library\Think\Db.class.php 第 68 行.
SQL: SHOW COLUMNS FROM `tbl_options` [ RunTime:0.0020s ]
SQL: SELECT * FROM `tbl_options` WHERE `status` = 1  [ RunTime:0.0003s ]
SQL: SHOW COLUMNS FROM `tbl_field` [ RunTime:0.0015s ]
SQL: SELECT * FROM `tbl_field` WHERE `table` = 'tbl_project'  [ RunTime:0.0003s ]
SQL: SHOW COLUMNS FROM `tbl_project` [ RunTime:0.0015s ]
SQL: SELECT COUNT(*) AS tp_count FROM `tbl_project` LIMIT 1   [ RunTime:0.0002s ]
SQL: SHOW COLUMNS FROM `tbl_project` [ RunTime:0.0016s ]
SQL: SELECT `id`,`name`,`f_2` FROM `tbl_project` ORDER BY `timecreated` desc LIMIT 0,20   [ RunTime:0.0003s ]
SQL: SHOW COLUMNS FROM `tbl_options` [ RunTime:0.0015s ]
SQL: SELECT * FROM `tbl_options` WHERE `status` = 1  [ RunTime:0.0003s ]
INFO: [ view_parse ] --START--
INFO: [ template_filter ] --START--
INFO: Run Behavior\ContentReplaceBehavior [ RunTime:0.000147s ]
INFO: [ template_filter ] --END-- [ RunTime:0.000360s ]
NOTIC: [8] Undefined variable: siteInfo C:\wamp\www\tour\Application\Runtime\Cache\Home\418b7244feaff7d151b676c2f7bb7277.php 第 5 行.
INFO: Run Behavior\ParseTemplateBehavior [ RunTime:0.036709s ]
INFO: [ view_parse ] --END-- [ RunTime:0.036924s ]
INFO: [ view_filter ] --START--
INFO: Run Behavior\WriteHtmlCacheBehavior [ RunTime:0.000466s ]
INFO: [ view_filter ] --END-- [ RunTime:0.000675s ]
INFO: [ app_end ] --START--
INFO: Run Behavior\ShowPageTraceBehavior [ RunTime:0.000710s ]
INFO: [ app_end ] --END-- [ RunTime:0.000920s ]

[ 2015-11-04T15:31:46+08:00 ] 124.207.227.146 /tour/table/addproject
INFO: [ app_init ] --START--
INFO: Run Behavior\BuildLiteBehavior [ RunTime:0.000045s ]
INFO: [ app_init ] --END-- [ RunTime:0.000637s ]
INFO: [ app_begin ] --START--
INFO: Run Behavior\ReadHtmlCacheBehavior [ RunTime:0.000735s ]
INFO: [ app_begin ] --END-- [ RunTime:0.000945s ]

[ 2015-11-04T15:32:18+08:00 ] 124.207.227.146 /tour/table/addproject
INFO: [ app_init ] --START--
INFO: Run Behavior\BuildLiteBehavior [ RunTime:0.000048s ]
INFO: [ app_init ] --END-- [ RunTime:0.000772s ]
INFO: [ app_begin ] --START--
INFO: Run Behavior\ReadHtmlCacheBehavior [ RunTime:0.000775s ]
INFO: [ app_begin ] --END-- [ RunTime:0.000983s ]
NOTIC: [8] Undefined index: db_host C:\wamp\www\tour\ThinkPHP\Library\Think\Db.class.php 第 66 行.
NOTIC: [8] Undefined index: db_name C:\wamp\www\tour\ThinkPHP\Library\Think\Db.class.php 第 68 行.
SQL: SHOW COLUMNS FROM `tbl_options` [ RunTime:0.0019s ]
SQL: SELECT * FROM `tbl_options` WHERE `status` = 1  [ RunTime:0.0003s ]
SQL: SHOW COLUMNS FROM `tbl_field` [ RunTime:0.0016s ]
SQL: SELECT * FROM `tbl_field` WHERE `table` = 'tbl_project' ORDER BY `order` asc  [ RunTime:0.0004s ]
SQL: SHOW COLUMNS FROM `tbl_options` [ RunTime:0.0014s ]
SQL: SELECT * FROM `tbl_options` WHERE `status` = 1  [ RunTime:0.0003s ]
SQL: SELECT m.mid, m.userid, r.type FROM dede_member m JOIN tbl_userright r ON m.mid=r.mid [ RunTime:0.0003s ]
SQL: SHOW COLUMNS FROM `tbl_student` [ RunTime:0.0015s ]
SQL: SELECT * FROM `tbl_student` ORDER BY `name` asc  [ RunTime:0.0003s ]
INFO: [ view_parse ] --START--
INFO: [ template_filter ] --START--
INFO: Run Behavior\ContentReplaceBehavior [ RunTime:0.000152s ]
INFO: [ template_filter ] --END-- [ RunTime:0.000367s ]
NOTIC: [8] Undefined variable: siteInfo C:\wamp\www\tour\Application\Runtime\Cache\Home\1b761f6ee5e67073aa8106fde9fc13b8.php 第 5 行.
NOTIC: [8] Undefined variable: id C:\wamp\www\tour\Application\Runtime\Cache\Home\1b761f6ee5e67073aa8106fde9fc13b8.php 第 65 行.
NOTIC: [8] Undefined variable: oldData C:\wamp\www\tour\Application\Runtime\Cache\Home\1b761f6ee5e67073aa8106fde9fc13b8.php 第 67 行.
NOTIC: [8] Undefined variable: puids C:\wamp\www\tour\Application\Runtime\Cache\Home\1b761f6ee5e67073aa8106fde9fc13b8.php 第 70 行.
INFO: Run Behavior\ParseTemplateBehavior [ RunTime:0.039417s ]
INFO: [ view_parse ] --END-- [ RunTime:0.039646s ]
INFO: [ view_filter ] --START--
INFO: Run Behavior\WriteHtmlCacheBehavior [ RunTime:0.000401s ]
INFO: [ view_filter ] --END-- [ RunTime:0.000589s ]
INFO: [ app_end ] --START--
INFO: Run Behavior\ShowPageTraceBehavior [ RunTime:0.000641s ]
INFO: [ app_end ] --END-- [ RunTime:0.000839s ]

[ 2015-11-04T15:32:29+08:00 ] 124.207.227.146 /tour/table/doadd
INFO: [ app_init ] --START--
INFO: Run Behavior\BuildLiteBehavior [ RunTime:0.000044s ]
INFO: [ app_init ] --END-- [ RunTime:0.000546s ]
INFO: [ app_begin ] --START--
INFO: Run Behavior\ReadHtmlCacheBehavior [ RunTime:0.000579s ]
INFO: [ app_begin ] --END-- [ RunTime:0.000785s ]
NOTIC: [8] Undefined index: db_host C:\wamp\www\tour\ThinkPHP\Library\Think\Db.class.php 第 66 行.
NOTIC: [8] Undefined index: db_name C:\wamp\www\tour\ThinkPHP\Library\Think\Db.class.php 第 68 行.
SQL: SHOW COLUMNS FROM `tbl_options` [ RunTime:0.0018s ]
SQL: SELECT * FROM `tbl_options` WHERE `status` = 1  [ RunTime:0.0003s ]
SQL: SHOW COLUMNS FROM `tbl_field` [ RunTime:0.0015s ]
SQL: SELECT * FROM `tbl_field` WHERE `table` = 'tbl_project' ORDER BY `order` asc  [ RunTime:0.0004s ]
SQL: SHOW COLUMNS FROM `tbl_project` [ RunTime:0.0014s ]
SQL: INSERT INTO `tbl_project` (`name`,`f_2`,`f_1`,`adder`,`auditer`,`confirmer`,`timecreated`) VALUES ('项目E','3','123','1','3','3','2015-11-04 15:32:29') [ RunTime:0.0004s ]
SQL: SELECT * FROM `tbl_project` ORDER BY `id` desc LIMIT 1   [ RunTime:0.0003s ]
SQL: INSERT INTO tbl_project_student (project, student) VALUES (8, 1) [ RunTime:0.0007s ]
INFO: [ app_end ] --START--
INFO: Run Behavior\ShowPageTraceBehavior [ RunTime:0.000762s ]
INFO: [ app_end ] --END-- [ RunTime:0.000970s ]

[ 2015-11-04T15:32:40+08:00 ] 124.207.227.146 /tour/static/js/jquery.min.map
INFO: [ app_init ] --START--
INFO: Run Behavior\BuildLiteBehavior [ RunTime:0.000045s ]
INFO: [ app_init ] --END-- [ RunTime:0.000617s ]
INFO: [ app_begin ] --START--
INFO: Run Behavior\ReadHtmlCacheBehavior [ RunTime:0.000638s ]
INFO: [ app_begin ] --END-- [ RunTime:0.000877s ]
ERR: 无法加载控制器:Static

[ 2015-11-04T15:33:14+08:00 ] 124.207.227.146 /tour/table/doadd
INFO: [ app_init ] --START--
INFO: Run Behavior\BuildLiteBehavior [ RunTime:0.000048s ]
INFO: [ app_init ] --END-- [ RunTime:0.000550s ]
INFO: [ app_begin ] --START--
INFO: Run Behavior\ReadHtmlCacheBehavior [ RunTime:0.000595s ]
INFO: [ app_begin ] --END-- [ RunTime:0.000800s ]
NOTIC: [8] Undefined index: db_host C:\wamp\www\tour\ThinkPHP\Library\Think\Db.class.php 第 66 行.
NOTIC: [8] Undefined index: db_name C:\wamp\www\tour\ThinkPHP\Library\Think\Db.class.php 第 68 行.
SQL: SHOW COLUMNS FROM `tbl_options` [ RunTime:0.0019s ]
SQL: SELECT * FROM `tbl_options` WHERE `status` = 1  [ RunTime:0.0003s ]
SQL: SHOW COLUMNS FROM `tbl_field` [ RunTime:0.0015s ]
SQL: SELECT * FROM `tbl_field` WHERE `table` = 'tbl_project' ORDER BY `order` asc  [ RunTime:0.0004s ]
SQL: SHOW COLUMNS FROM `tbl_project` [ RunTime:0.0014s ]
SQL: INSERT INTO `tbl_project` (`name`,`f_2`,`f_1`,`adder`,`auditer`,`confirmer`,`timecreated`) VALUES ('项目E','3','123','1','3','3','2015-11-04 15:33:14') [ RunTime:0.0004s ]
SQL: SELECT * FROM `tbl_project` ORDER BY `id` desc LIMIT 1   [ RunTime:0.0002s ]
SQL: INSERT INTO tbl_project_student (project, student) VALUES (9, 1) [ RunTime:0.0002s ]
INFO: [ app_end ] --START--
INFO: Run Behavior\ShowPageTraceBehavior [ RunTime:0.000764s ]
INFO: [ app_end ] --END-- [ RunTime:0.000969s ]

[ 2015-11-04T15:33:23+08:00 ] 124.207.227.146 /tour/table/project
INFO: [ app_init ] --START--
INFO: Run Behavior\BuildLiteBehavior [ RunTime:0.000061s ]
INFO: [ app_init ] --END-- [ RunTime:0.000612s ]
INFO: [ app_begin ] --START--
INFO: Run Behavior\ReadHtmlCacheBehavior [ RunTime:0.000663s ]
INFO: [ app_begin ] --END-- [ RunTime:0.000885s ]
NOTIC: [8] Undefined index: db_host C:\wamp\www\tour\ThinkPHP\Library\Think\Db.class.php 第 66 行.
NOTIC: [8] Undefined index: db_name C:\wamp\www\tour\ThinkPHP\Library\Think\Db.class.php 第 68 行.
SQL: SHOW COLUMNS FROM `tbl_options` [ RunTime:0.0027s ]
SQL: SELECT * FROM `tbl_options` WHERE `status` = 1  [ RunTime:0.0003s ]
SQL: SHOW COLUMNS FROM `tbl_field` [ RunTime:0.0016s ]
SQL: SELECT * FROM `tbl_field` WHERE `table` = 'tbl_project'  [ RunTime:0.0003s ]
SQL: SHOW COLUMNS FROM `tbl_project` [ RunTime:0.0015s ]
SQL: SELECT COUNT(*) AS tp_count FROM `tbl_project` LIMIT 1   [ RunTime:0.0002s ]
SQL: SHOW COLUMNS FROM `tbl_project` [ RunTime:0.0017s ]
SQL: SELECT `id`,`name`,`f_2` FROM `tbl_project` ORDER BY `timecreated` desc LIMIT 0,20   [ RunTime:0.0003s ]
SQL: SHOW COLUMNS FROM `tbl_options` [ RunTime:0.0014s ]
SQL: SELECT * FROM `tbl_options` WHERE `status` = 1  [ RunTime:0.0003s ]
INFO: [ view_parse ] --START--
INFO: [ template_filter ] --START--
INFO: Run Behavior\ContentReplaceBehavior [ RunTime:0.000150s ]
INFO: [ template_filter ] --END-- [ RunTime:0.000360s ]
NOTIC: [8] Undefined variable: siteInfo C:\wamp\www\tour\Application\Runtime\Cache\Home\418b7244feaff7d151b676c2f7bb7277.php 第 5 行.
INFO: Run Behavior\ParseTemplateBehavior [ RunTime:0.034119s ]
INFO: [ view_parse ] --END-- [ RunTime:0.034323s ]
INFO: [ view_filter ] --START--
INFO: Run Behavior\WriteHtmlCacheBehavior [ RunTime:0.000458s ]
INFO: [ view_filter ] --END-- [ RunTime:0.000652s ]
INFO: [ app_end ] --START--
INFO: Run Behavior\ShowPageTraceBehavior [ RunTime:0.000705s ]
INFO: [ app_end ] --END-- [ RunTime:0.000900s ]

[ 2015-11-04T15:33:27+08:00 ] 124.207.227.146 /tour/table/project
INFO: [ app_init ] --START--
INFO: Run Behavior\BuildLiteBehavior [ RunTime:0.000044s ]
INFO: [ app_init ] --END-- [ RunTime:0.000608s ]
INFO: [ app_begin ] --START--
INFO: Run Behavior\ReadHtmlCacheBehavior [ RunTime:0.000636s ]
INFO: [ app_begin ] --END-- [ RunTime:0.000871s ]
NOTIC: [8] Undefined index: db_host C:\wamp\www\tour\ThinkPHP\Library\Think\Db.class.php 第 66 行.
NOTIC: [8] Undefined index: db_name C:\wamp\www\tour\ThinkPHP\Library\Think\Db.class.php 第 68 行.
SQL: SHOW COLUMNS FROM `tbl_options` [ RunTime:0.0018s ]
SQL: SELECT * FROM `tbl_options` WHERE `status` = 1  [ RunTime:0.0003s ]
SQL: SHOW COLUMNS FROM `tbl_field` [ RunTime:0.0016s ]
SQL: SELECT * FROM `tbl_field` WHERE `table` = 'tbl_project'  [ RunTime:0.0003s ]
SQL: SHOW COLUMNS FROM `tbl_project` [ RunTime:0.0015s ]
SQL: SELECT COUNT(*) AS tp_count FROM `tbl_project` LIMIT 1   [ RunTime:0.0002s ]
SQL: SHOW COLUMNS FROM `tbl_project` [ RunTime:0.0015s ]
SQL: SELECT `id`,`name`,`f_2` FROM `tbl_project` ORDER BY `timecreated` desc LIMIT 0,20   [ RunTime:0.0003s ]
SQL: SHOW COLUMNS FROM `tbl_options` [ RunTime:0.0014s ]
SQL: SELECT * FROM `tbl_options` WHERE `status` = 1  [ RunTime:0.0003s ]
INFO: [ view_parse ] --START--
INFO: [ template_filter ] --START--
INFO: Run Behavior\ContentReplaceBehavior [ RunTime:0.000142s ]
INFO: [ template_filter ] --END-- [ RunTime:0.000345s ]
NOTIC: [8] Undefined variable: siteInfo C:\wamp\www\tour\Application\Runtime\Cache\Home\418b7244feaff7d151b676c2f7bb7277.php 第 5 行.
INFO: Run Behavior\ParseTemplateBehavior [ RunTime:0.034125s ]
INFO: [ view_parse ] --END-- [ RunTime:0.034329s ]
INFO: [ view_filter ] --START--
INFO: Run Behavior\WriteHtmlCacheBehavior [ RunTime:0.000464s ]
INFO: [ view_filter ] --END-- [ RunTime:0.000658s ]
INFO: [ app_end ] --START--
INFO: Run Behavior\ShowPageTraceBehavior [ RunTime:0.000717s ]
INFO: [ app_end ] --END-- [ RunTime:0.000915s ]

[ 2015-11-04T15:33:31+08:00 ] 124.207.227.146 /tour/table/student
INFO: [ app_init ] --START--
INFO: Run Behavior\BuildLiteBehavior [ RunTime:0.000044s ]
INFO: [ app_init ] --END-- [ RunTime:0.000604s ]
INFO: [ app_begin ] --START--
INFO: Run Behavior\ReadHtmlCacheBehavior [ RunTime:0.000666s ]
INFO: [ app_begin ] --END-- [ RunTime:0.000876s ]
NOTIC: [8] Undefined index: db_host C:\wamp\www\tour\ThinkPHP\Library\Think\Db.class.php 第 66 行.
NOTIC: [8] Undefined index: db_name C:\wamp\www\tour\ThinkPHP\Library\Think\Db.class.php 第 68 行.
SQL: SHOW COLUMNS FROM `tbl_options` [ RunTime:0.0020s ]
SQL: SELECT * FROM `tbl_options` WHERE `status` = 1  [ RunTime:0.0003s ]
SQL: SHOW COLUMNS FROM `tbl_field` [ RunTime:0.0016s ]
SQL: SELECT * FROM `tbl_field` WHERE `table` = 'tbl_student'  [ RunTime:0.0003s ]
SQL: SHOW COLUMNS FROM `tbl_student` [ RunTime:0.0016s ]
SQL: SELECT COUNT(*) AS tp_count FROM `tbl_student` LIMIT 1   [ RunTime:0.0002s ]
SQL: SHOW COLUMNS FROM `tbl_student` [ RunTime:0.0015s ]
SQL: SELECT `id`,`name`,`f_3` FROM `tbl_student` ORDER BY `timecreated` desc LIMIT 0,20   [ RunTime:0.0003s ]
SQL: SHOW COLUMNS FROM `tbl_options` [ RunTime:0.0015s ]
SQL: SELECT * FROM `tbl_options` WHERE `status` = 1  [ RunTime:0.0003s ]
INFO: [ view_parse ] --START--
INFO: [ template_filter ] --START--
INFO: Run Behavior\ContentReplaceBehavior [ RunTime:0.000162s ]
INFO: [ template_filter ] --END-- [ RunTime:0.000380s ]
NOTIC: [8] Undefined variable: siteInfo C:\wamp\www\tour\Application\Runtime\Cache\Home\418b7244feaff7d151b676c2f7bb7277.php 第 5 行.
INFO: Run Behavior\ParseTemplateBehavior [ RunTime:0.034653s ]
INFO: [ view_parse ] --END-- [ RunTime:0.034914s ]
INFO: [ view_filter ] --START--
INFO: Run Behavior\WriteHtmlCacheBehavior [ RunTime:0.000519s ]
INFO: [ view_filter ] --END-- [ RunTime:0.000714s ]
INFO: [ app_end ] --START--
INFO: Run Behavior\ShowPageTraceBehavior [ RunTime:0.000732s ]
INFO: [ app_end ] --END-- [ RunTime:0.000931s ]

[ 2015-11-04T15:33:42+08:00 ] 124.207.227.146 /tour/audit?aid=4
INFO: [ app_init ] --START--
INFO: Run Behavior\BuildLiteBehavior [ RunTime:0.000044s ]
INFO: [ app_init ] --END-- [ RunTime:0.000629s ]
INFO: [ app_begin ] --START--
INFO: Run Behavior\ReadHtmlCacheBehavior [ RunTime:0.000709s ]
INFO: [ app_begin ] --END-- [ RunTime:0.000912s ]
NOTIC: [8] Undefined index: db_host C:\wamp\www\tour\ThinkPHP\Library\Think\Db.class.php 第 66 行.
NOTIC: [8] Undefined index: db_name C:\wamp\www\tour\ThinkPHP\Library\Think\Db.class.php 第 68 行.
SQL: SHOW COLUMNS FROM `tbl_options` [ RunTime:0.0018s ]
SQL: SHOW COLUMNS FROM `tbl_project` [ RunTime:0.0015s ]
SQL: SELECT COUNT(*) AS tp_count FROM `tbl_project` LIMIT 1   [ RunTime:0.0002s ]
SQL: SELECT * FROM `tbl_project` ORDER BY `id` desc LIMIT 0,20   [ RunTime:0.0004s ]
INFO: [ view_parse ] --START--
INFO: [ template_filter ] --START--
INFO: Run Behavior\ContentReplaceBehavior [ RunTime:0.000132s ]
INFO: [ template_filter ] --END-- [ RunTime:0.000349s ]
NOTIC: [8] Undefined variable: siteInfo C:\wamp\www\tour\Application\Runtime\Cache\Home\b396a6f22a089b7dae6d1c7440e986f7.php 第 5 行.
INFO: Run Behavior\ParseTemplateBehavior [ RunTime:0.016754s ]
INFO: [ view_parse ] --END-- [ RunTime:0.017022s ]
INFO: [ view_filter ] --START--
INFO: Run Behavior\WriteHtmlCacheBehavior [ RunTime:0.000530s ]
INFO: [ view_filter ] --END-- [ RunTime:0.000836s ]
INFO: [ app_end ] --START--
INFO: Run Behavior\ShowPageTraceBehavior [ RunTime:0.001029s ]
INFO: [ app_end ] --END-- [ RunTime:0.001337s ]

[ 2015-11-04T15:33:42+08:00 ] 124.207.227.146 /tour/audit?aid=4
INFO: [ app_init ] --START--
INFO: Run Behavior\BuildLiteBehavior [ RunTime:0.000048s ]
INFO: [ app_init ] --END-- [ RunTime:0.000646s ]
INFO: [ app_begin ] --START--
INFO: Run Behavior\ReadHtmlCacheBehavior [ RunTime:0.000672s ]
INFO: [ app_begin ] --END-- [ RunTime:0.000874s ]
NOTIC: [8] Undefined index: db_host C:\wamp\www\tour\ThinkPHP\Library\Think\Db.class.php 第 66 行.
NOTIC: [8] Undefined index: db_name C:\wamp\www\tour\ThinkPHP\Library\Think\Db.class.php 第 68 行.
SQL: SHOW COLUMNS FROM `tbl_options` [ RunTime:0.0019s ]
SQL: SHOW COLUMNS FROM `tbl_project` [ RunTime:0.0016s ]
SQL: SELECT COUNT(*) AS tp_count FROM `tbl_project` LIMIT 1   [ RunTime:0.0002s ]
SQL: SELECT * FROM `tbl_project` ORDER BY `id` desc LIMIT 0,20   [ RunTime:0.0004s ]
INFO: [ view_parse ] --START--
INFO: [ template_filter ] --START--
INFO: Run Behavior\ContentReplaceBehavior [ RunTime:0.000112s ]
INFO: [ template_filter ] --END-- [ RunTime:0.000310s ]
NOTIC: [8] Undefined variable: siteInfo C:\wamp\www\tour\Application\Runtime\Cache\Home\b396a6f22a089b7dae6d1c7440e986f7.php 第 5 行.
INFO: Run Behavior\ParseTemplateBehavior [ RunTime:0.016800s ]
INFO: [ view_parse ] --END-- [ RunTime:0.017006s ]
INFO: [ view_filter ] --START--
INFO: Run Behavior\WriteHtmlCacheBehavior [ RunTime:0.000370s ]
INFO: [ view_filter ] --END-- [ RunTime:0.000571s ]
INFO: [ app_end ] --START--
INFO: Run Behavior\ShowPageTraceBehavior [ RunTime:0.000671s ]
INFO: [ app_end ] --END-- [ RunTime:0.000903s ]

[ 2015-11-04T18:00:06+08:00 ] 124.207.227.146 /tour/audit?aid=3
INFO: [ app_init ] --START--
INFO: Run Behavior\BuildLiteBehavior [ RunTime:0.000051s ]
INFO: [ app_init ] --END-- [ RunTime:0.002128s ]
INFO: [ app_begin ] --START--
INFO: Run Behavior\ReadHtmlCacheBehavior [ RunTime:0.009121s ]
INFO: [ app_begin ] --END-- [ RunTime:0.009331s ]
NOTIC: [8] Undefined index: db_host C:\wamp\www\tour\ThinkPHP\Library\Think\Db.class.php 第 66 行.
NOTIC: [8] Undefined index: db_name C:\wamp\www\tour\ThinkPHP\Library\Think\Db.class.php 第 68 行.
SQL: SHOW COLUMNS FROM `tbl_options` [ RunTime:0.0018s ]
SQL: SHOW COLUMNS FROM `tbl_project` [ RunTime:0.0015s ]
SQL: SELECT COUNT(*) AS tp_count FROM `tbl_project` LIMIT 1   [ RunTime:0.0003s ]
SQL: SELECT * FROM `tbl_project` ORDER BY `id` desc LIMIT 0,20   [ RunTime:0.0004s ]
INFO: [ view_parse ] --START--
INFO: [ template_filter ] --START--
INFO: Run Behavior\ContentReplaceBehavior [ RunTime:0.000119s ]
INFO: [ template_filter ] --END-- [ RunTime:0.000343s ]
NOTIC: [8] Undefined variable: siteInfo C:\wamp\www\tour\Application\Runtime\Cache\Home\b396a6f22a089b7dae6d1c7440e986f7.php 第 5 行.
INFO: Run Behavior\ParseTemplateBehavior [ RunTime:0.048971s ]
INFO: [ view_parse ] --END-- [ RunTime:0.049197s ]
INFO: [ view_filter ] --START--
INFO: Run Behavior\WriteHtmlCacheBehavior [ RunTime:0.012972s ]
INFO: [ view_filter ] --END-- [ RunTime:0.013168s ]
INFO: [ app_end ] --START--
INFO: Run Behavior\ShowPageTraceBehavior [ RunTime:0.002340s ]
INFO: [ app_end ] --END-- [ RunTime:0.002558s ]

[ 2015-11-04T18:00:07+08:00 ] 124.207.227.146 /tour/audit?aid=3
INFO: [ app_init ] --START--
INFO: Run Behavior\BuildLiteBehavior [ RunTime:0.000047s ]
INFO: [ app_init ] --END-- [ RunTime:0.000585s ]
INFO: [ app_begin ] --START--
INFO: Run Behavior\ReadHtmlCacheBehavior [ RunTime:0.000727s ]
INFO: [ app_begin ] --END-- [ RunTime:0.000970s ]
NOTIC: [8] Undefined index: db_host C:\wamp\www\tour\ThinkPHP\Library\Think\Db.class.php 第 66 行.
NOTIC: [8] Undefined index: db_name C:\wamp\www\tour\ThinkPHP\Library\Think\Db.class.php 第 68 行.
SQL: SHOW COLUMNS FROM `tbl_options` [ RunTime:0.0019s ]
SQL: SHOW COLUMNS FROM `tbl_project` [ RunTime:0.0015s ]
SQL: SELECT COUNT(*) AS tp_count FROM `tbl_project` LIMIT 1   [ RunTime:0.0002s ]
SQL: SELECT * FROM `tbl_project` ORDER BY `id` desc LIMIT 0,20   [ RunTime:0.0003s ]
INFO: [ view_parse ] --START--
INFO: [ template_filter ] --START--
INFO: Run Behavior\ContentReplaceBehavior [ RunTime:0.000137s ]
INFO: [ template_filter ] --END-- [ RunTime:0.000359s ]
NOTIC: [8] Undefined variable: siteInfo C:\wamp\www\tour\Application\Runtime\Cache\Home\b396a6f22a089b7dae6d1c7440e986f7.php 第 5 行.
INFO: Run Behavior\ParseTemplateBehavior [ RunTime:0.016712s ]
INFO: [ view_parse ] --END-- [ RunTime:0.016919s ]
INFO: [ view_filter ] --START--
INFO: Run Behavior\WriteHtmlCacheBehavior [ RunTime:0.000509s ]
INFO: [ view_filter ] --END-- [ RunTime:0.000703s ]
INFO: [ app_end ] --START--
INFO: Run Behavior\ShowPageTraceBehavior [ RunTime:0.000737s ]
INFO: [ app_end ] --END-- [ RunTime:0.000969s ]

[ 2015-11-04T18:00:11+08:00 ] 124.207.227.146 /tour/Index/index.html
INFO: [ app_init ] --START--
INFO: Run Behavior\BuildLiteBehavior [ RunTime:0.000045s ]
INFO: [ app_init ] --END-- [ RunTime:0.000631s ]
INFO: [ app_begin ] --START--
INFO: Run Behavior\ReadHtmlCacheBehavior [ RunTime:0.000638s ]
INFO: [ app_begin ] --END-- [ RunTime:0.000849s ]
NOTIC: [8] A session had already been started - ignoring session_start() C:\wamp\www\tour\Application\Home\Controller\Base.class.php 第 8 行.
NOTIC: [8] Undefined index: db_host C:\wamp\www\tour\ThinkPHP\Library\Think\Db.class.php 第 66 行.
NOTIC: [8] Undefined index: db_name C:\wamp\www\tour\ThinkPHP\Library\Think\Db.class.php 第 68 行.
SQL: SHOW COLUMNS FROM `tbl_audit` [ RunTime:0.0018s ]
SQL: SELECT * FROM `tbl_audit` ORDER BY `type` asc  [ RunTime:0.0003s ]
INFO: [ view_parse ] --START--
INFO: [ template_filter ] --START--
INFO: Run Behavior\ContentReplaceBehavior [ RunTime:0.000120s ]
INFO: [ template_filter ] --END-- [ RunTime:0.000327s ]
INFO: Run Behavior\ParseTemplateBehavior [ RunTime:0.020666s ]
INFO: [ view_parse ] --END-- [ RunTime:0.020886s ]
INFO: [ view_filter ] --START--
INFO: Run Behavior\WriteHtmlCacheBehavior [ RunTime:0.000436s ]
INFO: [ view_filter ] --END-- [ RunTime:0.000664s ]
INFO: [ app_end ] --START--
INFO: Run Behavior\ShowPageTraceBehavior [ RunTime:0.000754s ]
INFO: [ app_end ] --END-- [ RunTime:0.000966s ]

[ 2015-11-04T18:00:13+08:00 ] 124.207.227.146 /tour/audit?aid=3
INFO: [ app_init ] --START--
INFO: Run Behavior\BuildLiteBehavior [ RunTime:0.000045s ]
INFO: [ app_init ] --END-- [ RunTime:0.000619s ]
INFO: [ app_begin ] --START--
INFO: Run Behavior\ReadHtmlCacheBehavior [ RunTime:0.000723s ]
INFO: [ app_begin ] --END-- [ RunTime:0.000941s ]
NOTIC: [8] Undefined index: db_host C:\wamp\www\tour\ThinkPHP\Library\Think\Db.class.php 第 66 行.
NOTIC: [8] Undefined index: db_name C:\wamp\www\tour\ThinkPHP\Library\Think\Db.class.php 第 68 行.
SQL: SHOW COLUMNS FROM `tbl_options` [ RunTime:0.0019s ]
SQL: SHOW COLUMNS FROM `tbl_project` [ RunTime:0.0016s ]
SQL: SELECT COUNT(*) AS tp_count FROM `tbl_project` LIMIT 1   [ RunTime:0.0002s ]
SQL: SELECT * FROM `tbl_project` ORDER BY `id` desc LIMIT 0,20   [ RunTime:0.0004s ]
INFO: [ view_parse ] --START--
INFO: [ template_filter ] --START--
INFO: Run Behavior\ContentReplaceBehavior [ RunTime:0.000128s ]
INFO: [ template_filter ] --END-- [ RunTime:0.000348s ]
NOTIC: [8] Undefined variable: siteInfo C:\wamp\www\tour\Application\Runtime\Cache\Home\b396a6f22a089b7dae6d1c7440e986f7.php 第 5 行.
INFO: Run Behavior\ParseTemplateBehavior [ RunTime:0.017005s ]
INFO: [ view_parse ] --END-- [ RunTime:0.017215s ]
INFO: [ view_filter ] --START--
INFO: Run Behavior\WriteHtmlCacheBehavior [ RunTime:0.000439s ]
INFO: [ view_filter ] --END-- [ RunTime:0.000646s ]
INFO: [ app_end ] --START--
INFO: Run Behavior\ShowPageTraceBehavior [ RunTime:0.000734s ]
INFO: [ app_end ] --END-- [ RunTime:0.000937s ]

[ 2015-11-04T18:00:13+08:00 ] 124.207.227.146 /tour/audit?aid=3
INFO: [ app_init ] --START--
INFO: Run Behavior\BuildLiteBehavior [ RunTime:0.000050s ]
INFO: [ app_init ] --END-- [ RunTime:0.000622s ]
INFO: [ app_begin ] --START--
INFO: Run Behavior\ReadHtmlCacheBehavior [ RunTime:0.000663s ]
INFO: [ app_begin ] --END-- [ RunTime:0.000879s ]
NOTIC: [8] Undefined index: db_host C:\wamp\www\tour\ThinkPHP\Library\Think\Db.class.php 第 66 行.
NOTIC: [8] Undefined index: db_name C:\wamp\www\tour\ThinkPHP\Library\Think\Db.class.php 第 68 行.
SQL: SHOW COLUMNS FROM `tbl_options` [ RunTime:0.0018s ]
SQL: SHOW COLUMNS FROM `tbl_project` [ RunTime:0.0016s ]
SQL: SELECT COUNT(*) AS tp_count FROM `tbl_project` LIMIT 1   [ RunTime:0.0002s ]
SQL: SELECT * FROM `tbl_project` ORDER BY `id` desc LIMIT 0,20   [ RunTime:0.0004s ]
INFO: [ view_parse ] --START--
INFO: [ template_filter ] --START--
INFO: Run Behavior\ContentReplaceBehavior [ RunTime:0.000124s ]
INFO: [ template_filter ] --END-- [ RunTime:0.000350s ]
NOTIC: [8] Undefined variable: siteInfo C:\wamp\www\tour\Application\Runtime\Cache\Home\b396a6f22a089b7dae6d1c7440e986f7.php 第 5 行.
INFO: Run Behavior\ParseTemplateBehavior [ RunTime:0.017169s ]
INFO: [ view_parse ] --END-- [ RunTime:0.017442s ]
INFO: [ view_filter ] --START--
INFO: Run Behavior\WriteHtmlCacheBehavior [ RunTime:0.000581s ]
INFO: [ view_filter ] --END-- [ RunTime:0.000784s ]
INFO: [ app_end ] --START--
INFO: Run Behavior\ShowPageTraceBehavior [ RunTime:0.000802s ]
INFO: [ app_end ] --END-- [ RunTime:0.001003s ]

[ 2015-11-04T18:00:15+08:00 ] 124.207.227.146 /tour/Audit/audit?pid=9&aid=3
INFO: [ app_init ] --START--
INFO: Run Behavior\BuildLiteBehavior [ RunTime:0.000048s ]
INFO: [ app_init ] --END-- [ RunTime:0.000613s ]
INFO: [ app_begin ] --START--
INFO: Run Behavior\ReadHtmlCacheBehavior [ RunTime:0.000630s ]
INFO: [ app_begin ] --END-- [ RunTime:0.000836s ]
NOTIC: [8] Undefined index: db_host C:\wamp\www\tour\ThinkPHP\Library\Think\Db.class.php 第 66 行.
NOTIC: [8] Undefined index: db_name C:\wamp\www\tour\ThinkPHP\Library\Think\Db.class.php 第 68 行.
SQL: SHOW COLUMNS FROM `tbl_options` [ RunTime:0.0019s ]
SQL: SHOW COLUMNS FROM `tbl_auditoption` [ RunTime:0.0286s ]
SQL: SHOW COLUMNS FROM `tbl_project` [ RunTime:0.0019s ]
SQL: SELECT * FROM `tbl_project` WHERE `id` = 9 LIMIT 1   [ RunTime:0.0004s ]
SQL: SHOW COLUMNS FROM `tbl_auditoption` [ RunTime:0.0017s ]
SQL: SELECT a.*,p.value,p.isAudit,p.isConfirm FROM tbl_auditoption a LEFT JOIN tbl_project_auditoption p ON p.project=9 AND p.auditoption=a.id WHERE a.audit = 3  [ RunTime:0.0049s ]
SQL: SHOW COLUMNS FROM `tbl_project_student` [ RunTime:0.0015s ]
SQL: SELECT s.name,s.id FROM tbl_project_student p JOIN tbl_student s ON p.student = s.id  [ RunTime:0.0003s ]
SQL: SHOW COLUMNS FROM `tbl_student` [ RunTime:0.0016s ]
SQL: SELECT s.* FROM tbl_student s JOIN tbl_project_student p ON s.id=p.student WHERE p.project = 9 ORDER BY `name` asc  [ RunTime:0.0005s ]
INFO: [ view_parse ] --START--
INFO: [ template_filter ] --START--
INFO: Run Behavior\ContentReplaceBehavior [ RunTime:0.000134s ]
INFO: [ template_filter ] --END-- [ RunTime:0.000392s ]
NOTIC: [8] Undefined variable: siteInfo C:\wamp\www\tour\Application\Runtime\Cache\Home\c7f87bd2b16270383b79b287ba581034.php 第 5 行.
INFO: Run Behavior\ParseTemplateBehavior [ RunTime:0.025025s ]
INFO: [ view_parse ] --END-- [ RunTime:0.025229s ]
INFO: [ view_filter ] --START--
INFO: Run Behavior\WriteHtmlCacheBehavior [ RunTime:0.000479s ]
INFO: [ view_filter ] --END-- [ RunTime:0.000669s ]
INFO: [ app_end ] --START--
INFO: Run Behavior\ShowPageTraceBehavior [ RunTime:0.000726s ]
INFO: [ app_end ] --END-- [ RunTime:0.000923s ]

[ 2015-11-04T18:00:15+08:00 ] 124.207.227.146 /tour/Audit/audit?pid=9&aid=3
INFO: [ app_init ] --START--
INFO: Run Behavior\BuildLiteBehavior [ RunTime:0.000045s ]
INFO: [ app_init ] --END-- [ RunTime:0.000574s ]
INFO: [ app_begin ] --START--
INFO: Run Behavior\ReadHtmlCacheBehavior [ RunTime:0.000669s ]
INFO: [ app_begin ] --END-- [ RunTime:0.000874s ]
NOTIC: [8] Undefined index: db_host C:\wamp\www\tour\ThinkPHP\Library\Think\Db.class.php 第 66 行.
NOTIC: [8] Undefined index: db_name C:\wamp\www\tour\ThinkPHP\Library\Think\Db.class.php 第 68 行.
SQL: SHOW COLUMNS FROM `tbl_options` [ RunTime:0.0017s ]
SQL: SHOW COLUMNS FROM `tbl_auditoption` [ RunTime:0.0015s ]
SQL: SHOW COLUMNS FROM `tbl_project` [ RunTime:0.0017s ]
SQL: SELECT * FROM `tbl_project` WHERE `id` = 9 LIMIT 1   [ RunTime:0.0003s ]
SQL: SHOW COLUMNS FROM `tbl_auditoption` [ RunTime:0.0015s ]
SQL: SELECT a.*,p.value,p.isAudit,p.isConfirm FROM tbl_auditoption a LEFT JOIN tbl_project_auditoption p ON p.project=9 AND p.auditoption=a.id WHERE a.audit = 3  [ RunTime:0.0004s ]
SQL: SHOW COLUMNS FROM `tbl_project_student` [ RunTime:0.0014s ]
SQL: SELECT s.name,s.id FROM tbl_project_student p JOIN tbl_student s ON p.student = s.id  [ RunTime:0.0003s ]
SQL: SHOW COLUMNS FROM `tbl_student` [ RunTime:0.0015s ]
SQL: SELECT s.* FROM tbl_student s JOIN tbl_project_student p ON s.id=p.student WHERE p.project = 9 ORDER BY `name` asc  [ RunTime:0.0004s ]
INFO: [ view_parse ] --START--
INFO: [ template_filter ] --START--
INFO: Run Behavior\ContentReplaceBehavior [ RunTime:0.000131s ]
INFO: [ template_filter ] --END-- [ RunTime:0.000338s ]
NOTIC: [8] Undefined variable: siteInfo C:\wamp\www\tour\Application\Runtime\Cache\Home\c7f87bd2b16270383b79b287ba581034.php 第 5 行.
INFO: Run Behavior\ParseTemplateBehavior [ RunTime:0.021268s ]
INFO: [ view_parse ] --END-- [ RunTime:0.021527s ]
INFO: [ view_filter ] --START--
INFO: Run Behavior\WriteHtmlCacheBehavior [ RunTime:0.000433s ]
INFO: [ view_filter ] --END-- [ RunTime:0.000630s ]
INFO: [ app_end ] --START--
INFO: Run Behavior\ShowPageTraceBehavior [ RunTime:0.000699s ]
INFO: [ app_end ] --END-- [ RunTime:0.000900s ]

